#
# There is insufficient memory for the Java Runtime Environment to continue.
# Native memory allocation (mmap) failed to map 24117248 bytes for G1 virtual space
# Possible reasons:
#   The system is out of physical RAM or swap space
#   The process is running with CompressedOops enabled, and the Java Heap may be blocking the growth of the native heap
# Possible solutions:
#   Reduce memory load on the system
#   Increase physical memory or swap space
#   Check if swap backing store is full
#   Decrease Java heap size (-Xmx/-Xms)
#   Decrease number of Java threads
#   Decrease Java thread stack sizes (-Xss)
#   Set larger code cache with -XX:ReservedCodeCacheSize=
#   JVM is running with Unscaled Compressed Oops mode in which the Java heap is
#     placed in the first 4GB address space. The Java Heap base address is the
#     maximum limit for the native heap growth. Please use -XX:HeapBaseMinAddress
#     to set the Java Heap base and to place the Java Heap above 4GB virtual address.
# This output file may be truncated or incomplete.
#
#  Out of Memory Error (os_windows.cpp:3769), pid=14812, tid=5768
#
# JRE version: OpenJDK Runtime Environment (17.0.6) (build 17.0.6+0-b2043.56-10027231)
# Java VM: OpenJDK 64-Bit Server VM (17.0.6+0-b2043.56-10027231, mixed mode, tiered, compressed oops, compressed class ptrs, g1 gc, windows-amd64)
# No core dump will be written. Minidumps are not enabled by default on client versions of Windows
#

---------------  S U M M A R Y ------------

Command Line: --add-opens=java.base/java.util=ALL-UNNAMED --add-opens=java.base/java.lang=ALL-UNNAMED --add-opens=java.base/java.lang.invoke=ALL-UNNAMED --add-opens=java.prefs/java.util.prefs=ALL-UNNAMED --add-opens=java.base/java.nio.charset=ALL-UNNAMED --add-opens=java.base/java.net=ALL-UNNAMED --add-opens=java.base/java.util.concurrent.atomic=ALL-UNNAMED -Xmx2048m -Dfile.encoding=UTF-8 -Duser.country=ID -Duser.language=en -Duser.variant org.gradle.launcher.daemon.bootstrap.GradleDaemon 8.0

Host: 11th Gen Intel(R) Core(TM) i5-11300H @ 3.10GHz, 8 cores, 15G,  Windows 11 , 64 bit Build 22621 (10.0.22621.2215)
Time: Mon Oct 30 12:09:22 2023 SE Asia Standard Time elapsed time: 37.318412 seconds (0d 0h 0m 37s)

---------------  T H R E A D  ---------------

Current thread (0x0000028076434800):  VMThread "VM Thread" [stack: 0x000000e132b00000,0x000000e132c00000] [id=5768]

Stack: [0x000000e132b00000,0x000000e132c00000]
Native frames: (J=compiled Java code, j=interpreted, Vv=VM code, C=native code)
V  [jvm.dll+0x683c9a]
V  [jvm.dll+0x8427a4]
V  [jvm.dll+0x843f9e]
V  [jvm.dll+0x844603]
V  [jvm.dll+0x249b75]
V  [jvm.dll+0x680b69]
V  [jvm.dll+0x67505a]
V  [jvm.dll+0x309acb]
V  [jvm.dll+0x310f86]
V  [jvm.dll+0x3608ee]
V  [jvm.dll+0x360b1f]
V  [jvm.dll+0x2dfbf8]
V  [jvm.dll+0x2e2ce6]
V  [jvm.dll+0x2ed478]
V  [jvm.dll+0x322150]
V  [jvm.dll+0x848ccb]
V  [jvm.dll+0x849a04]
V  [jvm.dll+0x849f1d]
V  [jvm.dll+0x84a2f4]
V  [jvm.dll+0x84a3c0]
V  [jvm.dll+0x7f274a]
V  [jvm.dll+0x682ad5]
C  [ucrtbase.dll+0x29363]
C  [KERNEL32.DLL+0x1257d]
C  [ntdll.dll+0x5aa68]

VM_Operation (0x000000e1327ff580): G1Concurrent, mode: safepoint, requested by thread 0x000002805bbc88b0


---------------  P R O C E S S  ---------------

Threads class SMR info:
_java_thread_list=0x000002807e05c800, length=155, elements={
0x00000280599bdff0, 0x00000280764362b0, 0x0000028076436d70, 0x00000280764813b0,
0x0000028076481f60, 0x0000028076484a20, 0x00000280764873e0, 0x0000028076488170,
0x0000028076490c20, 0x0000028076491610, 0x0000028076605b90, 0x0000028076606060,
0x0000028079d71730, 0x0000028078c1ebc0, 0x0000028078c6c150, 0x000002807741a100,
0x0000028078df22c0, 0x0000028078c15050, 0x00000280788ff3b0, 0x00000280797b4200,
0x00000280797b3d30, 0x00000280797b46d0, 0x00000280797b3390, 0x00000280797b3860,
0x00000280797b11e0, 0x00000280797b16b0, 0x00000280797b29f0, 0x00000280797b1b80,
0x00000280797b2050, 0x00000280797b2ec0, 0x000002807a1c1c70, 0x000002807a1c3950,
0x000002807a1c17a0, 0x000002807a1c2ae0, 0x000002807a1c3e20, 0x000002807a1c2610,
0x000002807a1c47c0, 0x0000028079cf2110, 0x0000028079cf4790, 0x0000028079cf25e0,
0x0000028079cee750, 0x0000028079cf0dd0, 0x0000028079cef5c0, 0x0000028079cf2ab0,
0x0000028079ceff60, 0x0000028079cf5600, 0x0000028079cf0430, 0x0000028079cf3450,
0x0000028079cefa90, 0x0000028079cf0900, 0x0000028079cf5ad0, 0x0000028079cf3920,
0x0000028079cf3df0, 0x0000028079cf42c0, 0x0000028079cf12a0, 0x0000028079cf4c60,
0x0000028079cf5fa0, 0x0000028079cf5130, 0x0000028079cf1770, 0x0000028079cf1c40,
0x0000028000556ba0, 0x0000028000558880, 0x00000280005566d0, 0x000002800055a560,
0x000002800055bd70, 0x0000028000557070, 0x000002800055da50, 0x0000028000556200,
0x00000280005583b0, 0x000002800055a090, 0x0000028000557540, 0x00000280005596f0,
0x000002800055aa30, 0x000002800055c240, 0x000002800055cbe0, 0x000002800055af00,
0x000002800055b8a0, 0x000002800055d0b0, 0x0000028000557a10, 0x000002800055d580,
0x0000028000557ee0, 0x0000028000558d50, 0x0000028000559bc0, 0x000002800055b3d0,
0x0000028000559220, 0x000002800055c710, 0x000002807db7cd60, 0x000002807db7d230,
0x000002807db78ed0, 0x000002807db7ea40, 0x000002807db7ef10, 0x000002807db7a6e0,
0x000002807db79d40, 0x000002807db7e570, 0x000002807db7abb0, 0x000002807db7dbd0,
0x000002807db7f3e0, 0x000002807db7ba20, 0x000002807db7e0a0, 0x000002807db793a0,
0x000002807db7bef0, 0x000002807db7f8b0, 0x000002807db78060, 0x000002807db79870,
0x000002807db7c3c0, 0x000002807db78530, 0x000002807db78a00, 0x000002807db7a210,
0x000002807db7b080, 0x000002807db7c890, 0x000002807db7b550, 0x000002807db7d700,
0x000002807cc4c450, 0x000002807cc4b5e0, 0x000002807cc4efa0, 0x000002807cc48f60,
0x000002807cc485c0, 0x000002807cc48a90, 0x000002807cc4b110, 0x000002807cc49430,
0x000002807cc480f0, 0x000002807cc4cdf0, 0x000002807cc4c920, 0x000002807cc4e600,
0x000002807cc49900, 0x000002807cc49dd0, 0x00000280013919e0, 0x0000028001392850,
0x0000028001392d20, 0x00000280013931f0, 0x0000028001394530, 0x0000028001393b90,
0x0000028001391eb0, 0x0000028001397a20, 0x0000028001391040, 0x0000028001398890,
0x0000028001391510, 0x0000028001392380, 0x0000028001397080, 0x0000028001396bb0,
0x0000028001397550, 0x000002807cc4ead0, 0x0000028000cfb9e0, 0x0000028077ab4e10,
0x0000028077ab9640, 0x0000028077aba980, 0x0000028077aba4b0, 0x0000028077ab3fa0,
0x0000028077ab3130, 0x0000028077ab6af0, 0x0000028000cfaab0, 0x0000028077ab7960,
0x0000028001547a40, 0x0000028077ab7e30, 0x0000028000848eb0
}

Java Threads: ( => current thread )
  0x00000280599bdff0 JavaThread "main" [_thread_blocked, id=2452, stack(0x000000e132500000,0x000000e132600000)]
  0x00000280764362b0 JavaThread "Reference Handler" daemon [_thread_blocked, id=13884, stack(0x000000e132c00000,0x000000e132d00000)]
  0x0000028076436d70 JavaThread "Finalizer" daemon [_thread_blocked, id=7856, stack(0x000000e132d00000,0x000000e132e00000)]
  0x00000280764813b0 JavaThread "Signal Dispatcher" daemon [_thread_blocked, id=10828, stack(0x000000e132e00000,0x000000e132f00000)]
  0x0000028076481f60 JavaThread "Attach Listener" daemon [_thread_blocked, id=3664, stack(0x000000e132f00000,0x000000e133000000)]
  0x0000028076484a20 JavaThread "Service Thread" daemon [_thread_blocked, id=13896, stack(0x000000e133000000,0x000000e133100000)]
  0x00000280764873e0 JavaThread "Monitor Deflation Thread" daemon [_thread_blocked, id=5232, stack(0x000000e133100000,0x000000e133200000)]
  0x0000028076488170 JavaThread "C2 CompilerThread0" daemon [_thread_blocked, id=7532, stack(0x000000e133200000,0x000000e133300000)]
  0x0000028076490c20 JavaThread "C1 CompilerThread0" daemon [_thread_blocked, id=11384, stack(0x000000e133300000,0x000000e133400000)]
  0x0000028076491610 JavaThread "Sweeper thread" daemon [_thread_blocked, id=10832, stack(0x000000e133400000,0x000000e133500000)]
  0x0000028076605b90 JavaThread "Common-Cleaner" daemon [_thread_blocked, id=2012, stack(0x000000e133500000,0x000000e133600000)]
  0x0000028076606060 JavaThread "Notification Thread" daemon [_thread_blocked, id=12896, stack(0x000000e133600000,0x000000e133700000)]
  0x0000028079d71730 JavaThread "Daemon health stats" [_thread_blocked, id=7092, stack(0x000000e133e00000,0x000000e133f00000)]
  0x0000028078c1ebc0 JavaThread "Incoming local TCP Connector on port 54834" [_thread_in_native, id=7072, stack(0x000000e133f00000,0x000000e134000000)]
  0x0000028078c6c150 JavaThread "Daemon periodic checks" [_thread_blocked, id=13060, stack(0x000000e134000000,0x000000e134100000)]
  0x000002807741a100 JavaThread "Daemon" [_thread_blocked, id=12076, stack(0x000000e134100000,0x000000e134200000)]
  0x0000028078df22c0 JavaThread "Handler for socket connection from /127.0.0.1:54834 to /127.0.0.1:54835" [_thread_in_native, id=11696, stack(0x000000e134200000,0x000000e134300000)]
  0x0000028078c15050 JavaThread "Cancel handler" [_thread_blocked, id=8320, stack(0x000000e134300000,0x000000e134400000)]
  0x00000280788ff3b0 JavaThread "Daemon worker" [_thread_blocked, id=3252, stack(0x000000e134400000,0x000000e134500000)]
  0x00000280797b4200 JavaThread "Asynchronous log dispatcher for DefaultDaemonConnection: socket connection from /127.0.0.1:54834 to /127.0.0.1:54835" [_thread_blocked, id=9556, stack(0x000000e134500000,0x000000e134600000)]
  0x00000280797b3d30 JavaThread "Stdin handler" [_thread_blocked, id=2272, stack(0x000000e134600000,0x000000e134700000)]
  0x00000280797b46d0 JavaThread "Daemon client event forwarder" [_thread_blocked, id=1956, stack(0x000000e134700000,0x000000e134800000)]
  0x00000280797b3390 JavaThread "Cache worker for journal cache (C:\Users\acer\.gradle\caches\journal-1)" [_thread_blocked, id=2028, stack(0x000000e134a00000,0x000000e134b00000)]
  0x00000280797b3860 JavaThread "File lock request listener" [_thread_in_native, id=10860, stack(0x000000e134b00000,0x000000e134c00000)]
  0x00000280797b11e0 JavaThread "Cache worker for file hash cache (C:\Users\acer\.gradle\caches\8.0\fileHashes)" [_thread_blocked, id=9896, stack(0x000000e134d00000,0x000000e134e00000)]
  0x00000280797b16b0 JavaThread "File watcher server" daemon [_thread_blocked, id=7160, stack(0x000000e134c00000,0x000000e134d00000)]
  0x00000280797b29f0 JavaThread "File watcher consumer" daemon [_thread_blocked, id=6324, stack(0x000000e134e00000,0x000000e134f00000)]
  0x00000280797b1b80 JavaThread "Cache worker for checksums cache (C:\Users\acer\AndroidStudioProjects\MovieApp\.gradle\8.0\checksums)" [_thread_blocked, id=16184, stack(0x000000e134f00000,0x000000e135000000)]
  0x00000280797b2050 JavaThread "Cache worker for cache directory md-rule (C:\Users\acer\.gradle\caches\8.0\md-rule)" [_thread_blocked, id=7280, stack(0x000000e135000000,0x000000e135100000)]
  0x00000280797b2ec0 JavaThread "Cache worker for file content cache (C:\Users\acer\.gradle\caches\8.0\fileContent)" [_thread_blocked, id=11752, stack(0x000000e135100000,0x000000e135200000)]
  0x000002807a1c1c70 JavaThread "Cache worker for file hash cache (C:\Users\acer\AndroidStudioProjects\MovieApp\.gradle\8.0\fileHashes)" [_thread_blocked, id=6656, stack(0x000000e135300000,0x000000e135400000)]
  0x000002807a1c3950 JavaThread "Cache worker for cache directory md-supplier (C:\Users\acer\.gradle\caches\8.0\md-supplier)" [_thread_blocked, id=15792, stack(0x000000e135400000,0x000000e135500000)]
  0x000002807a1c17a0 JavaThread "Cache worker for execution history cache (C:\Users\acer\.gradle\caches\8.0\executionHistory)" [_thread_blocked, id=7624, stack(0x000000e135500000,0x000000e135600000)]
  0x000002807a1c2ae0 JavaThread "jar transforms" [_thread_blocked, id=7752, stack(0x000000e135200000,0x000000e135300000)]
  0x000002807a1c3e20 JavaThread "jar transforms Thread 2" [_thread_blocked, id=10056, stack(0x000000e135700000,0x000000e135800000)]
  0x000002807a1c2610 JavaThread "Cache worker for kotlin-dsl (C:\Users\acer\.gradle\caches\8.0\kotlin-dsl)" [_thread_blocked, id=7372, stack(0x000000e135900000,0x000000e135a00000)]
  0x000002807a1c47c0 JavaThread "jar transforms Thread 3" [_thread_blocked, id=1984, stack(0x000000e135a00000,0x000000e135b00000)]
  0x0000028079cf2110 JavaThread "jar transforms Thread 4" [_thread_blocked, id=2312, stack(0x000000e135b00000,0x000000e135c00000)]
  0x0000028079cf4790 JavaThread "Cache worker for dependencies-accessors (C:\Users\acer\AndroidStudioProjects\MovieApp\.gradle\8.0\dependencies-accessors)" [_thread_blocked, id=1988, stack(0x000000e135c00000,0x000000e135d00000)]
  0x0000028079cf25e0 JavaThread "Cache worker for Build Output Cleanup Cache (C:\Users\acer\AndroidStudioProjects\MovieApp\.gradle\buildOutputCleanup)" [_thread_blocked, id=6572, stack(0x000000e135d00000,0x000000e135e00000)]
  0x0000028079cee750 JavaThread "jar transforms Thread 5" [_thread_blocked, id=1592, stack(0x000000e135e00000,0x000000e135f00000)]
  0x0000028079cf0dd0 JavaThread "Unconstrained build operations" [_thread_blocked, id=10204, stack(0x000000e135f00000,0x000000e136000000)]
  0x0000028079cef5c0 JavaThread "Unconstrained build operations Thread 2" [_thread_blocked, id=15632, stack(0x000000e136000000,0x000000e136100000)]
  0x0000028079cf2ab0 JavaThread "Unconstrained build operations Thread 3" [_thread_blocked, id=5296, stack(0x000000e136100000,0x000000e136200000)]
  0x0000028079ceff60 JavaThread "Unconstrained build operations Thread 4" [_thread_blocked, id=13972, stack(0x000000e136200000,0x000000e136300000)]
  0x0000028079cf5600 JavaThread "Unconstrained build operations Thread 5" [_thread_blocked, id=12228, stack(0x000000e136300000,0x000000e136400000)]
  0x0000028079cf0430 JavaThread "Unconstrained build operations Thread 6" [_thread_blocked, id=11584, stack(0x000000e136400000,0x000000e136500000)]
  0x0000028079cf3450 JavaThread "Unconstrained build operations Thread 7" [_thread_blocked, id=15212, stack(0x000000e136500000,0x000000e136600000)]
  0x0000028079cefa90 JavaThread "Unconstrained build operations Thread 8" [_thread_blocked, id=6228, stack(0x000000e136600000,0x000000e136700000)]
  0x0000028079cf0900 JavaThread "Unconstrained build operations Thread 9" [_thread_blocked, id=10736, stack(0x000000e136700000,0x000000e136800000)]
  0x0000028079cf5ad0 JavaThread "Unconstrained build operations Thread 10" [_thread_blocked, id=11624, stack(0x000000e136800000,0x000000e136900000)]
  0x0000028079cf3920 JavaThread "Unconstrained build operations Thread 11" [_thread_blocked, id=13280, stack(0x000000e136900000,0x000000e136a00000)]
  0x0000028079cf3df0 JavaThread "Unconstrained build operations Thread 12" [_thread_blocked, id=2380, stack(0x000000e136a00000,0x000000e136b00000)]
  0x0000028079cf42c0 JavaThread "Unconstrained build operations Thread 13" [_thread_blocked, id=15564, stack(0x000000e136b00000,0x000000e136c00000)]
  0x0000028079cf12a0 JavaThread "Unconstrained build operations Thread 14" [_thread_blocked, id=7028, stack(0x000000e136c00000,0x000000e136d00000)]
  0x0000028079cf4c60 JavaThread "Unconstrained build operations Thread 15" [_thread_blocked, id=11140, stack(0x000000e136d00000,0x000000e136e00000)]
  0x0000028079cf5fa0 JavaThread "Unconstrained build operations Thread 16" [_thread_blocked, id=5540, stack(0x000000e136e00000,0x000000e136f00000)]
  0x0000028079cf5130 JavaThread "Unconstrained build operations Thread 17" [_thread_blocked, id=5060, stack(0x000000e136f00000,0x000000e137000000)]
  0x0000028079cf1770 JavaThread "Unconstrained build operations Thread 18" [_thread_blocked, id=3156, stack(0x000000e137000000,0x000000e137100000)]
  0x0000028079cf1c40 JavaThread "Unconstrained build operations Thread 19" [_thread_blocked, id=12104, stack(0x000000e137100000,0x000000e137200000)]
  0x0000028000556ba0 JavaThread "Unconstrained build operations Thread 20" [_thread_blocked, id=10236, stack(0x000000e137200000,0x000000e137300000)]
  0x0000028000558880 JavaThread "Unconstrained build operations Thread 21" [_thread_blocked, id=340, stack(0x000000e137300000,0x000000e137400000)]
  0x00000280005566d0 JavaThread "Unconstrained build operations Thread 22" [_thread_blocked, id=7536, stack(0x000000e137400000,0x000000e137500000)]
  0x000002800055a560 JavaThread "Unconstrained build operations Thread 23" [_thread_blocked, id=13924, stack(0x000000e137500000,0x000000e137600000)]
  0x000002800055bd70 JavaThread "Unconstrained build operations Thread 24" [_thread_blocked, id=12284, stack(0x000000e137600000,0x000000e137700000)]
  0x0000028000557070 JavaThread "Unconstrained build operations Thread 25" [_thread_blocked, id=8420, stack(0x000000e137700000,0x000000e137800000)]
  0x000002800055da50 JavaThread "Unconstrained build operations Thread 26" [_thread_blocked, id=4628, stack(0x000000e137800000,0x000000e137900000)]
  0x0000028000556200 JavaThread "Unconstrained build operations Thread 27" [_thread_blocked, id=3820, stack(0x000000e137900000,0x000000e137a00000)]
  0x00000280005583b0 JavaThread "Unconstrained build operations Thread 28" [_thread_blocked, id=4088, stack(0x000000e137a00000,0x000000e137b00000)]
  0x000002800055a090 JavaThread "Unconstrained build operations Thread 29" [_thread_blocked, id=14756, stack(0x000000e137b00000,0x000000e137c00000)]
  0x0000028000557540 JavaThread "Unconstrained build operations Thread 30" [_thread_blocked, id=6932, stack(0x000000e137c00000,0x000000e137d00000)]
  0x00000280005596f0 JavaThread "Unconstrained build operations Thread 31" [_thread_blocked, id=14452, stack(0x000000e137d00000,0x000000e137e00000)]
  0x000002800055aa30 JavaThread "Unconstrained build operations Thread 32" [_thread_blocked, id=14320, stack(0x000000e137e00000,0x000000e137f00000)]
  0x000002800055c240 JavaThread "Unconstrained build operations Thread 33" [_thread_blocked, id=10584, stack(0x000000e137f00000,0x000000e138000000)]
  0x000002800055cbe0 JavaThread "Unconstrained build operations Thread 34" [_thread_blocked, id=15288, stack(0x000000e138000000,0x000000e138100000)]
  0x000002800055af00 JavaThread "Unconstrained build operations Thread 35" [_thread_blocked, id=7604, stack(0x000000e138100000,0x000000e138200000)]
  0x000002800055b8a0 JavaThread "Unconstrained build operations Thread 36" [_thread_blocked, id=12864, stack(0x000000e138200000,0x000000e138300000)]
  0x000002800055d0b0 JavaThread "Unconstrained build operations Thread 37" [_thread_blocked, id=13992, stack(0x000000e138300000,0x000000e138400000)]
  0x0000028000557a10 JavaThread "Unconstrained build operations Thread 38" [_thread_blocked, id=11100, stack(0x000000e138400000,0x000000e138500000)]
  0x000002800055d580 JavaThread "Unconstrained build operations Thread 39" [_thread_blocked, id=14352, stack(0x000000e138500000,0x000000e138600000)]
  0x0000028000557ee0 JavaThread "Unconstrained build operations Thread 40" [_thread_blocked, id=9788, stack(0x000000e138600000,0x000000e138700000)]
  0x0000028000558d50 JavaThread "Unconstrained build operations Thread 41" [_thread_blocked, id=15536, stack(0x000000e138700000,0x000000e138800000)]
  0x0000028000559bc0 JavaThread "Unconstrained build operations Thread 42" [_thread_blocked, id=11056, stack(0x000000e138800000,0x000000e138900000)]
  0x000002800055b3d0 JavaThread "Unconstrained build operations Thread 43" [_thread_blocked, id=2544, stack(0x000000e138900000,0x000000e138a00000)]
  0x0000028000559220 JavaThread "Unconstrained build operations Thread 44" [_thread_blocked, id=15116, stack(0x000000e138a00000,0x000000e138b00000)]
  0x000002800055c710 JavaThread "Unconstrained build operations Thread 45" [_thread_blocked, id=7496, stack(0x000000e138b00000,0x000000e138c00000)]
  0x000002807db7cd60 JavaThread "Unconstrained build operations Thread 46" [_thread_blocked, id=6708, stack(0x000000e138c00000,0x000000e138d00000)]
  0x000002807db7d230 JavaThread "Unconstrained build operations Thread 47" [_thread_blocked, id=10060, stack(0x000000e138d00000,0x000000e138e00000)]
  0x000002807db78ed0 JavaThread "Unconstrained build operations Thread 48" [_thread_blocked, id=6900, stack(0x000000e138e00000,0x000000e138f00000)]
  0x000002807db7ea40 JavaThread "Unconstrained build operations Thread 49" [_thread_blocked, id=14524, stack(0x000000e138f00000,0x000000e139000000)]
  0x000002807db7ef10 JavaThread "Unconstrained build operations Thread 50" [_thread_blocked, id=15728, stack(0x000000e139000000,0x000000e139100000)]
  0x000002807db7a6e0 JavaThread "Unconstrained build operations Thread 51" [_thread_blocked, id=5592, stack(0x000000e139100000,0x000000e139200000)]
  0x000002807db79d40 JavaThread "Unconstrained build operations Thread 52" [_thread_blocked, id=16280, stack(0x000000e139200000,0x000000e139300000)]
  0x000002807db7e570 JavaThread "Unconstrained build operations Thread 53" [_thread_blocked, id=16132, stack(0x000000e139300000,0x000000e139400000)]
  0x000002807db7abb0 JavaThread "Unconstrained build operations Thread 54" [_thread_blocked, id=13264, stack(0x000000e139400000,0x000000e139500000)]
  0x000002807db7dbd0 JavaThread "Unconstrained build operations Thread 55" [_thread_blocked, id=14544, stack(0x000000e139500000,0x000000e139600000)]
  0x000002807db7f3e0 JavaThread "Unconstrained build operations Thread 56" [_thread_blocked, id=12540, stack(0x000000e139600000,0x000000e139700000)]
  0x000002807db7ba20 JavaThread "Unconstrained build operations Thread 57" [_thread_blocked, id=15240, stack(0x000000e139700000,0x000000e139800000)]
  0x000002807db7e0a0 JavaThread "Unconstrained build operations Thread 58" [_thread_blocked, id=9352, stack(0x000000e139800000,0x000000e139900000)]
  0x000002807db793a0 JavaThread "Unconstrained build operations Thread 59" [_thread_blocked, id=14024, stack(0x000000e139900000,0x000000e139a00000)]
  0x000002807db7bef0 JavaThread "Unconstrained build operations Thread 60" [_thread_blocked, id=10784, stack(0x000000e139a00000,0x000000e139b00000)]
  0x000002807db7f8b0 JavaThread "Unconstrained build operations Thread 61" [_thread_blocked, id=4752, stack(0x000000e139b00000,0x000000e139c00000)]
  0x000002807db78060 JavaThread "Unconstrained build operations Thread 62" [_thread_blocked, id=14100, stack(0x000000e139c00000,0x000000e139d00000)]
  0x000002807db79870 JavaThread "Unconstrained build operations Thread 63" [_thread_blocked, id=14332, stack(0x000000e139d00000,0x000000e139e00000)]
  0x000002807db7c3c0 JavaThread "Unconstrained build operations Thread 64" [_thread_blocked, id=7644, stack(0x000000e139e00000,0x000000e139f00000)]
  0x000002807db78530 JavaThread "Unconstrained build operations Thread 65" [_thread_blocked, id=15404, stack(0x000000e139f00000,0x000000e13a000000)]
  0x000002807db78a00 JavaThread "Unconstrained build operations Thread 66" [_thread_blocked, id=1392, stack(0x000000e13a000000,0x000000e13a100000)]
  0x000002807db7a210 JavaThread "Unconstrained build operations Thread 67" [_thread_blocked, id=8324, stack(0x000000e13a100000,0x000000e13a200000)]
  0x000002807db7b080 JavaThread "Unconstrained build operations Thread 68" [_thread_blocked, id=2292, stack(0x000000e13a200000,0x000000e13a300000)]
  0x000002807db7c890 JavaThread "Unconstrained build operations Thread 69" [_thread_blocked, id=2860, stack(0x000000e13a300000,0x000000e13a400000)]
  0x000002807db7b550 JavaThread "Unconstrained build operations Thread 70" [_thread_blocked, id=2044, stack(0x000000e13a400000,0x000000e13a500000)]
  0x000002807db7d700 JavaThread "Unconstrained build operations Thread 71" [_thread_blocked, id=14592, stack(0x000000e13a500000,0x000000e13a600000)]
  0x000002807cc4c450 JavaThread "Unconstrained build operations Thread 72" [_thread_blocked, id=4308, stack(0x000000e13a600000,0x000000e13a700000)]
  0x000002807cc4b5e0 JavaThread "Unconstrained build operations Thread 73" [_thread_blocked, id=13752, stack(0x000000e13a700000,0x000000e13a800000)]
  0x000002807cc4efa0 JavaThread "Unconstrained build operations Thread 74" [_thread_blocked, id=12768, stack(0x000000e13a800000,0x000000e13a900000)]
  0x000002807cc48f60 JavaThread "Unconstrained build operations Thread 75" [_thread_blocked, id=15948, stack(0x000000e13a900000,0x000000e13aa00000)]
  0x000002807cc485c0 JavaThread "Unconstrained build operations Thread 76" [_thread_blocked, id=4292, stack(0x000000e13aa00000,0x000000e13ab00000)]
  0x000002807cc48a90 JavaThread "Unconstrained build operations Thread 77" [_thread_blocked, id=15740, stack(0x000000e13ab00000,0x000000e13ac00000)]
  0x000002807cc4b110 JavaThread "Unconstrained build operations Thread 78" [_thread_blocked, id=15936, stack(0x000000e13ac00000,0x000000e13ad00000)]
  0x000002807cc49430 JavaThread "Unconstrained build operations Thread 79" [_thread_blocked, id=15608, stack(0x000000e13ad00000,0x000000e13ae00000)]
  0x000002807cc480f0 JavaThread "Unconstrained build operations Thread 80" [_thread_blocked, id=10812, stack(0x000000e13ae00000,0x000000e13af00000)]
  0x000002807cc4cdf0 JavaThread "jar transforms Thread 6" [_thread_blocked, id=4804, stack(0x000000e13af00000,0x000000e13b000000)]
  0x000002807cc4c920 JavaThread "jar transforms Thread 7" [_thread_blocked, id=11904, stack(0x000000e13b000000,0x000000e13b100000)]
  0x000002807cc4e600 JavaThread "jar transforms Thread 8" [_thread_blocked, id=9936, stack(0x000000e13b100000,0x000000e13b200000)]
  0x000002807cc49900 JavaThread "build event listener" [_thread_blocked, id=14496, stack(0x000000e13b200000,0x000000e13b300000)]
  0x000002807cc49dd0 JavaThread "Memory manager" [_thread_blocked, id=7192, stack(0x000000e13b300000,0x000000e13b400000)]
  0x00000280013919e0 JavaThread "included builds" [_thread_blocked, id=6128, stack(0x000000e13b500000,0x000000e13b600000)]
  0x0000028001392850 JavaThread "Execution worker" [_thread_blocked, id=13712, stack(0x000000e13b600000,0x000000e13b700000)]
  0x0000028001392d20 JavaThread "Execution worker Thread 2" [_thread_blocked, id=1224, stack(0x000000e13b700000,0x000000e13b800000)]
  0x00000280013931f0 JavaThread "Execution worker Thread 3" [_thread_blocked, id=14316, stack(0x000000e13b800000,0x000000e13b900000)]
  0x0000028001394530 JavaThread "Execution worker Thread 4" [_thread_blocked, id=15464, stack(0x000000e13b900000,0x000000e13ba00000)]
  0x0000028001393b90 JavaThread "Execution worker Thread 5" [_thread_blocked, id=15260, stack(0x000000e13ba00000,0x000000e13bb00000)]
  0x0000028001391eb0 JavaThread "Execution worker Thread 6" [_thread_blocked, id=5380, stack(0x000000e13bb00000,0x000000e13bc00000)]
  0x0000028001397a20 JavaThread "Execution worker Thread 7" [_thread_blocked, id=12640, stack(0x000000e13bc00000,0x000000e13bd00000)]
  0x0000028001391040 JavaThread "Cache worker for execution history cache (C:\Users\acer\AndroidStudioProjects\MovieApp\.gradle\8.0\executionHistory)" [_thread_blocked, id=7328, stack(0x000000e13bd00000,0x000000e13be00000)]
  0x0000028001398890 JavaThread "WorkerExecutor Queue" [_thread_blocked, id=10696, stack(0x000000e13b400000,0x000000e13b500000)]
  0x0000028001391510 JavaThread "RMI Scheduler(0)" daemon [_thread_blocked, id=13444, stack(0x000000e135600000,0x000000e135700000)]
  0x0000028001392380 JavaThread "RMI RenewClean-[127.0.0.1:17824,org.jetbrains.kotlin.daemon.common.LoopbackNetworkInterface$ClientLoopbackSocketFactory@5654dc00]" daemon [_thread_blocked, id=16336, stack(0x000000e13be00000,0x000000e13bf00000)]
  0x0000028001397080 JavaThread "RMI GC Daemon" daemon [_thread_blocked, id=10116, stack(0x000000e13bf00000,0x000000e13c000000)]
  0x0000028001396bb0 JavaThread "RMI TCP Accept-0" daemon [_thread_in_native, id=14272, stack(0x000000e13c000000,0x000000e13c100000)]
  0x0000028001397550 JavaThread "RMI Reaper" [_thread_blocked, id=1156, stack(0x000000e13c100000,0x000000e13c200000)]
  0x000002807cc4ead0 JavaThread "RMI TCP Connection(1)-127.0.0.1" daemon [_thread_in_native, id=5408, stack(0x000000e13c300000,0x000000e13c400000)]
  0x0000028000cfb9e0 JavaThread "C2 CompilerThread1" daemon [_thread_in_native, id=15580, stack(0x000000e13c500000,0x000000e13c600000)]
  0x0000028077ab4e10 JavaThread "WorkerExecutor Queue Thread 2" [_thread_blocked, id=7020, stack(0x000000e13c700000,0x000000e13c800000)]
  0x0000028077ab9640 JavaThread "WorkerExecutor Queue Thread 3" [_thread_blocked, id=6372, stack(0x000000e13c800000,0x000000e13c900000)]
  0x0000028077aba980 JavaThread "WorkerExecutor Queue Thread 4" [_thread_blocked, id=5688, stack(0x000000e13c900000,0x000000e13ca00000)]
  0x0000028077aba4b0 JavaThread "WorkerExecutor Queue Thread 5" [_thread_blocked, id=11232, stack(0x000000e13ca00000,0x000000e13cb00000)]
  0x0000028077ab3fa0 JavaThread "WorkerExecutor Queue Thread 6" [_thread_blocked, id=9552, stack(0x000000e13cb00000,0x000000e13cc00000)]
  0x0000028077ab3130 JavaThread "WorkerExecutor Queue Thread 7" [_thread_blocked, id=8676, stack(0x000000e13cc00000,0x000000e13cd00000)]
  0x0000028077ab6af0 JavaThread "WorkerExecutor Queue Thread 8" [_thread_blocked, id=15736, stack(0x000000e13cd00000,0x000000e13ce00000)]
  0x0000028000cfaab0 JavaThread "C2 CompilerThread2" daemon [_thread_blocked, id=14856, stack(0x000000e13c600000,0x000000e13c700000)]
  0x0000028077ab7960 JavaThread "WorkerExecutor Queue Thread 10" [_thread_blocked, id=4420, stack(0x000000e13ce00000,0x000000e13cf00000)]
  0x0000028001547a40 JavaThread "ForkJoinPool.commonPool-worker-1" daemon [_thread_blocked, id=11660, stack(0x000000e13cf00000,0x000000e13d000000)]
  0x0000028077ab7e30 JavaThread "ForkJoinPool.commonPool-worker-2" daemon [_thread_blocked, id=16296, stack(0x000000e13d000000,0x000000e13d100000)]
  0x0000028000848eb0 JavaThread "ForkJoinPool.commonPool-worker-3" daemon [_thread_blocked, id=6344, stack(0x000000e13d100000,0x000000e13d200000)]

Other Threads:
=>0x0000028076434800 VMThread "VM Thread" [stack: 0x000000e132b00000,0x000000e132c00000] [id=5768]
  0x000002805bbd3320 WatcherThread [stack: 0x000000e133700000,0x000000e133800000] [id=16356]
  0x000002805bbb7970 GCTaskThread "GC Thread#0" [stack: 0x000000e132600000,0x000000e132700000] [id=15048]
  0x000002807750c150 GCTaskThread "GC Thread#1" [stack: 0x000000e133900000,0x000000e133a00000] [id=11736]
  0x0000028077428460 GCTaskThread "GC Thread#2" [stack: 0x000000e133a00000,0x000000e133b00000] [id=13976]
  0x00000280772645c0 GCTaskThread "GC Thread#3" [stack: 0x000000e133b00000,0x000000e133c00000] [id=3612]
  0x0000028077264870 GCTaskThread "GC Thread#4" [stack: 0x000000e133c00000,0x000000e133d00000] [id=10036]
  0x00000280770fc2d0 GCTaskThread "GC Thread#5" [stack: 0x000000e133d00000,0x000000e133e00000] [id=3172]
  0x0000028077df8040 GCTaskThread "GC Thread#6" [stack: 0x000000e133800000,0x000000e133900000] [id=10112]
  0x000002807959bcf0 GCTaskThread "GC Thread#7" [stack: 0x000000e134800000,0x000000e134900000] [id=16100]
  0x000002805bbc88b0 ConcurrentGCThread "G1 Main Marker" [stack: 0x000000e132700000,0x000000e132800000] [id=14188]
  0x000002805bbc92c0 ConcurrentGCThread "G1 Conc#0" [stack: 0x000000e132800000,0x000000e132900000] [id=10324]
  0x0000028077c91850 ConcurrentGCThread "G1 Conc#1" [stack: 0x000000e134900000,0x000000e134a00000] [id=5392]
  0x000002805bc1ec80 ConcurrentGCThread "G1 Refine#0" [stack: 0x000000e132900000,0x000000e132a00000] [id=9008]
  0x000002807dc0ca60 ConcurrentGCThread "G1 Refine#1" [stack: 0x000000e135800000,0x000000e135900000] [id=16032]
  0x000002807586a8f0 ConcurrentGCThread "G1 Service" [stack: 0x000000e132a00000,0x000000e132b00000] [id=14940]

Threads with active compile tasks:
C2 CompilerThread1    37347 16095   !   4       java.net.URL::<init> (543 bytes)

VM state: at safepoint (normal execution)

VM Mutex/Monitor currently owned by a thread:  ([mutex/lock_event])
[0x00000280599bb580] Threads_lock - owner thread: 0x0000028076434800
[0x00000280599ba140] Heap_lock - owner thread: 0x000002805bbc88b0

Heap address: 0x0000000080000000, size: 2048 MB, Compressed Oops mode: 32-bit

CDS archive(s) not mapped
Compressed class space mapped at: 0x0000000100000000-0x0000000140000000, reserved size: 1073741824
Narrow klass base: 0x0000000000000000, Narrow klass shift: 3, Narrow klass range: 0x140000000

GC Precious Log:
 CPUs: 8 total, 8 available
 Memory: 16179M
 Large Page Support: Disabled
 NUMA Support: Disabled
 Compressed Oops: Enabled (32-bit)
 Heap Region Size: 1M
 Heap Min Capacity: 8M
 Heap Initial Capacity: 254M
 Heap Max Capacity: 2G
 Pre-touch: Disabled
 Parallel Workers: 8
 Concurrent Workers: 2
 Concurrent Refinement Workers: 8
 Periodic GC: Disabled

Heap:
 garbage-first heap   total 194560K, used 131650K [0x0000000080000000, 0x0000000100000000)
  region size 1024K, 5 young (5120K), 4 survivors (4096K)
 Metaspace       used 121729K, committed 122624K, reserved 1155072K
  class space    used 16992K, committed 17408K, reserved 1048576K

Heap Regions: E=young(eden), S=young(survivor), O=old, HS=humongous(starts), HC=humongous(continues), CS=collection set, F=free, OA=open archive, CA=closed archive, TAMS=top-at-mark-start (previous, next)
|   0|0x0000000080000000, 0x0000000080100000, 0x0000000080100000|100%|HS|  |TAMS 0x0000000080100000, 0x0000000080000000| Complete 
|   1|0x0000000080100000, 0x0000000080200000, 0x0000000080200000|100%|HC|  |TAMS 0x0000000080200000, 0x0000000080100000| Complete 
|   2|0x0000000080200000, 0x0000000080300000, 0x0000000080300000|100%|HC|  |TAMS 0x0000000080300000, 0x0000000080200000| Complete 
|   3|0x0000000080300000, 0x0000000080400000, 0x0000000080400000|100%|HC|  |TAMS 0x0000000080400000, 0x0000000080300000| Complete 
|   4|0x0000000080400000, 0x0000000080500000, 0x0000000080500000|100%| O|  |TAMS 0x0000000080500000, 0x0000000080400000| Untracked 
|   5|0x0000000080500000, 0x0000000080600000, 0x0000000080600000|100%| O|  |TAMS 0x0000000080600000, 0x0000000080500000| Untracked 
|   6|0x0000000080600000, 0x0000000080700000, 0x0000000080700000|100%| O|  |TAMS 0x0000000080700000, 0x0000000080600000| Untracked 
|   7|0x0000000080700000, 0x0000000080800000, 0x0000000080800000|100%| O|  |TAMS 0x0000000080800000, 0x0000000080700000| Untracked 
|   8|0x0000000080800000, 0x0000000080900000, 0x0000000080900000|100%| O|  |TAMS 0x0000000080900000, 0x0000000080800000| Untracked 
|   9|0x0000000080900000, 0x0000000080a00000, 0x0000000080a00000|100%| O|  |TAMS 0x0000000080a00000, 0x0000000080900000| Untracked 
|  10|0x0000000080a00000, 0x0000000080b00000, 0x0000000080b00000|100%| O|  |TAMS 0x0000000080b00000, 0x0000000080a00000| Untracked 
|  11|0x0000000080b00000, 0x0000000080c00000, 0x0000000080c00000|100%| O|  |TAMS 0x0000000080c00000, 0x0000000080b00000| Untracked 
|  12|0x0000000080c00000, 0x0000000080d00000, 0x0000000080d00000|100%| O|  |TAMS 0x0000000080d00000, 0x0000000080c00000| Untracked 
|  13|0x0000000080d00000, 0x0000000080e00000, 0x0000000080e00000|100%| O|  |TAMS 0x0000000080e00000, 0x0000000080d00000| Updating 
|  14|0x0000000080e00000, 0x0000000080f00000, 0x0000000080f00000|100%| O|  |TAMS 0x0000000080f00000, 0x0000000080e00000| Untracked 
|  15|0x0000000080f00000, 0x0000000081000000, 0x0000000081000000|100%| O|  |TAMS 0x0000000081000000, 0x0000000080f00000| Untracked 
|  16|0x0000000081000000, 0x0000000081100000, 0x0000000081100000|100%| O|  |TAMS 0x0000000081100000, 0x0000000081000000| Untracked 
|  17|0x0000000081100000, 0x0000000081200000, 0x0000000081200000|100%| O|  |TAMS 0x0000000081200000, 0x0000000081100000| Untracked 
|  18|0x0000000081200000, 0x0000000081300000, 0x0000000081300000|100%| O|  |TAMS 0x0000000081300000, 0x0000000081200000| Untracked 
|  19|0x0000000081300000, 0x0000000081400000, 0x0000000081400000|100%| O|  |TAMS 0x0000000081400000, 0x0000000081300000| Untracked 
|  20|0x0000000081400000, 0x0000000081500000, 0x0000000081500000|100%| O|  |TAMS 0x0000000081500000, 0x0000000081400000| Updating 
|  21|0x0000000081500000, 0x0000000081600000, 0x0000000081600000|100%| O|  |TAMS 0x0000000081600000, 0x0000000081500000| Updating 
|  22|0x0000000081600000, 0x0000000081700000, 0x0000000081700000|100%| O|  |TAMS 0x0000000081700000, 0x0000000081600000| Updating 
|  23|0x0000000081700000, 0x0000000081800000, 0x0000000081800000|100%| O|  |TAMS 0x0000000081800000, 0x0000000081700000| Updating 
|  24|0x0000000081800000, 0x0000000081900000, 0x0000000081900000|100%| O|  |TAMS 0x0000000081900000, 0x0000000081800000| Untracked 
|  25|0x0000000081900000, 0x0000000081a00000, 0x0000000081a00000|100%| O|  |TAMS 0x0000000081a00000, 0x0000000081900000| Untracked 
|  26|0x0000000081a00000, 0x0000000081b00000, 0x0000000081b00000|100%| O|  |TAMS 0x0000000081b00000, 0x0000000081a00000| Untracked 
|  27|0x0000000081b00000, 0x0000000081c00000, 0x0000000081c00000|100%| O|  |TAMS 0x0000000081c00000, 0x0000000081b00000| Untracked 
|  28|0x0000000081c00000, 0x0000000081d00000, 0x0000000081d00000|100%| O|  |TAMS 0x0000000081d00000, 0x0000000081c00000| Updating 
|  29|0x0000000081d00000, 0x0000000081e00000, 0x0000000081e00000|100%| O|  |TAMS 0x0000000081e00000, 0x0000000081d00000| Updating 
|  30|0x0000000081e00000, 0x0000000081f00000, 0x0000000081f00000|100%| O|  |TAMS 0x0000000081f00000, 0x0000000081e00000| Updating 
|  31|0x0000000081f00000, 0x0000000082000000, 0x0000000082000000|100%| O|  |TAMS 0x0000000082000000, 0x0000000081f00000| Untracked 
|  32|0x0000000082000000, 0x0000000082100000, 0x0000000082100000|100%| O|  |TAMS 0x0000000082100000, 0x0000000082000000| Untracked 
|  33|0x0000000082100000, 0x0000000082200000, 0x0000000082200000|100%| O|  |TAMS 0x0000000082200000, 0x0000000082100000| Updating 
|  34|0x0000000082200000, 0x0000000082300000, 0x0000000082300000|100%| O|  |TAMS 0x0000000082300000, 0x0000000082200000| Updating 
|  35|0x0000000082300000, 0x0000000082400000, 0x0000000082400000|100%| O|  |TAMS 0x0000000082400000, 0x0000000082300000| Untracked 
|  36|0x0000000082400000, 0x0000000082500000, 0x0000000082500000|100%|HS|  |TAMS 0x0000000082500000, 0x0000000082400000| Complete 
|  37|0x0000000082500000, 0x0000000082600000, 0x0000000082600000|100%|HS|  |TAMS 0x0000000082600000, 0x0000000082500000| Complete 
|  38|0x0000000082600000, 0x0000000082700000, 0x0000000082700000|100%|HS|  |TAMS 0x0000000082700000, 0x0000000082600000| Complete 
|  39|0x0000000082700000, 0x0000000082800000, 0x0000000082800000|100%|HC|  |TAMS 0x0000000082800000, 0x0000000082700000| Complete 
|  40|0x0000000082800000, 0x0000000082900000, 0x0000000082900000|100%|HS|  |TAMS 0x0000000082900000, 0x0000000082800000| Complete 
|  41|0x0000000082900000, 0x0000000082a00000, 0x0000000082a00000|100%| O|  |TAMS 0x0000000082a00000, 0x0000000082900000| Untracked 
|  42|0x0000000082a00000, 0x0000000082b00000, 0x0000000082b00000|100%| O|  |TAMS 0x0000000082b00000, 0x0000000082a00000| Updating 
|  43|0x0000000082b00000, 0x0000000082c00000, 0x0000000082c00000|100%|HS|  |TAMS 0x0000000082c00000, 0x0000000082b00000| Complete 
|  44|0x0000000082c00000, 0x0000000082d00000, 0x0000000082d00000|100%|HC|  |TAMS 0x0000000082d00000, 0x0000000082c00000| Complete 
|  45|0x0000000082d00000, 0x0000000082e00000, 0x0000000082e00000|100%|HC|  |TAMS 0x0000000082e00000, 0x0000000082d00000| Complete 
|  46|0x0000000082e00000, 0x0000000082f00000, 0x0000000082f00000|100%|HC|  |TAMS 0x0000000082f00000, 0x0000000082e00000| Complete 
|  47|0x0000000082f00000, 0x0000000083000000, 0x0000000083000000|100%| O|  |TAMS 0x0000000083000000, 0x0000000082f00000| Untracked 
|  48|0x0000000083000000, 0x0000000083100000, 0x0000000083100000|100%| O|  |TAMS 0x0000000083100000, 0x0000000083000000| Untracked 
|  49|0x0000000083100000, 0x0000000083200000, 0x0000000083200000|100%| O|  |TAMS 0x0000000083200000, 0x0000000083100000| Untracked 
|  50|0x0000000083200000, 0x0000000083300000, 0x0000000083300000|100%| O|  |TAMS 0x0000000083300000, 0x0000000083200000| Updating 
|  51|0x0000000083300000, 0x0000000083400000, 0x0000000083400000|100%| O|  |TAMS 0x0000000083400000, 0x0000000083300000| Untracked 
|  52|0x0000000083400000, 0x0000000083500000, 0x0000000083500000|100%| O|  |TAMS 0x0000000083500000, 0x0000000083400000| Untracked 
|  53|0x0000000083500000, 0x0000000083600000, 0x0000000083600000|100%| O|  |TAMS 0x0000000083600000, 0x0000000083500000| Untracked 
|  54|0x0000000083600000, 0x0000000083700000, 0x0000000083700000|100%| O|  |TAMS 0x0000000083700000, 0x0000000083600000| Updating 
|  55|0x0000000083700000, 0x0000000083800000, 0x0000000083800000|100%| O|  |TAMS 0x0000000083800000, 0x0000000083700000| Untracked 
|  56|0x0000000083800000, 0x0000000083900000, 0x0000000083900000|100%| O|  |TAMS 0x0000000083900000, 0x0000000083800000| Untracked 
|  57|0x0000000083900000, 0x0000000083a00000, 0x0000000083a00000|100%| O|  |TAMS 0x0000000083a00000, 0x0000000083900000| Untracked 
|  58|0x0000000083a00000, 0x0000000083b00000, 0x0000000083b00000|100%| O|  |TAMS 0x0000000083b00000, 0x0000000083a00000| Updating 
|  59|0x0000000083b00000, 0x0000000083c00000, 0x0000000083c00000|100%| O|  |TAMS 0x0000000083c00000, 0x0000000083b00000| Untracked 
|  60|0x0000000083c00000, 0x0000000083d00000, 0x0000000083d00000|100%| O|  |TAMS 0x0000000083d00000, 0x0000000083c00000| Untracked 
|  61|0x0000000083d00000, 0x0000000083e00000, 0x0000000083e00000|100%| O|  |TAMS 0x0000000083e00000, 0x0000000083d00000| Untracked 
|  62|0x0000000083e00000, 0x0000000083f00000, 0x0000000083f00000|100%| O|  |TAMS 0x0000000083f00000, 0x0000000083e00000| Untracked 
|  63|0x0000000083f00000, 0x0000000084000000, 0x0000000084000000|100%| O|  |TAMS 0x0000000084000000, 0x0000000083f00000| Updating 
|  64|0x0000000084000000, 0x0000000084100000, 0x0000000084100000|100%| O|  |TAMS 0x0000000084100000, 0x0000000084000000| Untracked 
|  65|0x0000000084100000, 0x0000000084200000, 0x0000000084200000|100%| O|  |TAMS 0x0000000084200000, 0x0000000084100000| Updating 
|  66|0x0000000084200000, 0x0000000084300000, 0x0000000084300000|100%| O|  |TAMS 0x0000000084300000, 0x0000000084200000| Updating 
|  67|0x0000000084300000, 0x0000000084400000, 0x0000000084400000|100%| O|  |TAMS 0x0000000084400000, 0x0000000084300000| Updating 
|  68|0x0000000084400000, 0x0000000084500000, 0x0000000084500000|100%|HS|  |TAMS 0x0000000084500000, 0x0000000084400000| Complete 
|  69|0x0000000084500000, 0x0000000084600000, 0x0000000084600000|100%|HC|  |TAMS 0x0000000084600000, 0x0000000084500000| Complete 
|  70|0x0000000084600000, 0x0000000084700000, 0x0000000084700000|100%| O|  |TAMS 0x0000000084700000, 0x0000000084600000| Updating 
|  71|0x0000000084700000, 0x0000000084800000, 0x0000000084800000|100%| O|  |TAMS 0x0000000084800000, 0x0000000084700000| Untracked 
|  72|0x0000000084800000, 0x0000000084900000, 0x0000000084900000|100%| O|  |TAMS 0x0000000084900000, 0x0000000084800000| Untracked 
|  73|0x0000000084900000, 0x0000000084a00000, 0x0000000084a00000|100%| O|  |TAMS 0x0000000084a00000, 0x0000000084900000| Untracked 
|  74|0x0000000084a00000, 0x0000000084b00000, 0x0000000084b00000|100%| O|  |TAMS 0x0000000084b00000, 0x0000000084a00000| Untracked 
|  75|0x0000000084b00000, 0x0000000084c00000, 0x0000000084c00000|100%| O|  |TAMS 0x0000000084c00000, 0x0000000084b00000| Untracked 
|  76|0x0000000084c00000, 0x0000000084d00000, 0x0000000084d00000|100%| O|  |TAMS 0x0000000084d00000, 0x0000000084c00000| Updating 
|  77|0x0000000084d00000, 0x0000000084e00000, 0x0000000084e00000|100%| O|  |TAMS 0x0000000084e00000, 0x0000000084d00000| Untracked 
|  78|0x0000000084e00000, 0x0000000084f00000, 0x0000000084f00000|100%| O|  |TAMS 0x0000000084f00000, 0x0000000084e00000| Untracked 
|  79|0x0000000084f00000, 0x0000000085000000, 0x0000000085000000|100%| O|  |TAMS 0x0000000085000000, 0x0000000084f00000| Untracked 
|  80|0x0000000085000000, 0x0000000085100000, 0x0000000085100000|100%| O|  |TAMS 0x0000000085100000, 0x0000000085000000| Untracked 
|  81|0x0000000085100000, 0x0000000085200000, 0x0000000085200000|100%| O|  |TAMS 0x0000000085200000, 0x0000000085100000| Untracked 
|  82|0x0000000085200000, 0x0000000085300000, 0x0000000085300000|100%| O|  |TAMS 0x0000000085300000, 0x0000000085200000| Untracked 
|  83|0x0000000085300000, 0x0000000085400000, 0x0000000085400000|100%| O|  |TAMS 0x0000000085400000, 0x0000000085300000| Updating 
|  84|0x0000000085400000, 0x0000000085500000, 0x0000000085500000|100%| O|  |TAMS 0x0000000085500000, 0x0000000085400000| Untracked 
|  85|0x0000000085500000, 0x0000000085600000, 0x0000000085600000|100%| O|  |TAMS 0x0000000085600000, 0x0000000085500000| Untracked 
|  86|0x0000000085600000, 0x0000000085700000, 0x0000000085700000|100%| O|  |TAMS 0x0000000085700000, 0x0000000085600000| Untracked 
|  87|0x0000000085700000, 0x0000000085800000, 0x0000000085800000|100%| O|  |TAMS 0x0000000085800000, 0x0000000085700000| Updating 
|  88|0x0000000085800000, 0x0000000085900000, 0x0000000085900000|100%| O|  |TAMS 0x0000000085900000, 0x0000000085800000| Updating 
|  89|0x0000000085900000, 0x0000000085a00000, 0x0000000085a00000|100%| O|  |TAMS 0x0000000085a00000, 0x0000000085900000| Updating 
|  90|0x0000000085a00000, 0x0000000085b00000, 0x0000000085b00000|100%| O|  |TAMS 0x0000000085b00000, 0x0000000085a00000| Updating 
|  91|0x0000000085b00000, 0x0000000085c00000, 0x0000000085c00000|100%| O|  |TAMS 0x0000000085c00000, 0x0000000085b00000| Untracked 
|  92|0x0000000085c00000, 0x0000000085d00000, 0x0000000085d00000|100%| O|  |TAMS 0x0000000085d00000, 0x0000000085c00000| Updating 
|  93|0x0000000085d00000, 0x0000000085e00000, 0x0000000085e00000|100%| O|  |TAMS 0x0000000085e00000, 0x0000000085d00000| Untracked 
|  94|0x0000000085e00000, 0x0000000085f00000, 0x0000000085f00000|100%| O|  |TAMS 0x0000000085f00000, 0x0000000085e00000| Updating 
|  95|0x0000000085f00000, 0x0000000086000000, 0x0000000086000000|100%|HS|  |TAMS 0x0000000086000000, 0x0000000085f00000| Complete 
|  96|0x0000000086000000, 0x0000000086100000, 0x0000000086100000|100%|HC|  |TAMS 0x0000000086100000, 0x0000000086000000| Complete 
|  97|0x0000000086100000, 0x0000000086200000, 0x0000000086200000|100%| O|  |TAMS 0x0000000086200000, 0x0000000086100000| Untracked 
|  98|0x0000000086200000, 0x0000000086300000, 0x0000000086300000|100%| O|  |TAMS 0x0000000086300000, 0x0000000086200000| Untracked 
|  99|0x0000000086300000, 0x0000000086400000, 0x0000000086400000|100%| O|  |TAMS 0x0000000086400000, 0x0000000086300000| Untracked 
| 100|0x0000000086400000, 0x0000000086500000, 0x0000000086500000|100%| O|  |TAMS 0x0000000086500000, 0x0000000086400000| Updating 
| 101|0x0000000086500000, 0x0000000086600000, 0x0000000086600000|100%| O|  |TAMS 0x0000000086600000, 0x0000000086500000| Updating 
| 102|0x0000000086600000, 0x0000000086700000, 0x0000000086700000|100%| O|  |TAMS 0x0000000086700000, 0x0000000086600000| Untracked 
| 103|0x0000000086700000, 0x0000000086800000, 0x0000000086800000|100%| O|  |TAMS 0x0000000086800000, 0x0000000086700000| Untracked 
| 104|0x0000000086800000, 0x0000000086900000, 0x0000000086900000|100%| O|  |TAMS 0x0000000086900000, 0x0000000086800000| Untracked 
| 105|0x0000000086900000, 0x0000000086a00000, 0x0000000086a00000|100%| O|  |TAMS 0x0000000086a00000, 0x0000000086900000| Untracked 
| 106|0x0000000086a00000, 0x0000000086b00000, 0x0000000086b00000|100%| O|  |TAMS 0x0000000086b00000, 0x0000000086a00000| Updating 
| 107|0x0000000086b00000, 0x0000000086c00000, 0x0000000086c00000|100%| O|  |TAMS 0x0000000086c00000, 0x0000000086b00000| Updating 
| 108|0x0000000086c00000, 0x0000000086d00000, 0x0000000086d00000|100%| O|  |TAMS 0x0000000086d00000, 0x0000000086c00000| Untracked 
| 109|0x0000000086d00000, 0x0000000086e00000, 0x0000000086e00000|100%| O|  |TAMS 0x0000000086e00000, 0x0000000086d00000| Updating 
| 110|0x0000000086e00000, 0x0000000086f00000, 0x0000000086f00000|100%| O|  |TAMS 0x0000000086f00000, 0x0000000086e00000| Untracked 
| 111|0x0000000086f00000, 0x0000000087000000, 0x0000000087000000|100%| O|  |TAMS 0x0000000087000000, 0x0000000086f00000| Untracked 
| 112|0x0000000087000000, 0x0000000087100000, 0x0000000087100000|100%| O|  |TAMS 0x0000000087100000, 0x0000000087000000| Updating 
| 113|0x0000000087100000, 0x0000000087200000, 0x0000000087200000|100%| O|  |TAMS 0x00000000871aa600, 0x0000000087100000| Updating 
| 114|0x0000000087200000, 0x0000000087300000, 0x0000000087300000|100%| O|  |TAMS 0x0000000087200000, 0x0000000087200000| Untracked 
| 115|0x0000000087300000, 0x000000008731d200, 0x0000000087400000| 11%| O|  |TAMS 0x0000000087300000, 0x0000000087300000| Updating 
| 116|0x0000000087400000, 0x0000000087500000, 0x0000000087500000|100%|HS|  |TAMS 0x0000000087400000, 0x0000000087400000| Complete 
| 117|0x0000000087500000, 0x0000000087600000, 0x0000000087600000|100%|HC|  |TAMS 0x0000000087500000, 0x0000000087500000| Complete 
| 118|0x0000000087600000, 0x0000000087700000, 0x0000000087700000|100%|HS|  |TAMS 0x0000000087600000, 0x0000000087600000| Complete 
| 119|0x0000000087700000, 0x0000000087800000, 0x0000000087800000|100%|HC|  |TAMS 0x0000000087700000, 0x0000000087700000| Complete 
| 120|0x0000000087800000, 0x0000000087900000, 0x0000000087900000|100%|HS|  |TAMS 0x0000000087800000, 0x0000000087800000| Complete 
| 121|0x0000000087900000, 0x0000000087a00000, 0x0000000087a00000|100%|HC|  |TAMS 0x0000000087900000, 0x0000000087900000| Complete 
| 122|0x0000000087a00000, 0x0000000087b00000, 0x0000000087b00000|100%|HS|  |TAMS 0x0000000087a00000, 0x0000000087a00000| Complete 
| 123|0x0000000087b00000, 0x0000000087c00000, 0x0000000087c00000|100%|HC|  |TAMS 0x0000000087b00000, 0x0000000087b00000| Complete 
| 124|0x0000000087c00000, 0x0000000087d00000, 0x0000000087d00000|100%|HS|  |TAMS 0x0000000087c00000, 0x0000000087c00000| Complete 
| 125|0x0000000087d00000, 0x0000000087e00000, 0x0000000087e00000|100%|HC|  |TAMS 0x0000000087d00000, 0x0000000087d00000| Complete 
| 126|0x0000000087e00000, 0x0000000087e00000, 0x0000000087f00000|  0%| F|  |TAMS 0x0000000087e00000, 0x0000000087e00000| Untracked 
| 127|0x0000000087f00000, 0x0000000087f00000, 0x0000000088000000|  0%| F|  |TAMS 0x0000000087f00000, 0x0000000087f00000| Untracked 
| 128|0x0000000088000000, 0x0000000088000000, 0x0000000088100000|  0%| F|  |TAMS 0x0000000088000000, 0x0000000088000000| Untracked 
| 129|0x0000000088100000, 0x0000000088100000, 0x0000000088200000|  0%| F|  |TAMS 0x0000000088100000, 0x0000000088100000| Untracked 
| 130|0x0000000088200000, 0x0000000088200000, 0x0000000088300000|  0%| F|  |TAMS 0x0000000088200000, 0x0000000088200000| Untracked 
| 131|0x0000000088300000, 0x0000000088300000, 0x0000000088400000|  0%| F|  |TAMS 0x0000000088300000, 0x0000000088300000| Untracked 
| 132|0x0000000088400000, 0x0000000088400000, 0x0000000088500000|  0%| F|  |TAMS 0x0000000088400000, 0x0000000088400000| Untracked 
| 133|0x0000000088500000, 0x0000000088500000, 0x0000000088600000|  0%| F|  |TAMS 0x0000000088500000, 0x0000000088500000| Untracked 
| 134|0x0000000088600000, 0x0000000088600000, 0x0000000088700000|  0%| F|  |TAMS 0x0000000088600000, 0x0000000088600000| Untracked 
| 135|0x0000000088700000, 0x0000000088700000, 0x0000000088800000|  0%| F|  |TAMS 0x0000000088700000, 0x0000000088700000| Untracked 
| 136|0x0000000088800000, 0x0000000088800000, 0x0000000088900000|  0%| F|  |TAMS 0x0000000088800000, 0x0000000088800000| Untracked 
| 137|0x0000000088900000, 0x0000000088900000, 0x0000000088a00000|  0%| F|  |TAMS 0x0000000088900000, 0x0000000088900000| Untracked 
| 138|0x0000000088a00000, 0x0000000088a00000, 0x0000000088b00000|  0%| F|  |TAMS 0x0000000088a00000, 0x0000000088a00000| Untracked 
| 139|0x0000000088b00000, 0x0000000088b00000, 0x0000000088c00000|  0%| F|  |TAMS 0x0000000088b00000, 0x0000000088b00000| Untracked 
| 140|0x0000000088c00000, 0x0000000088c00000, 0x0000000088d00000|  0%| F|  |TAMS 0x0000000088c00000, 0x0000000088c00000| Untracked 
| 141|0x0000000088d00000, 0x0000000088d00000, 0x0000000088e00000|  0%| F|  |TAMS 0x0000000088d00000, 0x0000000088d00000| Untracked 
| 142|0x0000000088e00000, 0x0000000088e00000, 0x0000000088f00000|  0%| F|  |TAMS 0x0000000088e00000, 0x0000000088e00000| Untracked 
| 143|0x0000000088f00000, 0x0000000088f00000, 0x0000000089000000|  0%| F|  |TAMS 0x0000000088f00000, 0x0000000088f00000| Untracked 
| 144|0x0000000089000000, 0x0000000089000000, 0x0000000089100000|  0%| F|  |TAMS 0x0000000089000000, 0x0000000089000000| Untracked 
| 145|0x0000000089100000, 0x0000000089100000, 0x0000000089200000|  0%| F|  |TAMS 0x0000000089100000, 0x0000000089100000| Untracked 
| 146|0x0000000089200000, 0x0000000089200000, 0x0000000089300000|  0%| F|  |TAMS 0x0000000089200000, 0x0000000089200000| Untracked 
| 147|0x0000000089300000, 0x0000000089300000, 0x0000000089400000|  0%| F|  |TAMS 0x0000000089300000, 0x0000000089300000| Untracked 
| 148|0x0000000089400000, 0x0000000089400000, 0x0000000089500000|  0%| F|  |TAMS 0x0000000089400000, 0x0000000089400000| Untracked 
| 149|0x0000000089500000, 0x0000000089500000, 0x0000000089600000|  0%| F|  |TAMS 0x0000000089500000, 0x0000000089500000| Untracked 
| 150|0x0000000089600000, 0x0000000089600000, 0x0000000089700000|  0%| F|  |TAMS 0x0000000089600000, 0x0000000089600000| Untracked 
| 151|0x0000000089700000, 0x0000000089700000, 0x0000000089800000|  0%| F|  |TAMS 0x0000000089700000, 0x0000000089700000| Untracked 
| 152|0x0000000089800000, 0x0000000089800000, 0x0000000089900000|  0%| F|  |TAMS 0x0000000089800000, 0x0000000089800000| Untracked 
| 153|0x0000000089900000, 0x0000000089900000, 0x0000000089a00000|  0%| F|  |TAMS 0x0000000089900000, 0x0000000089900000| Untracked 
| 154|0x0000000089a00000, 0x0000000089a00000, 0x0000000089b00000|  0%| F|  |TAMS 0x0000000089a00000, 0x0000000089a00000| Untracked 
| 155|0x0000000089b00000, 0x0000000089b00000, 0x0000000089c00000|  0%| F|  |TAMS 0x0000000089b00000, 0x0000000089b00000| Untracked 
| 156|0x0000000089c00000, 0x0000000089c00000, 0x0000000089d00000|  0%| F|  |TAMS 0x0000000089c00000, 0x0000000089c00000| Untracked 
| 157|0x0000000089d00000, 0x0000000089d00000, 0x0000000089e00000|  0%| F|  |TAMS 0x0000000089d00000, 0x0000000089d00000| Untracked 
| 158|0x0000000089e00000, 0x0000000089e00000, 0x0000000089f00000|  0%| F|  |TAMS 0x0000000089e00000, 0x0000000089e00000| Untracked 
| 159|0x0000000089f00000, 0x0000000089f00000, 0x000000008a000000|  0%| F|  |TAMS 0x0000000089f00000, 0x0000000089f00000| Untracked 
| 160|0x000000008a000000, 0x000000008a000000, 0x000000008a100000|  0%| F|  |TAMS 0x000000008a000000, 0x000000008a000000| Untracked 
| 161|0x000000008a100000, 0x000000008a100000, 0x000000008a200000|  0%| F|  |TAMS 0x000000008a100000, 0x000000008a100000| Untracked 
| 162|0x000000008a200000, 0x000000008a200000, 0x000000008a300000|  0%| F|  |TAMS 0x000000008a200000, 0x000000008a200000| Untracked 
| 163|0x000000008a300000, 0x000000008a300000, 0x000000008a400000|  0%| F|  |TAMS 0x000000008a300000, 0x000000008a300000| Untracked 
| 164|0x000000008a400000, 0x000000008a400000, 0x000000008a500000|  0%| F|  |TAMS 0x000000008a400000, 0x000000008a400000| Untracked 
| 165|0x000000008a500000, 0x000000008a500000, 0x000000008a600000|  0%| F|  |TAMS 0x000000008a500000, 0x000000008a500000| Untracked 
| 166|0x000000008a600000, 0x000000008a600000, 0x000000008a700000|  0%| F|  |TAMS 0x000000008a600000, 0x000000008a600000| Untracked 
| 167|0x000000008a700000, 0x000000008a700000, 0x000000008a800000|  0%| F|  |TAMS 0x000000008a700000, 0x000000008a700000| Untracked 
| 168|0x000000008a800000, 0x000000008a800000, 0x000000008a900000|  0%| F|  |TAMS 0x000000008a800000, 0x000000008a800000| Untracked 
| 169|0x000000008a900000, 0x000000008a900000, 0x000000008aa00000|  0%| F|  |TAMS 0x000000008a900000, 0x000000008a900000| Untracked 
| 170|0x000000008aa00000, 0x000000008aa00000, 0x000000008ab00000|  0%| F|  |TAMS 0x000000008aa00000, 0x000000008aa00000| Untracked 
| 171|0x000000008ab00000, 0x000000008ab00000, 0x000000008ac00000|  0%| F|  |TAMS 0x000000008ab00000, 0x000000008ab00000| Untracked 
| 172|0x000000008ac00000, 0x000000008ac00000, 0x000000008ad00000|  0%| F|  |TAMS 0x000000008ac00000, 0x000000008ac00000| Untracked 
| 173|0x000000008ad00000, 0x000000008ad00000, 0x000000008ae00000|  0%| F|  |TAMS 0x000000008ad00000, 0x000000008ad00000| Untracked 
| 174|0x000000008ae00000, 0x000000008ae00000, 0x000000008af00000|  0%| F|  |TAMS 0x000000008ae00000, 0x000000008ae00000| Untracked 
| 175|0x000000008af00000, 0x000000008af00000, 0x000000008b000000|  0%| F|  |TAMS 0x000000008af00000, 0x000000008af00000| Untracked 
| 176|0x000000008b000000, 0x000000008b000000, 0x000000008b100000|  0%| F|  |TAMS 0x000000008b000000, 0x000000008b000000| Untracked 
| 177|0x000000008b100000, 0x000000008b173848, 0x000000008b200000| 45%| S|CS|TAMS 0x000000008b100000, 0x000000008b100000| Complete 
| 178|0x000000008b200000, 0x000000008b300000, 0x000000008b300000|100%| S|CS|TAMS 0x000000008b200000, 0x000000008b200000| Complete 
| 179|0x000000008b300000, 0x000000008b400000, 0x000000008b400000|100%| S|CS|TAMS 0x000000008b300000, 0x000000008b300000| Complete 
| 203|0x000000008cb00000, 0x000000008cc00000, 0x000000008cc00000|100%| S|CS|TAMS 0x000000008cb00000, 0x000000008cb00000| Complete 
| 204|0x000000008cc00000, 0x000000008cc00000, 0x000000008cd00000|  0%| F|  |TAMS 0x000000008cc00000, 0x000000008cc00000| Untracked 
| 205|0x000000008cd00000, 0x000000008cd00000, 0x000000008ce00000|  0%| F|  |TAMS 0x000000008cd00000, 0x000000008cd00000| Untracked 
| 206|0x000000008ce00000, 0x000000008ce00000, 0x000000008cf00000|  0%| F|  |TAMS 0x000000008ce00000, 0x000000008ce00000| Untracked 
| 207|0x000000008cf00000, 0x000000008cf00000, 0x000000008d000000|  0%| F|  |TAMS 0x000000008cf00000, 0x000000008cf00000| Untracked 
| 208|0x000000008d000000, 0x000000008d000000, 0x000000008d100000|  0%| F|  |TAMS 0x000000008d000000, 0x000000008d000000| Untracked 
| 209|0x000000008d100000, 0x000000008d100000, 0x000000008d200000|  0%| F|  |TAMS 0x000000008d100000, 0x000000008d100000| Untracked 
| 210|0x000000008d200000, 0x000000008d200000, 0x000000008d300000|  0%| F|  |TAMS 0x000000008d200000, 0x000000008d200000| Untracked 
| 211|0x000000008d300000, 0x000000008d300000, 0x000000008d400000|  0%| F|  |TAMS 0x000000008d300000, 0x000000008d300000| Untracked 
| 253|0x000000008fd00000, 0x000000008fdded08, 0x000000008fe00000| 87%| E|  |TAMS 0x000000008fd00000, 0x000000008fd00000| Complete 

Card table byte_map: [0x000002806e750000,0x000002806eb50000] _byte_map_base: 0x000002806e350000

Marking Bits (Prev, Next): (CMBitMap*) 0x000002805bbb7fc0, (CMBitMap*) 0x000002805bbb7f80
 Prev Bits: [0x0000028070f50000, 0x0000028072f50000)
 Next Bits: [0x000002806ef50000, 0x0000028070f50000)

Polling page: 0x000002805b320000

Metaspace:

Usage:
  Non-class:    102.28 MB used.
      Class:     16.59 MB used.
       Both:    118.88 MB used.

Virtual space:
  Non-class space:      104.00 MB reserved,     102.75 MB ( 99%) committed,  13 nodes.
      Class space:        1.00 GB reserved,      17.00 MB (  2%) committed,  1 nodes.
             Both:        1.10 GB reserved,     119.75 MB ( 11%) committed. 

Chunk freelists:
   Non-Class:  374.00 KB
       Class:  2.97 MB
        Both:  3.34 MB

MaxMetaspaceSize: unlimited
CompressedClassSpaceSize: 1.00 GB
Initial GC threshold: 21.00 MB
Current GC threshold: 175.94 MB
CDS: off
MetaspaceReclaimPolicy: balanced
 - commit_granule_bytes: 65536.
 - commit_granule_words: 8192.
 - virtual_space_node_default_size: 1048576.
 - enlarge_chunks_in_place: 1.
 - new_chunks_are_fully_committed: 0.
 - uncommit_free_chunks: 1.
 - use_allocation_guard: 0.
 - handle_deallocations: 1.


Internal statistics:

num_allocs_failed_limit: 6.
num_arena_births: 1404.
num_arena_deaths: 50.
num_vsnodes_births: 14.
num_vsnodes_deaths: 0.
num_space_committed: 1915.
num_space_uncommitted: 0.
num_chunks_returned_to_freelist: 71.
num_chunks_taken_from_freelist: 6004.
num_chunk_merges: 24.
num_chunk_splits: 4021.
num_chunks_enlarged: 2766.
num_purges: 4.
num_inconsistent_stats: 0.

CodeHeap 'non-profiled nmethods': size=120000Kb used=8224Kb max_used=8224Kb free=111775Kb
 bounds [0x0000028066af0000, 0x0000028067300000, 0x000002806e020000]
CodeHeap 'profiled nmethods': size=120000Kb used=26801Kb max_used=26801Kb free=93198Kb
 bounds [0x000002805f020000, 0x0000028060a50000, 0x0000028066550000]
CodeHeap 'non-nmethods': size=5760Kb used=2468Kb max_used=2535Kb free=3291Kb
 bounds [0x0000028066550000, 0x00000280667e0000, 0x0000028066af0000]
 total_blobs=14877 nmethods=13878 adapters=910
 compilation: enabled
              stopped_count=0, restarted_count=0
 full_count=0

Compilation events (20 events):
Event: 37.130 Thread 0x0000028076490c20 16106       1       sun.nio.ch.FileDispatcherImpl::needsPositionLock (2 bytes)
Event: 37.130 Thread 0x0000028076490c20 nmethod 16106 0x00000280672d8a90 code [0x00000280672d8c20, 0x00000280672d8cf8]
Event: 37.144 Thread 0x0000028076490c20 16107       3       java.net.URLStreamHandler::setURL (73 bytes)
Event: 37.146 Thread 0x0000028076490c20 nmethod 16107 0x0000028060a48e90 code [0x0000028060a49160, 0x0000028060a49fb8]
Event: 37.165 Thread 0x0000028076490c20 16110       3       java.util.IdentityHashMap::capacity (29 bytes)
Event: 37.165 Thread 0x0000028076490c20 nmethod 16110 0x0000028060a4a510 code [0x0000028060a4a6c0, 0x0000028060a4a908]
Event: 37.170 Thread 0x0000028076490c20 16111       2       sun.net.util.URLUtil::urlNoFragString (114 bytes)
Event: 37.171 Thread 0x0000028076490c20 nmethod 16111 0x0000028060a4aa10 code [0x0000028060a4ac60, 0x0000028060a4b0d8]
Event: 37.171 Thread 0x0000028076490c20 16112       2       java.net.URL::getDefaultPort (8 bytes)
Event: 37.171 Thread 0x0000028076490c20 nmethod 16112 0x0000028060a4b410 code [0x0000028060a4b5a0, 0x0000028060a4b6c8]
Event: 37.187 Thread 0x0000028076488170 nmethod 15992% 0x00000280672d9390 code [0x00000280672d9840, 0x00000280672dff80]
Event: 37.188 Thread 0x0000028076488170 16098   !   4       java.util.zip.ZipFile$Source::getEntryPos (173 bytes)
Event: 37.200 Thread 0x0000028076490c20 16114       3       java.util.IdentityHashMap::<init> (44 bytes)
Event: 37.201 Thread 0x0000028076490c20 nmethod 16114 0x0000028060a4b790 code [0x0000028060a4ba00, 0x0000028060a4c428]
Event: 37.209 Thread 0x0000028076488170 nmethod 16098 0x00000280672e3b90 code [0x00000280672e3d60, 0x00000280672e47d8]
Event: 37.209 Thread 0x0000028076488170 16097       4       java.util.Properties::loadConvert (540 bytes)
Event: 37.212 Thread 0x0000028000cfaab0 nmethod 16003 0x00000280672e5090 code [0x00000280672e5820, 0x00000280672eeb70]
Event: 37.213 Thread 0x0000028000cfaab0 16093 % !   4       com.sun.crypto.provider.PBKDF2KeyImpl::deriveKey @ 191 (295 bytes)
Event: 37.251 Thread 0x0000028076488170 nmethod 16097 0x00000280672f2b10 code [0x00000280672f2d40, 0x00000280672f46e0]
Event: 37.254 Thread 0x0000028000cfaab0 nmethod 16093% 0x00000280672f5590 code [0x00000280672f57e0, 0x00000280672f72b0]

GC Heap History (20 events):
Event: 16.067 GC heap before
{Heap before GC invocations=49 (full 0):
 garbage-first heap   total 187392K, used 146918K [0x0000000080000000, 0x0000000100000000)
  region size 1024K, 56 young (57344K), 1 survivors (1024K)
 Metaspace       used 95143K, committed 95808K, reserved 1138688K
  class space    used 13022K, committed 13312K, reserved 1048576K
}
Event: 16.074 GC heap after
{Heap after GC invocations=50 (full 0):
 garbage-first heap   total 187392K, used 96440K [0x0000000080000000, 0x0000000100000000)
  region size 1024K, 7 young (7168K), 7 survivors (7168K)
 Metaspace       used 95143K, committed 95808K, reserved 1138688K
  class space    used 13022K, committed 13312K, reserved 1048576K
}
Event: 16.730 GC heap before
{Heap before GC invocations=50 (full 0):
 garbage-first heap   total 187392K, used 147640K [0x0000000080000000, 0x0000000100000000)
  region size 1024K, 58 young (59392K), 7 survivors (7168K)
 Metaspace       used 95918K, committed 96576K, reserved 1138688K
  class space    used 13090K, committed 13376K, reserved 1048576K
}
Event: 16.736 GC heap after
{Heap after GC invocations=51 (full 0):
 garbage-first heap   total 187392K, used 100270K [0x0000000080000000, 0x0000000100000000)
  region size 1024K, 6 young (6144K), 6 survivors (6144K)
 Metaspace       used 95918K, committed 96576K, reserved 1138688K
  class space    used 13090K, committed 13376K, reserved 1048576K
}
Event: 17.616 GC heap before
{Heap before GC invocations=51 (full 0):
 garbage-first heap   total 187392K, used 149422K [0x0000000080000000, 0x0000000100000000)
  region size 1024K, 55 young (56320K), 6 survivors (6144K)
 Metaspace       used 99641K, committed 100416K, reserved 1138688K
  class space    used 13587K, committed 13952K, reserved 1048576K
}
Event: 17.622 GC heap after
{Heap after GC invocations=52 (full 0):
 garbage-first heap   total 187392K, used 105230K [0x0000000080000000, 0x0000000100000000)
  region size 1024K, 6 young (6144K), 6 survivors (6144K)
 Metaspace       used 99641K, committed 100416K, reserved 1138688K
  class space    used 13587K, committed 13952K, reserved 1048576K
}
Event: 18.713 GC heap before
{Heap before GC invocations=52 (full 0):
 garbage-first heap   total 187392K, used 151310K [0x0000000080000000, 0x0000000100000000)
  region size 1024K, 52 young (53248K), 6 survivors (6144K)
 Metaspace       used 100663K, committed 101440K, reserved 1138688K
  class space    used 13760K, committed 14144K, reserved 1048576K
}
Event: 18.719 GC heap after
{Heap after GC invocations=53 (full 0):
 garbage-first heap   total 187392K, used 108972K [0x0000000080000000, 0x0000000100000000)
  region size 1024K, 5 young (5120K), 5 survivors (5120K)
 Metaspace       used 100663K, committed 101440K, reserved 1138688K
  class space    used 13760K, committed 14144K, reserved 1048576K
}
Event: 34.633 GC heap before
{Heap before GC invocations=53 (full 0):
 garbage-first heap   total 187392K, used 153004K [0x0000000080000000, 0x0000000100000000)
  region size 1024K, 48 young (49152K), 5 survivors (5120K)
 Metaspace       used 106764K, committed 107520K, reserved 1146880K
  class space    used 14555K, committed 14912K, reserved 1048576K
}
Event: 34.640 GC heap after
{Heap after GC invocations=54 (full 0):
 garbage-first heap   total 187392K, used 112522K [0x0000000080000000, 0x0000000100000000)
  region size 1024K, 4 young (4096K), 4 survivors (4096K)
 Metaspace       used 106764K, committed 107520K, reserved 1146880K
  class space    used 14555K, committed 14912K, reserved 1048576K
}
Event: 35.395 GC heap before
{Heap before GC invocations=55 (full 0):
 garbage-first heap   total 194560K, used 153482K [0x0000000080000000, 0x0000000100000000)
  region size 1024K, 45 young (46080K), 4 survivors (4096K)
 Metaspace       used 114756K, committed 115520K, reserved 1155072K
  class space    used 15981K, committed 16384K, reserved 1048576K
}
Event: 35.401 GC heap after
{Heap after GC invocations=56 (full 0):
 garbage-first heap   total 194560K, used 115259K [0x0000000080000000, 0x0000000100000000)
  region size 1024K, 3 young (3072K), 3 survivors (3072K)
 Metaspace       used 114756K, committed 115520K, reserved 1155072K
  class space    used 15981K, committed 16384K, reserved 1048576K
}
Event: 35.451 GC heap before
{Heap before GC invocations=56 (full 0):
 garbage-first heap   total 194560K, used 121403K [0x0000000080000000, 0x0000000100000000)
  region size 1024K, 9 young (9216K), 3 survivors (3072K)
 Metaspace       used 114903K, committed 115712K, reserved 1155072K
  class space    used 15991K, committed 16384K, reserved 1048576K
}
Event: 35.457 GC heap after
{Heap after GC invocations=57 (full 0):
 garbage-first heap   total 194560K, used 113165K [0x0000000080000000, 0x0000000100000000)
  region size 1024K, 1 young (1024K), 1 survivors (1024K)
 Metaspace       used 114903K, committed 115712K, reserved 1155072K
  class space    used 15991K, committed 16384K, reserved 1048576K
}
Event: 35.802 GC heap before
{Heap before GC invocations=57 (full 0):
 garbage-first heap   total 194560K, used 162317K [0x0000000080000000, 0x0000000100000000)
  region size 1024K, 49 young (50176K), 1 survivors (1024K)
 Metaspace       used 116060K, committed 116864K, reserved 1155072K
  class space    used 16112K, committed 16512K, reserved 1048576K
}
Event: 35.805 GC heap after
{Heap after GC invocations=58 (full 0):
 garbage-first heap   total 194560K, used 114146K [0x0000000080000000, 0x0000000100000000)
  region size 1024K, 2 young (2048K), 2 survivors (2048K)
 Metaspace       used 116060K, committed 116864K, reserved 1155072K
  class space    used 16112K, committed 16512K, reserved 1048576K
}
Event: 36.962 GC heap before
{Heap before GC invocations=58 (full 0):
 garbage-first heap   total 194560K, used 162274K [0x0000000080000000, 0x0000000100000000)
  region size 1024K, 50 young (51200K), 2 survivors (2048K)
 Metaspace       used 120784K, committed 121664K, reserved 1155072K
  class space    used 16853K, committed 17280K, reserved 1048576K
}
Event: 36.967 GC heap after
{Heap after GC invocations=59 (full 0):
 garbage-first heap   total 194560K, used 116975K [0x0000000080000000, 0x0000000100000000)
  region size 1024K, 5 young (5120K), 5 survivors (5120K)
 Metaspace       used 120784K, committed 121664K, reserved 1155072K
  class space    used 16853K, committed 17280K, reserved 1048576K
}
Event: 37.203 GC heap before
{Heap before GC invocations=59 (full 0):
 garbage-first heap   total 194560K, used 128239K [0x0000000080000000, 0x0000000100000000)
  region size 1024K, 14 young (14336K), 5 survivors (5120K)
 Metaspace       used 121685K, committed 122560K, reserved 1155072K
  class space    used 16989K, committed 17408K, reserved 1048576K
}
Event: 37.208 GC heap after
{Heap after GC invocations=60 (full 0):
 garbage-first heap   total 194560K, used 121410K [0x0000000080000000, 0x0000000100000000)
  region size 1024K, 4 young (4096K), 4 survivors (4096K)
 Metaspace       used 121685K, committed 122560K, reserved 1155072K
  class space    used 16989K, committed 17408K, reserved 1048576K
}

Dll operation events (2 events):
Event: 0.006 Loaded shared library C:\Program Files\Android\Android Studio1\jbr\bin\java.dll
Event: 0.466 Loaded shared library C:\Program Files\Android\Android Studio1\jbr\bin\verify.dll

Deoptimization events (20 events):
Event: 37.011 Thread 0x0000028077aba4b0 DEOPT PACKING pc=0x000002805f33bfba sp=0x000000e13cafd450
Event: 37.011 Thread 0x0000028077aba4b0 DEOPT UNPACKING pc=0x00000280665aace3 sp=0x000000e13cafc8c8 mode 0
Event: 37.011 Thread 0x0000028077aba4b0 DEOPT PACKING pc=0x000002805f33c102 sp=0x000000e13cafd450
Event: 37.011 Thread 0x0000028077aba4b0 DEOPT UNPACKING pc=0x00000280665aace3 sp=0x000000e13cafc8c8 mode 0
Event: 37.011 Thread 0x0000028077aba4b0 DEOPT PACKING pc=0x000002805f33c090 sp=0x000000e13cafd450
Event: 37.011 Thread 0x0000028077aba4b0 DEOPT UNPACKING pc=0x00000280665aace3 sp=0x000000e13cafc8c8 mode 0
Event: 37.040 Thread 0x0000028077aba4b0 Uncommon trap: trap_request=0xffffff45 fr.pc=0x00000280672d0934 relative=0x0000000000000194
Event: 37.040 Thread 0x0000028077aba4b0 Uncommon trap: reason=unstable_if action=reinterpret pc=0x00000280672d0934 method=sun.security.provider.SHA.implReset()V @ 8 c2
Event: 37.040 Thread 0x0000028077aba4b0 DEOPT PACKING pc=0x00000280672d0934 sp=0x000000e13cafd820
Event: 37.040 Thread 0x0000028077aba4b0 DEOPT UNPACKING pc=0x00000280665aa1a3 sp=0x000000e13cafd7b8 mode 2
Event: 37.069 Thread 0x0000028077aba4b0 DEOPT PACKING pc=0x000002805ffc3046 sp=0x000000e13cafd5a0
Event: 37.069 Thread 0x0000028077aba4b0 DEOPT UNPACKING pc=0x00000280665aace3 sp=0x000000e13cafca50 mode 0
Event: 37.164 Thread 0x0000028001547a40 Uncommon trap: trap_request=0xffffff45 fr.pc=0x0000028067101d9c relative=0x00000000000003bc
Event: 37.164 Thread 0x0000028001547a40 Uncommon trap: reason=unstable_if action=reinterpret pc=0x0000028067101d9c method=java.lang.ThreadLocal.get()Ljava/lang/Object; @ 11 c2
Event: 37.164 Thread 0x0000028001547a40 DEOPT PACKING pc=0x0000028067101d9c sp=0x000000e13cffeb00
Event: 37.164 Thread 0x0000028001547a40 DEOPT UNPACKING pc=0x00000280665aa1a3 sp=0x000000e13cffea30 mode 2
Event: 37.200 Thread 0x0000028001547a40 Uncommon trap: trap_request=0xffffff45 fr.pc=0x0000028066dc4250 relative=0x0000000000000210
Event: 37.200 Thread 0x0000028001547a40 Uncommon trap: reason=unstable_if action=reinterpret pc=0x0000028066dc4250 method=java.lang.ThreadLocal.get()Ljava/lang/Object; @ 11 c2
Event: 37.200 Thread 0x0000028001547a40 DEOPT PACKING pc=0x0000028066dc4250 sp=0x000000e13cffeb40
Event: 37.200 Thread 0x0000028001547a40 DEOPT UNPACKING pc=0x00000280665aa1a3 sp=0x000000e13cffeac8 mode 2

Classes unloaded (20 events):
Event: 34.733 Thread 0x0000028076434800 Unloading class 0x0000000100d00800 'java/lang/invoke/LambdaForm$DMH+0x0000000100d00800'
Event: 34.733 Thread 0x0000028076434800 Unloading class 0x0000000100d00400 'java/lang/invoke/LambdaForm$DMH+0x0000000100d00400'
Event: 37.301 Thread 0x0000028076434800 Unloading class 0x0000000100fe8400 'java/lang/invoke/LambdaForm$DMH+0x0000000100fe8400'
Event: 37.301 Thread 0x0000028076434800 Unloading class 0x0000000100fe0800 'java/lang/invoke/LambdaForm$DMH+0x0000000100fe0800'
Event: 37.301 Thread 0x0000028076434800 Unloading class 0x0000000100fe8000 'java/lang/invoke/LambdaForm$DMH+0x0000000100fe8000'
Event: 37.301 Thread 0x0000028076434800 Unloading class 0x0000000100fe0400 'java/lang/invoke/LambdaForm$DMH+0x0000000100fe0400'
Event: 37.301 Thread 0x0000028076434800 Unloading class 0x0000000100f31800 'java/lang/invoke/LambdaForm$DMH+0x0000000100f31800'
Event: 37.301 Thread 0x0000028076434800 Unloading class 0x0000000100f31400 'java/lang/invoke/LambdaForm$DMH+0x0000000100f31400'
Event: 37.301 Thread 0x0000028076434800 Unloading class 0x0000000100f31c00 'java/lang/invoke/LambdaForm$DMH+0x0000000100f31c00'
Event: 37.301 Thread 0x0000028076434800 Unloading class 0x0000000100f30c00 'java/lang/invoke/LambdaForm$DMH+0x0000000100f30c00'
Event: 37.301 Thread 0x0000028076434800 Unloading class 0x0000000100f30800 'java/lang/invoke/LambdaForm$DMH+0x0000000100f30800'
Event: 37.301 Thread 0x0000028076434800 Unloading class 0x0000000100f30400 'java/lang/invoke/LambdaForm$DMH+0x0000000100f30400'
Event: 37.301 Thread 0x0000028076434800 Unloading class 0x0000000100ee4c00 'java/lang/invoke/LambdaForm$DMH+0x0000000100ee4c00'
Event: 37.301 Thread 0x0000028076434800 Unloading class 0x0000000100ee4800 'java/lang/invoke/LambdaForm$DMH+0x0000000100ee4800'
Event: 37.301 Thread 0x0000028076434800 Unloading class 0x0000000100ee4400 'java/lang/invoke/LambdaForm$DMH+0x0000000100ee4400'
Event: 37.301 Thread 0x0000028076434800 Unloading class 0x0000000100d00800 'java/lang/invoke/LambdaForm$DMH+0x0000000100d00800'
Event: 37.301 Thread 0x0000028076434800 Unloading class 0x0000000100e90400 'java/lang/invoke/LambdaForm$DMH+0x0000000100e90400'
Event: 37.301 Thread 0x0000028076434800 Unloading class 0x0000000100e90800 'java/lang/invoke/LambdaForm$DMH+0x0000000100e90800'
Event: 37.301 Thread 0x0000028076434800 Unloading class 0x0000000100e1c800 'jdk/internal/reflect/GeneratedSerializationConstructorAccessor126'
Event: 37.301 Thread 0x0000028076434800 Unloading class 0x0000000100e1c400 'jdk/internal/reflect/GeneratedSerializationConstructorAccessor125'

Classes redefined (0 events):
No events

Internal exceptions (20 events):
Event: 36.108 Thread 0x0000028077ab9640 Exception <a 'sun/nio/fs/WindowsException'{0x000000008abf75c8}> (0x000000008abf75c8) 
thrown [s\src\hotspot\share\prims\jni.cpp, line 517]
Event: 36.109 Thread 0x0000028077ab4e10 Exception <a 'sun/nio/fs/WindowsException'{0x000000008aacefc0}> (0x000000008aacefc0) 
thrown [s\src\hotspot\share\prims\jni.cpp, line 517]
Event: 36.168 Thread 0x0000028001392d20 Exception <a 'java/lang/NoSuchMethodError'{0x000000008a74dc98}: static Lkotlin/InitializedLazyImpl;.<clinit>()V> (0x000000008a74dc98) 
thrown [s\src\hotspot\share\prims\jni.cpp, line 1108]
Event: 36.201 Thread 0x0000028077ab6af0 Exception <a 'sun/nio/fs/WindowsException'{0x000000008a6e2db8}> (0x000000008a6e2db8) 
thrown [s\src\hotspot\share\prims\jni.cpp, line 517]
Event: 36.201 Thread 0x0000028077ab6af0 Exception <a 'sun/nio/fs/WindowsException'{0x000000008a6e3198}> (0x000000008a6e3198) 
thrown [s\src\hotspot\share\prims\jni.cpp, line 517]
Event: 36.335 Thread 0x0000028077ab3130 Exception <a 'sun/nio/fs/WindowsException'{0x000000008a452cd0}> (0x000000008a452cd0) 
thrown [s\src\hotspot\share\prims\jni.cpp, line 517]
Event: 36.438 Thread 0x0000028077ab3130 Exception <a 'java/lang/NoSuchMethodError'{0x0000000089fc6690}: 'long java.lang.invoke.DirectMethodHandle$Holder.invokeStatic(java.lang.Object, java.lang.Object, java.lang.Object)'> (0x0000000089fc6690) 
thrown [s\src\hotspot\share\interpreter\linkResolver.cpp, line 771]
Event: 36.578 Thread 0x0000028077ab3130 Exception <a 'sun/nio/fs/WindowsException'{0x0000000089b22c88}> (0x0000000089b22c88) 
thrown [s\src\hotspot\share\prims\jni.cpp, line 517]
Event: 36.789 Thread 0x0000028001392d20 Exception <a 'java/lang/NoSuchMethodError'{0x0000000089040538}: static Lcom/android/build/api/variant/impl/SerializableApplicationMultiOutputHandler;.<clinit>()V> (0x0000000089040538) 
thrown [s\src\hotspot\share\prims\jni.cpp, line 1108]
Event: 36.790 Thread 0x0000028001392d20 Exception <a 'java/lang/NoSuchMethodError'{0x0000000089056d10}: static Lcom/android/build/api/variant/impl/VariantOutputImpl$SerializedForm;.<clinit>()V> (0x0000000089056d10) 
thrown [s\src\hotspot\share\prims\jni.cpp, line 1108]
Event: 36.794 Thread 0x0000028001392d20 Exception <a 'java/lang/NoSuchMethodError'{0x000000008906b650}: static Lcom/android/build/api/variant/impl/VariantOutputConfigurationImpl;.<clinit>()V> (0x000000008906b650) 
thrown [s\src\hotspot\share\prims\jni.cpp, line 1108]
Event: 36.848 Thread 0x0000028077aba4b0 Exception <a 'sun/nio/fs/WindowsException'{0x0000000088e0b850}> (0x0000000088e0b850) 
thrown [s\src\hotspot\share\prims\jni.cpp, line 517]
Event: 36.945 Thread 0x0000028077aba4b0 Exception <a 'java/lang/NoSuchMethodError'{0x0000000088ec4610}: 'java.lang.Object java.lang.invoke.DirectMethodHandle$Holder.newInvokeSpecial(java.lang.Object, java.lang.Object, java.lang.Object, java.lang.Object, java.lang.Object, int, java.lang.Object)'> (0x0000000088ec4610) 
thrown [s\src\hotspot\share\interpreter\linkResolver.cpp, line 771]
Event: 36.946 Thread 0x0000028077aba4b0 Exception <a 'java/lang/NoSuchMethodError'{0x0000000088ece2a8}: 'java.lang.Object java.lang.invoke.Invokers$Holder.linkToTargetMethod(java.lang.Object, java.lang.Object, java.lang.Object, java.lang.Object, int, java.lang.Object, java.lang.Object)'> (0x0000000088ece2a8) 
thrown [s\src\hotspot\share\interpreter\linkResolver.cpp, line 771]
Event: 37.040 Thread 0x0000028077aba4b0 Implicit null exception at 0x00000280672d0806 to 0x00000280672d0920
Event: 37.043 Thread 0x0000028077aba4b0 Exception <a 'java/lang/NoSuchMethodError'{0x000000008d1d2c68}: 'java.lang.Object java.lang.invoke.DirectMethodHandle$Holder.newInvokeSpecial(java.lang.Object, java.lang.Object, java.lang.Object, java.lang.Object, java.lang.Object, java.lang.Object, java.lang.Object, int)'> (0x000000008d1d2c68) 
thrown [s\src\hotspot\share\interpreter\linkResolver.cpp, line 771]
Event: 37.044 Thread 0x0000028077aba4b0 Exception <a 'java/lang/NoSuchMethodError'{0x000000008d1d8498}: 'java.lang.Object java.lang.invoke.DirectMethodHandle$Holder.invokeSpecial(java.lang.Object, java.lang.Object, java.lang.Object, java.lang.Object, java.lang.Object, java.lang.Object, java.lang.Object, java.lang.Object, int)'> (0x000000008d1d8498) 
thrown [s\src\hotspot\share\interpreter\linkResolver.cpp, line 771]
Event: 37.044 Thread 0x0000028077aba4b0 Exception <a 'java/lang/NoSuchMethodError'{0x000000008d1dd410}: 'java.lang.Object java.lang.invoke.Invokers$Holder.linkToTargetMethod(java.lang.Object, java.lang.Object, java.lang.Object, java.lang.Object, java.lang.Object, java.lang.Object, int, java.lang.Object)'> (0x000000008d1dd410) 
thrown [s\src\hotspot\share\interpreter\linkResolver.cpp, line 771]
Event: 37.164 Thread 0x0000028001547a40 Implicit null exception at 0x0000028067101a10 to 0x0000028067101d88
Event: 37.200 Thread 0x0000028001547a40 Implicit null exception at 0x0000028066dc4083 to 0x0000028066dc423c

VM Operations (20 events):
Event: 36.540 Executing VM operation: ICBufferFull done
Event: 36.622 Executing VM operation: HandshakeAllThreads
Event: 36.622 Executing VM operation: HandshakeAllThreads done
Event: 36.756 Executing VM operation: ICBufferFull
Event: 36.756 Executing VM operation: ICBufferFull done
Event: 36.840 Executing VM operation: HandshakeAllThreads
Event: 36.840 Executing VM operation: HandshakeAllThreads done
Event: 36.850 Executing VM operation: HandshakeAllThreads
Event: 36.850 Executing VM operation: HandshakeAllThreads done
Event: 36.858 Executing VM operation: HandshakeAllThreads
Event: 36.858 Executing VM operation: HandshakeAllThreads done
Event: 36.861 Executing VM operation: HandshakeAllThreads
Event: 36.862 Executing VM operation: HandshakeAllThreads done
Event: 36.948 Executing VM operation: HandshakeAllThreads
Event: 36.949 Executing VM operation: HandshakeAllThreads done
Event: 36.962 Executing VM operation: G1CollectForAllocation
Event: 36.967 Executing VM operation: G1CollectForAllocation done
Event: 37.202 Executing VM operation: G1TryInitiateConcMark
Event: 37.210 Executing VM operation: G1TryInitiateConcMark done
Event: 37.301 Executing VM operation: G1Concurrent

Events (20 events):
Event: 37.148 loading class java/util/concurrent/ForkJoinTask$Aux done
Event: 37.148 loading class java/util/concurrent/ForkJoinPool$DefaultCommonPoolForkJoinWorkerThreadFactory$1
Event: 37.148 loading class java/util/concurrent/ForkJoinPool$DefaultCommonPoolForkJoinWorkerThreadFactory$1 done
Event: 37.149 Thread 0x0000028001547a40 Thread added: 0x0000028001547a40
Event: 37.167 loading class java/util/concurrent/CountedCompleter
Event: 37.167 loading class java/util/concurrent/CountedCompleter done
Event: 37.180 loading class java/nio/BufferOverflowException
Event: 37.180 loading class java/nio/BufferOverflowException done
Event: 37.182 loading class java/security/DigestException
Event: 37.182 loading class java/security/DigestException done
Event: 37.183 loading class java/security/InvalidAlgorithmParameterException
Event: 37.183 loading class java/security/InvalidAlgorithmParameterException done
Event: 37.186 loading class java/security/spec/InvalidKeySpecException
Event: 37.186 loading class java/security/spec/InvalidKeySpecException done
Event: 37.194 loading class java/security/spec/MGF1ParameterSpec
Event: 37.194 loading class java/security/spec/MGF1ParameterSpec done
Event: 37.198 loading class java/util/concurrent/ForkJoinTask$AdaptedRunnableAction
Event: 37.198 loading class java/util/concurrent/ForkJoinTask$AdaptedRunnableAction done
Event: 37.199 Thread 0x0000028077ab7e30 Thread added: 0x0000028077ab7e30
Event: 37.212 Thread 0x0000028000848eb0 Thread added: 0x0000028000848eb0


Dynamic libraries:
0x00007ff7473f0000 - 0x00007ff7473fa000 	C:\Program Files\Android\Android Studio1\jbr\bin\java.exe
0x00007ff83c8d0000 - 0x00007ff83cae4000 	C:\WINDOWS\SYSTEM32\ntdll.dll
0x00007ff83a6b0000 - 0x00007ff83a774000 	C:\WINDOWS\System32\KERNEL32.DLL
0x00007ff839c80000 - 0x00007ff83a024000 	C:\WINDOWS\System32\KERNELBASE.dll
0x00007ff83a360000 - 0x00007ff83a471000 	C:\WINDOWS\System32\ucrtbase.dll
0x00007ff832f50000 - 0x00007ff832f67000 	C:\Program Files\Android\Android Studio1\jbr\bin\jli.dll
0x00007ff811c20000 - 0x00007ff811c3b000 	C:\Program Files\Android\Android Studio1\jbr\bin\VCRUNTIME140.dll
0x00007ff83b070000 - 0x00007ff83b21e000 	C:\WINDOWS\System32\USER32.dll
0x00007ff83a030000 - 0x00007ff83a056000 	C:\WINDOWS\System32\win32u.dll
0x00007ff83a910000 - 0x00007ff83a939000 	C:\WINDOWS\System32\GDI32.dll
0x00007ff81fde0000 - 0x00007ff820073000 	C:\WINDOWS\WinSxS\amd64_microsoft.windows.common-controls_6595b64144ccf1df_6.0.22621.2215_none_270d72677387dfc3\COMCTL32.dll
0x00007ff83a1a0000 - 0x00007ff83a2b8000 	C:\WINDOWS\System32\gdi32full.dll
0x00007ff83a2c0000 - 0x00007ff83a35a000 	C:\WINDOWS\System32\msvcp_win.dll
0x00007ff83c1d0000 - 0x00007ff83c277000 	C:\WINDOWS\System32\msvcrt.dll
0x00007ff83a8c0000 - 0x00007ff83a8f1000 	C:\WINDOWS\System32\IMM32.DLL
0x00007ff821a10000 - 0x00007ff821a1c000 	C:\Program Files\Android\Android Studio1\jbr\bin\vcruntime140_1.dll
0x00007ffffc5d0000 - 0x00007ffffc65d000 	C:\Program Files\Android\Android Studio1\jbr\bin\msvcp140.dll
0x00007ffffc660000 - 0x00007ffffd2ce000 	C:\Program Files\Android\Android Studio1\jbr\bin\server\jvm.dll
0x00007ff83bca0000 - 0x00007ff83bd50000 	C:\WINDOWS\System32\ADVAPI32.dll
0x00007ff83a780000 - 0x00007ff83a826000 	C:\WINDOWS\System32\sechost.dll
0x00007ff83c3c0000 - 0x00007ff83c4d7000 	C:\WINDOWS\System32\RPCRT4.dll
0x00007ff833740000 - 0x00007ff833749000 	C:\WINDOWS\SYSTEM32\WSOCK32.dll
0x00007ff82c870000 - 0x00007ff82c87a000 	C:\WINDOWS\SYSTEM32\VERSION.dll
0x00007ff83c4e0000 - 0x00007ff83c551000 	C:\WINDOWS\System32\WS2_32.dll
0x00007ff831d70000 - 0x00007ff831da4000 	C:\WINDOWS\SYSTEM32\WINMM.dll
0x00007ff838da0000 - 0x00007ff838db8000 	C:\WINDOWS\SYSTEM32\kernel.appcore.dll
0x00007ff833140000 - 0x00007ff83314a000 	C:\Program Files\Android\Android Studio1\jbr\bin\jimage.dll
0x00007ff837120000 - 0x00007ff83734e000 	C:\WINDOWS\SYSTEM32\DBGHELP.DLL
0x00007ff83a960000 - 0x00007ff83acea000 	C:\WINDOWS\System32\combase.dll
0x00007ff83c2e0000 - 0x00007ff83c3b7000 	C:\WINDOWS\System32\OLEAUT32.dll
0x00007ff82be10000 - 0x00007ff82be42000 	C:\WINDOWS\SYSTEM32\dbgcore.DLL
0x00007ff83a060000 - 0x00007ff83a0da000 	C:\WINDOWS\System32\bcryptPrimitives.dll
0x00007ff833110000 - 0x00007ff833135000 	C:\Program Files\Android\Android Studio1\jbr\bin\java.dll
0x00007ff8330f0000 - 0x00007ff833108000 	C:\Program Files\Android\Android Studio1\jbr\bin\zip.dll
0x00007ff83b360000 - 0x00007ff83bb83000 	C:\WINDOWS\System32\SHELL32.dll
0x00007ff837bd0000 - 0x00007ff8384ba000 	C:\WINDOWS\SYSTEM32\windows.storage.dll
0x00007ff837a90000 - 0x00007ff837bce000 	C:\WINDOWS\SYSTEM32\wintypes.dll
0x00007ff83bb90000 - 0x00007ff83bc83000 	C:\WINDOWS\System32\SHCORE.dll
0x00007ff83c610000 - 0x00007ff83c66e000 	C:\WINDOWS\System32\shlwapi.dll
0x00007ff839bb0000 - 0x00007ff839bd6000 	C:\WINDOWS\SYSTEM32\profapi.dll
0x00007ff8330d0000 - 0x00007ff8330e9000 	C:\Program Files\Android\Android Studio1\jbr\bin\net.dll
0x00007ff834280000 - 0x00007ff8343b7000 	C:\WINDOWS\SYSTEM32\WINHTTP.dll
0x00007ff839240000 - 0x00007ff8392a9000 	C:\WINDOWS\system32\mswsock.dll
0x00007ff8330b0000 - 0x00007ff8330c6000 	C:\Program Files\Android\Android Studio1\jbr\bin\nio.dll
0x00007ff832ff0000 - 0x00007ff833000000 	C:\Program Files\Android\Android Studio1\jbr\bin\verify.dll
0x00007ff81d0b0000 - 0x00007ff81d0d7000 	C:\Users\acer\.gradle\native\68d5fa5c4cc2d200863cafc0d521ce42e7d3e7ee720ec0a83991735586a16f82\windows-amd64\native-platform.dll
0x00007ffffbc20000 - 0x00007ffffbd64000 	C:\Users\acer\.gradle\native\e376f236ea51e6404a007f0833ffe2c6e607c4080706a723a18a27aeea778392\windows-amd64\native-platform-file-events.dll
0x00007ff8330a0000 - 0x00007ff8330a9000 	C:\Program Files\Android\Android Studio1\jbr\bin\management.dll
0x00007ff833090000 - 0x00007ff83309b000 	C:\Program Files\Android\Android Studio1\jbr\bin\management_ext.dll
0x00007ff83bc90000 - 0x00007ff83bc98000 	C:\WINDOWS\System32\PSAPI.DLL
0x00007ff839490000 - 0x00007ff8394ab000 	C:\WINDOWS\SYSTEM32\CRYPTSP.dll
0x00007ff838d10000 - 0x00007ff838d45000 	C:\WINDOWS\system32\rsaenh.dll
0x00007ff839330000 - 0x00007ff83935c000 	C:\WINDOWS\SYSTEM32\USERENV.dll
0x00007ff839630000 - 0x00007ff839658000 	C:\WINDOWS\SYSTEM32\bcrypt.dll
0x00007ff8394b0000 - 0x00007ff8394bc000 	C:\WINDOWS\SYSTEM32\CRYPTBASE.dll
0x00007ff838710000 - 0x00007ff83873d000 	C:\WINDOWS\SYSTEM32\IPHLPAPI.DLL
0x00007ff83b230000 - 0x00007ff83b239000 	C:\WINDOWS\System32\NSI.dll
0x00007ff833c00000 - 0x00007ff833c19000 	C:\WINDOWS\SYSTEM32\dhcpcsvc6.DLL
0x00007ff833be0000 - 0x00007ff833bff000 	C:\WINDOWS\SYSTEM32\dhcpcsvc.DLL
0x00007ff838740000 - 0x00007ff838832000 	C:\WINDOWS\SYSTEM32\DNSAPI.dll
0x00007fffe0c40000 - 0x00007fffe0c48000 	C:\WINDOWS\system32\wshunix.dll
0x00007ff820110000 - 0x00007ff820127000 	C:\WINDOWS\system32\napinsp.dll
0x00007ff8200f0000 - 0x00007ff82010b000 	C:\WINDOWS\system32\pnrpnsp.dll
0x00007ff8200d0000 - 0x00007ff8200e1000 	C:\WINDOWS\System32\winrnr.dll
0x00007ff8200b0000 - 0x00007ff8200c5000 	C:\WINDOWS\system32\wshbth.dll
0x00007ff820080000 - 0x00007ff8200a1000 	C:\WINDOWS\system32\nlansp_c.dll
0x0000000066350000 - 0x0000000066376000 	C:\Program Files\Bonjour\mdnsNSP.dll
0x00007ff833bd0000 - 0x00007ff833bda000 	C:\Windows\System32\rasadhlp.dll
0x00007ff831bd0000 - 0x00007ff831c54000 	C:\WINDOWS\System32\fwpuclnt.dll
0x00007ff82ad90000 - 0x00007ff82adae000 	C:\Users\acer\AppData\Local\Temp\native-platform18211122043614600559dir\native-platform.dll
0x00007ff82ad80000 - 0x00007ff82ad87000 	C:\Program Files\Android\Android Studio1\jbr\bin\rmi.dll

dbghelp: loaded successfully - version: 4.0.5 - missing functions: none
symbol engine: initialized successfully - sym options: 0x614 - pdb path: .;C:\Program Files\Android\Android Studio1\jbr\bin;C:\WINDOWS\SYSTEM32;C:\WINDOWS\WinSxS\amd64_microsoft.windows.common-controls_6595b64144ccf1df_6.0.22621.2215_none_270d72677387dfc3;C:\Program Files\Android\Android Studio1\jbr\bin\server;C:\Users\acer\.gradle\native\68d5fa5c4cc2d200863cafc0d521ce42e7d3e7ee720ec0a83991735586a16f82\windows-amd64;C:\Users\acer\.gradle\native\e376f236ea51e6404a007f0833ffe2c6e607c4080706a723a18a27aeea778392\windows-amd64;C:\Program Files\Bonjour;C:\Users\acer\AppData\Local\Temp\native-platform18211122043614600559dir

VM Arguments:
jvm_args: --add-opens=java.base/java.util=ALL-UNNAMED --add-opens=java.base/java.lang=ALL-UNNAMED --add-opens=java.base/java.lang.invoke=ALL-UNNAMED --add-opens=java.prefs/java.util.prefs=ALL-UNNAMED --add-opens=java.base/java.nio.charset=ALL-UNNAMED --add-opens=java.base/java.net=ALL-UNNAMED --add-opens=java.base/java.util.concurrent.atomic=ALL-UNNAMED -Xmx2048m -Dfile.encoding=UTF-8 -Duser.country=ID -Duser.language=en -Duser.variant 
java_command: org.gradle.launcher.daemon.bootstrap.GradleDaemon 8.0
java_class_path (initial): C:\Users\acer\.gradle\wrapper\dists\gradle-8.0-bin\ca5e32bp14vu59qr306oxotwh\gradle-8.0\lib\gradle-launcher-8.0.jar
Launcher Type: SUN_STANDARD

[Global flags]
     intx CICompilerCount                          = 4                                         {product} {ergonomic}
     uint ConcGCThreads                            = 2                                         {product} {ergonomic}
     uint G1ConcRefinementThreads                  = 8                                         {product} {ergonomic}
   size_t G1HeapRegionSize                         = 1048576                                   {product} {ergonomic}
    uintx GCDrainStackTargetSize                   = 64                                        {product} {ergonomic}
   size_t InitialHeapSize                          = 266338304                                 {product} {ergonomic}
   size_t MarkStackSize                            = 4194304                                   {product} {ergonomic}
   size_t MaxHeapSize                              = 2147483648                                {product} {command line}
   size_t MaxNewSize                               = 1287651328                                {product} {ergonomic}
   size_t MinHeapDeltaBytes                        = 1048576                                   {product} {ergonomic}
   size_t MinHeapSize                              = 8388608                                   {product} {ergonomic}
    uintx NonNMethodCodeHeapSize                   = 5839372                                {pd product} {ergonomic}
    uintx NonProfiledCodeHeapSize                  = 122909434                              {pd product} {ergonomic}
    uintx ProfiledCodeHeapSize                     = 122909434                              {pd product} {ergonomic}
    uintx ReservedCodeCacheSize                    = 251658240                              {pd product} {ergonomic}
     bool SegmentedCodeCache                       = true                                      {product} {ergonomic}
   size_t SoftMaxHeapSize                          = 2147483648                             {manageable} {ergonomic}
     bool UseCompressedClassPointers               = true                           {product lp64_product} {ergonomic}
     bool UseCompressedOops                        = true                           {product lp64_product} {ergonomic}
     bool UseG1GC                                  = true                                      {product} {ergonomic}
     bool UseLargePagesIndividualAllocation        = false                                  {pd product} {ergonomic}

Logging:
Log output configuration:
 #0: stdout all=warning uptime,level,tags
 #1: stderr all=off uptime,level,tags

Environment Variables:
JAVA_HOME=C:\Program Files (x86)\Open JavaSDK\jdk-18.0.2.1
PATH=C:\Program Files\Common Files\Oracle\Java\javapath;C:\Program Files (x86)\Common Files\Oracle\Java\javapath;C:\Users\acer\AppData\Local\Programs\Python\Python311\Scripts\;C:\Program Files (x86)\Open JavaSDK\jdk-18.0.2.1\bin;C:\Program Files (x86)\Common Files\Intel\Shared Libraries\redist\intel64\compiler;C:\Windows\system32;C:\Windows;C:\Windows\System32\Wbem;C:\Windows\System32\WindowsPowerShell\v1.0\;C:\Windows\System32\OpenSSH\;C:\Program Files (x86)\NVIDIA Corporation\PhysX\Common;C:\Program Files\NVIDIA Corporation\NVIDIA NvDLISR;C:\WINDOWS\system32;C:\WINDOWS;C:\WINDOWS\System32\Wbem;C:\WINDOWS\System32\WindowsPowerShell\v1.0\;C:\Program Files\dotnet\;C:\Program Files\MySQL\MySQL Server 8.0\bin;C:\Program Files\Git\cmd;C:\WINDOWS\System32\OpenSSH\;C:\ProgramData\ComposerSetup\bin;C:\Program Files\Java\jdk-20\bin;C:\MinGW\bin;C:\Program Files\nodejs\;C:\Program Files\cmdline-tools\bin;C:\gradle-8.3\bin;C:\Program Files\Cloudflare\Cloudflare WARP\;C:\ProgramData\chocolatey\bin;C:\Users\acer\AppData\Local\Android\Sdk\platform-tools;C:\Users\acer\AppData\Local\Programs\Python\Python38\Scripts\;C:\Users\acer\AppData\Local\Programs\Python\Python38\;C:\Users\acer\.console-ninja\.bin;C:\Users\acer\AppData\Local\Programs\Python\Python311\Scripts\;C:\Users\acer\AppData\Local\Programs\Python\Python311\;C:\Users\acer\AppData\Local\Programs\Python\Python310\Scripts\;C:\Users\acer\AppData\Local\Programs\Python\Python310\;C:\Program Files\MySQL\MySQL Shell 8.0\bin\;C:\Users\acer\AppData\Local\Microsoft\WindowsApps;C:\Users\acer\AppData\Local\Programs\Microsoft VS Code\bin;C:\Users\acer\.dotnet\tools;C:\Program Files\JetBrains\IntelliJ IDEA Community Edition 2022.2.1\bin;C:\Program Files\nodejs;C:\Program Files (x86)\Nmap;C:\Users\acer\AppData\Local\mongodb\mongosh-1.6.0-win32-x64\bin;C:\Users\acer\AppData\Local\spicetify;C:\Program Files\PHP;C:\Users\acer\AppData\Roaming\Composer\vendor\bin;C:\Users\acer\AppData\Roaming\npm;C:\Users\acer\AppData\Local\Programs\Julia-1.9.3
USERNAME=acer
OS=Windows_NT
PROCESSOR_IDENTIFIER=Intel64 Family 6 Model 140 Stepping 1, GenuineIntel
TMP=C:\Users\acer\AppData\Local\Temp
TEMP=C:\Users\acer\AppData\Local\Temp


JNI global refs:
JNI global refs: 26, weak refs: 0

JNI global refs memory usage: 843, weak refs: 841


---------------  S Y S T E M  ---------------

OS:
 Windows 11 , 64 bit Build 22621 (10.0.22621.2215)
OS uptime: 0 days 2:22 hours
Hyper-V role detected

CPU: total 8 (initial active 8) (4 cores per cpu, 2 threads per core) family 6 model 140 stepping 1 microcode 0x86, cx8, cmov, fxsr, ht, mmx, 3dnowpref, sse, sse2, sse3, ssse3, sse4.1, sse4.2, popcnt, lzcnt, tsc, tscinvbit, avx, avx2, aes, erms, clmul, bmi1, bmi2, adx, avx512f, avx512dq, avx512cd, avx512bw, avx512vl, sha, fma, vzeroupper, avx512_vpopcntdq, avx512_vpclmulqdq, avx512_vaes, avx512_vnni, clflush, clflushopt, clwb, avx512_vbmi2, avx512_vbmi, hv

Memory: 4k page, system-wide physical 16179M (3537M free)
TotalPageFile size 16179M (AvailPageFile size 22M)
current process WorkingSet (physical memory assigned to process): 514M, peak: 519M
current process commit charge ("private bytes"): 549M, peak: 572M

vm_info: OpenJDK 64-Bit Server VM (17.0.6+0-b2043.56-10027231) for windows-amd64 JRE (17.0.6+0-b2043.56-10027231), built on Apr 28 2023 00:43:19 by "androidbuild" with MS VC++ 16.10 / 16.11 (VS2019)

END.
