#
# There is insufficient memory for the Java Runtime Environment to continue.
# Native memory allocation (malloc) failed to allocate 1031536 bytes for Chunk::new
# Possible reasons:
#   The system is out of physical RAM or swap space
#   The process is running with CompressedOops enabled, and the Java Heap may be blocking the growth of the native heap
# Possible solutions:
#   Reduce memory load on the system
#   Increase physical memory or swap space
#   Check if swap backing store is full
#   Decrease Java heap size (-Xmx/-Xms)
#   Decrease number of Java threads
#   Decrease Java thread stack sizes (-Xss)
#   Set larger code cache with -XX:ReservedCodeCacheSize=
#   JVM is running with Unscaled Compressed Oops mode in which the Java heap is
#     placed in the first 4GB address space. The Java Heap base address is the
#     maximum limit for the native heap growth. Please use -XX:HeapBaseMinAddress
#     to set the Java Heap base and to place the Java Heap above 4GB virtual address.
# This output file may be truncated or incomplete.
#
#  Out of Memory Error (arena.cpp:189), pid=9052, tid=8692
#
# JRE version: OpenJDK Runtime Environment (17.0.6) (build 17.0.6+0-b2043.56-10027231)
# Java VM: OpenJDK 64-Bit Server VM (17.0.6+0-b2043.56-10027231, mixed mode, tiered, compressed oops, compressed class ptrs, g1 gc, windows-amd64)
# No core dump will be written. Minidumps are not enabled by default on client versions of Windows
#

---------------  S U M M A R Y ------------

Command Line: --add-opens=java.base/java.util=ALL-UNNAMED --add-opens=java.base/java.lang=ALL-UNNAMED --add-opens=java.base/java.lang.invoke=ALL-UNNAMED --add-opens=java.prefs/java.util.prefs=ALL-UNNAMED --add-opens=java.base/java.nio.charset=ALL-UNNAMED --add-opens=java.base/java.net=ALL-UNNAMED --add-opens=java.base/java.util.concurrent.atomic=ALL-UNNAMED -Xmx2048m -Dfile.encoding=UTF-8 -Duser.country=ID -Duser.language=en -Duser.variant org.gradle.launcher.daemon.bootstrap.GradleDaemon 8.0

Host: 11th Gen Intel(R) Core(TM) i5-11300H @ 3.10GHz, 8 cores, 15G,  Windows 11 , 64 bit Build 22621 (10.0.22621.2215)
Time: Sat Oct 28 22:55:07 2023 SE Asia Standard Time elapsed time: 541.878640 seconds (0d 0h 9m 1s)

---------------  T H R E A D  ---------------

Current thread (0x0000015962c86230):  JavaThread "C2 CompilerThread0" daemon [_thread_in_native, id=8692, stack(0x0000000372b00000,0x0000000372c00000)]


Current CompileTask:
C2: 541878 20895       4       org.gradle.internal.snapshot.impl.AbstractValueProcessor::processValue (775 bytes)

Stack: [0x0000000372b00000,0x0000000372c00000]
Native frames: (J=compiled Java code, j=interpreted, Vv=VM code, C=native code)
V  [jvm.dll+0x683c9a]
V  [jvm.dll+0x8427a4]
V  [jvm.dll+0x843f9e]
V  [jvm.dll+0x844603]
V  [jvm.dll+0x249b75]
V  [jvm.dll+0xabcac]
V  [jvm.dll+0xac27c]
V  [jvm.dll+0x368802]
V  [jvm.dll+0x332f31]
V  [jvm.dll+0x3323da]
V  [jvm.dll+0x21c201]
V  [jvm.dll+0x21b621]
V  [jvm.dll+0x1a4fdd]
V  [jvm.dll+0x22b098]
V  [jvm.dll+0x229159]
V  [jvm.dll+0x7f81ec]
V  [jvm.dll+0x7f274a]
V  [jvm.dll+0x682ad5]
C  [ucrtbase.dll+0x29363]
C  [KERNEL32.DLL+0x1257d]
C  [ntdll.dll+0x5aa68]


---------------  P R O C E S S  ---------------

Threads class SMR info:
_java_thread_list=0x00000159655e1e20, length=55, elements={
0x000001594836d0c0, 0x00000159621d7290, 0x0000015962c37320, 0x0000015962c8da30,
0x0000015962c73c90, 0x0000015962c85880, 0x0000015962c88880, 0x0000015962c86230,
0x0000015962c86830, 0x0000015962cab900, 0x0000015962e32350, 0x0000015962e32c30,
0x000001596651eeb0, 0x0000015964559150, 0x00000159656e39e0, 0x00000159641e2830,
0x00000159641e0680, 0x00000159641e0b50, 0x00000159641e19c0, 0x00000159641e1e90,
0x00000159641e31d0, 0x00000159667a3870, 0x00000159667a63c0, 0x00000159667a2060,
0x00000159667a2a00, 0x00000159667a4bb0, 0x00000159667a5080, 0x00000159667a33a0,
0x000001596b7ad790, 0x000001596b7ae130, 0x000001596b7b1620, 0x000001596b7adc60,
0x000001596b39dc80, 0x000001596b39c940, 0x000001596b39ce10, 0x000001596b39e150,
0x000001596b23b130, 0x000001596aec6080, 0x0000015966fabcf0, 0x00000159632db8e0,
0x0000015966d01370, 0x0000015966cab070, 0x000001596b97f880, 0x000001596b981560,
0x000001596b981f00, 0x0000015966d02b80, 0x0000015966d00500, 0x0000015966d04d30,
0x00000159632dd0f0, 0x00000159632da5a0, 0x00000159632da0d0, 0x00000159632d9c00,
0x000001596649b880, 0x0000015966499a20, 0x000001596b03ee20
}

Java Threads: ( => current thread )
  0x000001594836d0c0 JavaThread "main" [_thread_blocked, id=11100, stack(0x0000000371e00000,0x0000000371f00000)]
  0x00000159621d7290 JavaThread "Reference Handler" daemon [_thread_blocked, id=4032, stack(0x0000000372500000,0x0000000372600000)]
  0x0000015962c37320 JavaThread "Finalizer" daemon [_thread_blocked, id=12580, stack(0x0000000372600000,0x0000000372700000)]
  0x0000015962c8da30 JavaThread "Signal Dispatcher" daemon [_thread_blocked, id=2984, stack(0x0000000372700000,0x0000000372800000)]
  0x0000015962c73c90 JavaThread "Attach Listener" daemon [_thread_blocked, id=13092, stack(0x0000000372800000,0x0000000372900000)]
  0x0000015962c85880 JavaThread "Service Thread" daemon [_thread_blocked, id=4020, stack(0x0000000372900000,0x0000000372a00000)]
  0x0000015962c88880 JavaThread "Monitor Deflation Thread" daemon [_thread_blocked, id=8316, stack(0x0000000372a00000,0x0000000372b00000)]
=>0x0000015962c86230 JavaThread "C2 CompilerThread0" daemon [_thread_in_native, id=8692, stack(0x0000000372b00000,0x0000000372c00000)]
  0x0000015962c86830 JavaThread "C1 CompilerThread0" daemon [_thread_in_vm, id=4024, stack(0x0000000372c00000,0x0000000372d00000)]
  0x0000015962cab900 JavaThread "Sweeper thread" daemon [_thread_blocked, id=12676, stack(0x0000000372d00000,0x0000000372e00000)]
  0x0000015962e32350 JavaThread "Common-Cleaner" daemon [_thread_blocked, id=12324, stack(0x0000000372e00000,0x0000000372f00000)]
  0x0000015962e32c30 JavaThread "Notification Thread" daemon [_thread_blocked, id=13116, stack(0x0000000372f00000,0x0000000373000000)]
  0x000001596651eeb0 JavaThread "Daemon health stats" [_thread_blocked, id=13112, stack(0x0000000373800000,0x0000000373900000)]
  0x0000015964559150 JavaThread "Incoming local TCP Connector on port 13686" [_thread_in_native, id=6704, stack(0x0000000373200000,0x0000000373300000)]
  0x00000159656e39e0 JavaThread "Daemon periodic checks" [_thread_blocked, id=2912, stack(0x0000000373900000,0x0000000373a00000)]
  0x00000159641e2830 JavaThread "Cache worker for journal cache (C:\Users\acer\.gradle\caches\journal-1)" [_thread_blocked, id=12248, stack(0x0000000374400000,0x0000000374500000)]
  0x00000159641e0680 JavaThread "File lock request listener" [_thread_in_native, id=6492, stack(0x0000000374500000,0x0000000374600000)]
  0x00000159641e0b50 JavaThread "Cache worker for file hash cache (C:\Users\acer\.gradle\caches\8.0\fileHashes)" [_thread_blocked, id=11816, stack(0x0000000374600000,0x0000000374700000)]
  0x00000159641e19c0 JavaThread "File watcher server" daemon [_thread_in_native, id=7292, stack(0x0000000373100000,0x0000000373200000)]
  0x00000159641e1e90 JavaThread "File watcher consumer" daemon [_thread_blocked, id=13248, stack(0x0000000374700000,0x0000000374800000)]
  0x00000159641e31d0 JavaThread "Cache worker for file content cache (C:\Users\acer\.gradle\caches\8.0\fileContent)" [_thread_blocked, id=13236, stack(0x0000000374b00000,0x0000000374c00000)]
  0x00000159667a3870 JavaThread "Cache worker for execution history cache (C:\Users\acer\.gradle\caches\8.0\executionHistory)" [_thread_blocked, id=8632, stack(0x0000000374e00000,0x0000000374f00000)]
  0x00000159667a63c0 JavaThread "jar transforms" [_thread_blocked, id=13268, stack(0x0000000374f00000,0x0000000375000000)]
  0x00000159667a2060 JavaThread "jar transforms Thread 2" [_thread_blocked, id=7280, stack(0x0000000375000000,0x0000000375100000)]
  0x00000159667a2a00 JavaThread "Cache worker for kotlin-dsl (C:\Users\acer\.gradle\caches\8.0\kotlin-dsl)" [_thread_blocked, id=11124, stack(0x0000000375300000,0x0000000375400000)]
  0x00000159667a4bb0 JavaThread "jar transforms Thread 3" [_thread_blocked, id=5592, stack(0x0000000375400000,0x0000000375500000)]
  0x00000159667a5080 JavaThread "jar transforms Thread 4" [_thread_blocked, id=2284, stack(0x0000000375500000,0x0000000375600000)]
  0x00000159667a33a0 JavaThread "jar transforms Thread 5" [_thread_blocked, id=14416, stack(0x0000000375800000,0x0000000375900000)]
  0x000001596b7ad790 JavaThread "jar transforms Thread 6" [_thread_blocked, id=3384, stack(0x000000037a900000,0x000000037aa00000)]
  0x000001596b7ae130 JavaThread "jar transforms Thread 7" [_thread_blocked, id=13548, stack(0x000000037aa00000,0x000000037ab00000)]
  0x000001596b7b1620 JavaThread "jar transforms Thread 8" [_thread_blocked, id=14440, stack(0x000000037ab00000,0x000000037ac00000)]
  0x000001596b7adc60 JavaThread "Memory manager" [_thread_blocked, id=13120, stack(0x000000037ad00000,0x000000037ae00000)]
  0x000001596b39dc80 JavaThread "RMI Scheduler(0)" daemon [_thread_blocked, id=14944, stack(0x0000000374800000,0x0000000374900000)]
  0x000001596b39c940 JavaThread "RMI GC Daemon" daemon [_thread_blocked, id=2260, stack(0x000000037b800000,0x000000037b900000)]
  0x000001596b39ce10 JavaThread "RMI TCP Accept-0" daemon [_thread_in_native, id=5976, stack(0x000000037b900000,0x000000037ba00000)]
  0x000001596b39e150 JavaThread "RMI Reaper" [_thread_blocked, id=3104, stack(0x000000037ba00000,0x000000037bb00000)]
  0x000001596b23b130 JavaThread "ForkJoinPool.commonPool-worker-5" daemon [_thread_blocked, id=4056, stack(0x000000037c900000,0x000000037ca00000)]
  0x000001596aec6080 JavaThread "ForkJoinPool.commonPool-worker-7" daemon [_thread_blocked, id=10356, stack(0x000000037cb00000,0x000000037cc00000)]
  0x0000015966fabcf0 JavaThread "ForkJoinPool.commonPool-worker-9" daemon [_thread_blocked, id=11900, stack(0x000000037b600000,0x000000037b700000)]
  0x00000159632db8e0 JavaThread "ForkJoinPool.commonPool-worker-10" daemon [_thread_blocked, id=13808, stack(0x000000037c500000,0x000000037c600000)]
  0x0000015966d01370 JavaThread "RMI TCP Connection(idle)" daemon [_thread_blocked, id=11740, stack(0x0000000371b00000,0x0000000371c00000)]
  0x0000015966cab070 JavaThread "Daemon Thread 4" [_thread_blocked, id=3324, stack(0x0000000371c00000,0x0000000371d00000)]
  0x000001596b97f880 JavaThread "Handler for socket connection from /127.0.0.1:13686 to /127.0.0.1:13818" [_thread_in_native, id=14308, stack(0x0000000371d00000,0x0000000371e00000)]
  0x000001596b981560 JavaThread "Cancel handler" [_thread_blocked, id=9808, stack(0x0000000373a00000,0x0000000373b00000)]
  0x000001596b981f00 JavaThread "Daemon worker Thread 4" [_thread_in_Java, id=15028, stack(0x0000000373b00000,0x0000000373c00000)]
  0x0000015966d02b80 JavaThread "Asynchronous log dispatcher for DefaultDaemonConnection: socket connection from /127.0.0.1:13686 to /127.0.0.1:13818" [_thread_blocked, id=10716, stack(0x0000000373c00000,0x0000000373d00000)]
  0x0000015966d00500 JavaThread "Stdin handler" [_thread_blocked, id=5060, stack(0x0000000373d00000,0x0000000373e00000)]
  0x0000015966d04d30 JavaThread "Daemon client event forwarder" [_thread_blocked, id=5116, stack(0x0000000373e00000,0x0000000373f00000)]
  0x00000159632dd0f0 JavaThread "Cache worker for checksums cache (C:\Users\acer\AndroidStudioProjects\MovieApp\.gradle\8.0\checksums)" [_thread_blocked, id=4572, stack(0x0000000373f00000,0x0000000374000000)]
  0x00000159632da5a0 JavaThread "Cache worker for cache directory md-rule (C:\Users\acer\.gradle\caches\8.0\md-rule)" [_thread_blocked, id=14080, stack(0x0000000374000000,0x0000000374100000)]
  0x00000159632da0d0 JavaThread "Cache worker for file hash cache (C:\Users\acer\AndroidStudioProjects\MovieApp\.gradle\8.0\fileHashes)" [_thread_blocked, id=14600, stack(0x0000000374900000,0x0000000374a00000)]
  0x00000159632d9c00 JavaThread "Cache worker for cache directory md-supplier (C:\Users\acer\.gradle\caches\8.0\md-supplier)" [_thread_blocked, id=9624, stack(0x0000000374a00000,0x0000000374b00000)]
  0x000001596649b880 JavaThread "C2 CompilerThread1" daemon [_thread_blocked, id=10500, stack(0x0000000374c00000,0x0000000374d00000)]
  0x0000015966499a20 JavaThread "C2 CompilerThread2" daemon [_thread_in_native, id=12956, stack(0x0000000374d00000,0x0000000374e00000)]
  0x000001596b03ee20 JavaThread "Cache worker for dependencies-accessors (C:\Users\acer\AndroidStudioProjects\MovieApp\.gradle\8.0\dependencies-accessors)" [_thread_blocked, id=8332, stack(0x0000000375100000,0x0000000375200000)]

Other Threads:
  0x00000159621d67f0 VMThread "VM Thread" [stack: 0x0000000372400000,0x0000000372500000] [id=2256]
  0x00000159483f48b0 WatcherThread [stack: 0x0000000373000000,0x0000000373100000] [id=3096]
  0x00000159483c7cc0 GCTaskThread "GC Thread#0" [stack: 0x0000000371f00000,0x0000000372000000] [id=11840]
  0x00000159634437d0 GCTaskThread "GC Thread#1" [stack: 0x0000000373300000,0x0000000373400000] [id=2236]
  0x0000015963d59bc0 GCTaskThread "GC Thread#2" [stack: 0x0000000373400000,0x0000000373500000] [id=5448]
  0x0000015963d59e70 GCTaskThread "GC Thread#3" [stack: 0x0000000373500000,0x0000000373600000] [id=9144]
  0x0000015963198d20 GCTaskThread "GC Thread#4" [stack: 0x0000000373600000,0x0000000373700000] [id=10908]
  0x0000015963198fd0 GCTaskThread "GC Thread#5" [stack: 0x0000000373700000,0x0000000373800000] [id=10556]
  0x0000015963f0eda0 GCTaskThread "GC Thread#6" [stack: 0x0000000374100000,0x0000000374200000] [id=3460]
  0x0000015963f0e2e0 GCTaskThread "GC Thread#7" [stack: 0x0000000374200000,0x0000000374300000] [id=5040]
  0x00000159483d8c00 ConcurrentGCThread "G1 Main Marker" [stack: 0x0000000372000000,0x0000000372100000] [id=13692]
  0x00000159483d9610 ConcurrentGCThread "G1 Conc#0" [stack: 0x0000000372100000,0x0000000372200000] [id=8020]
  0x0000015963f0f050 ConcurrentGCThread "G1 Conc#1" [stack: 0x0000000374300000,0x0000000374400000] [id=11884]
  0x000001596208a1b0 ConcurrentGCThread "G1 Refine#0" [stack: 0x0000000372200000,0x0000000372300000] [id=2080]
  0x0000015965d84c00 ConcurrentGCThread "G1 Refine#1" [stack: 0x0000000375200000,0x0000000375300000] [id=14692]
  0x000001596208a9e0 ConcurrentGCThread "G1 Service" [stack: 0x0000000372300000,0x0000000372400000] [id=6172]

Threads with active compile tasks:
C2 CompilerThread0   541903 20895       4       org.gradle.internal.snapshot.impl.AbstractValueProcessor::processValue (775 bytes)
C2 CompilerThread2   541903 20792       4       org.gradle.internal.instantiation.generator.AbstractClassGenerator::inspectType (560 bytes)

VM state: not at safepoint (normal execution)

VM Mutex/Monitor currently owned by a thread: None

Heap address: 0x0000000080000000, size: 2048 MB, Compressed Oops mode: 32-bit

CDS archive(s) not mapped
Compressed class space mapped at: 0x0000000100000000-0x0000000140000000, reserved size: 1073741824
Narrow klass base: 0x0000000000000000, Narrow klass shift: 3, Narrow klass range: 0x140000000

GC Precious Log:
 CPUs: 8 total, 8 available
 Memory: 16179M
 Large Page Support: Disabled
 NUMA Support: Disabled
 Compressed Oops: Enabled (32-bit)
 Heap Region Size: 1M
 Heap Min Capacity: 8M
 Heap Initial Capacity: 254M
 Heap Max Capacity: 2G
 Pre-touch: Disabled
 Parallel Workers: 8
 Concurrent Workers: 2
 Concurrent Refinement Workers: 8
 Periodic GC: Disabled

Heap:
 garbage-first heap   total 302080K, used 178453K [0x0000000080000000, 0x0000000100000000)
  region size 1024K, 6 young (6144K), 3 survivors (3072K)
 Metaspace       used 127626K, committed 128704K, reserved 1163264K
  class space    used 17530K, committed 18048K, reserved 1048576K

Heap Regions: E=young(eden), S=young(survivor), O=old, HS=humongous(starts), HC=humongous(continues), CS=collection set, F=free, OA=open archive, CA=closed archive, TAMS=top-at-mark-start (previous, next)
|   0|0x0000000080000000, 0x0000000080100000, 0x0000000080100000|100%|HS|  |TAMS 0x0000000080100000, 0x0000000080000000| Complete 
|   1|0x0000000080100000, 0x0000000080200000, 0x0000000080200000|100%|HC|  |TAMS 0x0000000080200000, 0x0000000080100000| Complete 
|   2|0x0000000080200000, 0x0000000080300000, 0x0000000080300000|100%|HC|  |TAMS 0x0000000080300000, 0x0000000080200000| Complete 
|   3|0x0000000080300000, 0x0000000080400000, 0x0000000080400000|100%|HC|  |TAMS 0x0000000080400000, 0x0000000080300000| Complete 
|   4|0x0000000080400000, 0x0000000080500000, 0x0000000080500000|100%| O|  |TAMS 0x0000000080500000, 0x0000000080400000| Untracked 
|   5|0x0000000080500000, 0x0000000080600000, 0x0000000080600000|100%| O|  |TAMS 0x0000000080600000, 0x0000000080500000| Untracked 
|   6|0x0000000080600000, 0x0000000080700000, 0x0000000080700000|100%| O|  |TAMS 0x0000000080700000, 0x0000000080600000| Untracked 
|   7|0x0000000080700000, 0x0000000080800000, 0x0000000080800000|100%| O|  |TAMS 0x0000000080800000, 0x0000000080700000| Untracked 
|   8|0x0000000080800000, 0x0000000080900000, 0x0000000080900000|100%| O|  |TAMS 0x0000000080900000, 0x0000000080800000| Untracked 
|   9|0x0000000080900000, 0x0000000080a00000, 0x0000000080a00000|100%| O|  |TAMS 0x0000000080a00000, 0x0000000080900000| Untracked 
|  10|0x0000000080a00000, 0x0000000080b00000, 0x0000000080b00000|100%| O|  |TAMS 0x0000000080b00000, 0x0000000080a00000| Untracked 
|  11|0x0000000080b00000, 0x0000000080c00000, 0x0000000080c00000|100%| O|  |TAMS 0x0000000080c00000, 0x0000000080b00000| Untracked 
|  12|0x0000000080c00000, 0x0000000080d00000, 0x0000000080d00000|100%| O|  |TAMS 0x0000000080d00000, 0x0000000080c00000| Untracked 
|  13|0x0000000080d00000, 0x0000000080e00000, 0x0000000080e00000|100%| O|  |TAMS 0x0000000080e00000, 0x0000000080d00000| Untracked 
|  14|0x0000000080e00000, 0x0000000080f00000, 0x0000000080f00000|100%| O|  |TAMS 0x0000000080f00000, 0x0000000080e00000| Untracked 
|  15|0x0000000080f00000, 0x0000000081000000, 0x0000000081000000|100%| O|  |TAMS 0x0000000081000000, 0x0000000080f00000| Untracked 
|  16|0x0000000081000000, 0x0000000081100000, 0x0000000081100000|100%| O|  |TAMS 0x0000000081100000, 0x0000000081000000| Untracked 
|  17|0x0000000081100000, 0x0000000081200000, 0x0000000081200000|100%| O|  |TAMS 0x0000000081200000, 0x0000000081100000| Untracked 
|  18|0x0000000081200000, 0x0000000081300000, 0x0000000081300000|100%| O|  |TAMS 0x0000000081300000, 0x0000000081200000| Untracked 
|  19|0x0000000081300000, 0x0000000081400000, 0x0000000081400000|100%| O|  |TAMS 0x0000000081400000, 0x0000000081300000| Untracked 
|  20|0x0000000081400000, 0x0000000081500000, 0x0000000081500000|100%| O|  |TAMS 0x0000000081500000, 0x0000000081400000| Untracked 
|  21|0x0000000081500000, 0x0000000081600000, 0x0000000081600000|100%| O|  |TAMS 0x0000000081600000, 0x0000000081500000| Untracked 
|  22|0x0000000081600000, 0x0000000081700000, 0x0000000081700000|100%| O|  |TAMS 0x0000000081700000, 0x0000000081600000| Complete 
|  23|0x0000000081700000, 0x0000000081800000, 0x0000000081800000|100%| O|  |TAMS 0x0000000081800000, 0x0000000081700000| Untracked 
|  24|0x0000000081800000, 0x0000000081900000, 0x0000000081900000|100%| O|  |TAMS 0x0000000081900000, 0x0000000081800000| Untracked 
|  25|0x0000000081900000, 0x0000000081a00000, 0x0000000081a00000|100%| O|  |TAMS 0x0000000081a00000, 0x0000000081900000| Untracked 
|  26|0x0000000081a00000, 0x0000000081b00000, 0x0000000081b00000|100%| O|  |TAMS 0x0000000081b00000, 0x0000000081a00000| Untracked 
|  27|0x0000000081b00000, 0x0000000081c00000, 0x0000000081c00000|100%| O|  |TAMS 0x0000000081c00000, 0x0000000081b00000| Untracked 
|  28|0x0000000081c00000, 0x0000000081d00000, 0x0000000081d00000|100%| O|  |TAMS 0x0000000081d00000, 0x0000000081c00000| Untracked 
|  29|0x0000000081d00000, 0x0000000081e00000, 0x0000000081e00000|100%| O|  |TAMS 0x0000000081e00000, 0x0000000081d00000| Untracked 
|  30|0x0000000081e00000, 0x0000000081f00000, 0x0000000081f00000|100%| O|  |TAMS 0x0000000081f00000, 0x0000000081e00000| Untracked 
|  31|0x0000000081f00000, 0x0000000082000000, 0x0000000082000000|100%| O|  |TAMS 0x0000000082000000, 0x0000000081f00000| Untracked 
|  32|0x0000000082000000, 0x0000000082100000, 0x0000000082100000|100%| O|  |TAMS 0x0000000082100000, 0x0000000082000000| Untracked 
|  33|0x0000000082100000, 0x0000000082200000, 0x0000000082200000|100%|HS|  |TAMS 0x0000000082200000, 0x0000000082100000| Complete 
|  34|0x0000000082200000, 0x0000000082300000, 0x0000000082300000|100%|HS|  |TAMS 0x0000000082300000, 0x0000000082200000| Complete 
|  35|0x0000000082300000, 0x0000000082400000, 0x0000000082400000|100%|HS|  |TAMS 0x0000000082400000, 0x0000000082300000| Complete 
|  36|0x0000000082400000, 0x0000000082500000, 0x0000000082500000|100%|HC|  |TAMS 0x0000000082500000, 0x0000000082400000| Complete 
|  37|0x0000000082500000, 0x0000000082600000, 0x0000000082600000|100%|HS|  |TAMS 0x0000000082600000, 0x0000000082500000| Complete 
|  38|0x0000000082600000, 0x0000000082700000, 0x0000000082700000|100%| O|  |TAMS 0x0000000082700000, 0x0000000082600000| Untracked 
|  39|0x0000000082700000, 0x0000000082800000, 0x0000000082800000|100%| O|  |TAMS 0x0000000082800000, 0x0000000082700000| Complete 
|  40|0x0000000082800000, 0x0000000082900000, 0x0000000082900000|100%| O|  |TAMS 0x0000000082900000, 0x0000000082800000| Untracked 
|  41|0x0000000082900000, 0x0000000082a00000, 0x0000000082a00000|100%| O|  |TAMS 0x0000000082a00000, 0x0000000082900000| Complete 
|  42|0x0000000082a00000, 0x0000000082b00000, 0x0000000082b00000|100%|HS|  |TAMS 0x0000000082b00000, 0x0000000082a00000| Complete 
|  43|0x0000000082b00000, 0x0000000082c00000, 0x0000000082c00000|100%|HC|  |TAMS 0x0000000082c00000, 0x0000000082b00000| Complete 
|  44|0x0000000082c00000, 0x0000000082d00000, 0x0000000082d00000|100%|HC|  |TAMS 0x0000000082d00000, 0x0000000082c00000| Complete 
|  45|0x0000000082d00000, 0x0000000082e00000, 0x0000000082e00000|100%|HC|  |TAMS 0x0000000082e00000, 0x0000000082d00000| Complete 
|  46|0x0000000082e00000, 0x0000000082f00000, 0x0000000082f00000|100%| O|  |TAMS 0x0000000082f00000, 0x0000000082e00000| Untracked 
|  47|0x0000000082f00000, 0x0000000083000000, 0x0000000083000000|100%| O|  |TAMS 0x0000000083000000, 0x0000000082f00000| Untracked 
|  48|0x0000000083000000, 0x0000000083100000, 0x0000000083100000|100%| O|  |TAMS 0x0000000083100000, 0x0000000083000000| Untracked 
|  49|0x0000000083100000, 0x0000000083200000, 0x0000000083200000|100%| O|  |TAMS 0x0000000083200000, 0x0000000083100000| Untracked 
|  50|0x0000000083200000, 0x0000000083300000, 0x0000000083300000|100%| O|  |TAMS 0x0000000083300000, 0x0000000083200000| Untracked 
|  51|0x0000000083300000, 0x0000000083400000, 0x0000000083400000|100%| O|  |TAMS 0x0000000083400000, 0x0000000083300000| Complete 
|  52|0x0000000083400000, 0x0000000083500000, 0x0000000083500000|100%| O|  |TAMS 0x0000000083500000, 0x0000000083400000| Untracked 
|  53|0x0000000083500000, 0x0000000083600000, 0x0000000083600000|100%| O|  |TAMS 0x0000000083600000, 0x0000000083500000| Untracked 
|  54|0x0000000083600000, 0x0000000083700000, 0x0000000083700000|100%| O|  |TAMS 0x0000000083700000, 0x0000000083600000| Untracked 
|  55|0x0000000083700000, 0x0000000083800000, 0x0000000083800000|100%| O|  |TAMS 0x0000000083800000, 0x0000000083700000| Untracked 
|  56|0x0000000083800000, 0x0000000083900000, 0x0000000083900000|100%| O|  |TAMS 0x0000000083900000, 0x0000000083800000| Untracked 
|  57|0x0000000083900000, 0x0000000083a00000, 0x0000000083a00000|100%| O|  |TAMS 0x0000000083a00000, 0x0000000083900000| Untracked 
|  58|0x0000000083a00000, 0x0000000083b00000, 0x0000000083b00000|100%| O|  |TAMS 0x0000000083b00000, 0x0000000083a00000| Untracked 
|  59|0x0000000083b00000, 0x0000000083c00000, 0x0000000083c00000|100%| O|  |TAMS 0x0000000083c00000, 0x0000000083b00000| Untracked 
|  60|0x0000000083c00000, 0x0000000083d00000, 0x0000000083d00000|100%| O|  |TAMS 0x0000000083d00000, 0x0000000083c00000| Untracked 
|  61|0x0000000083d00000, 0x0000000083e00000, 0x0000000083e00000|100%| O|  |TAMS 0x0000000083e00000, 0x0000000083d00000| Untracked 
|  62|0x0000000083e00000, 0x0000000083f00000, 0x0000000083f00000|100%| O|  |TAMS 0x0000000083f00000, 0x0000000083e00000| Complete 
|  63|0x0000000083f00000, 0x0000000084000000, 0x0000000084000000|100%| O|  |TAMS 0x0000000084000000, 0x0000000083f00000| Complete 
|  64|0x0000000084000000, 0x0000000084100000, 0x0000000084100000|100%| O|  |TAMS 0x0000000084100000, 0x0000000084000000| Untracked 
|  65|0x0000000084100000, 0x0000000084200000, 0x0000000084200000|100%| O|  |TAMS 0x0000000084200000, 0x0000000084100000| Untracked 
|  66|0x0000000084200000, 0x0000000084300000, 0x0000000084300000|100%| O|  |TAMS 0x0000000084300000, 0x0000000084200000| Untracked 
|  67|0x0000000084300000, 0x0000000084400000, 0x0000000084400000|100%| O|  |TAMS 0x0000000084400000, 0x0000000084300000| Untracked 
|  68|0x0000000084400000, 0x0000000084500000, 0x0000000084500000|100%| O|  |TAMS 0x0000000084500000, 0x0000000084400000| Complete 
|  69|0x0000000084500000, 0x0000000084600000, 0x0000000084600000|100%| O|  |TAMS 0x0000000084600000, 0x0000000084500000| Complete 
|  70|0x0000000084600000, 0x0000000084700000, 0x0000000084700000|100%| O|  |TAMS 0x0000000084700000, 0x0000000084600000| Untracked 
|  71|0x0000000084700000, 0x0000000084800000, 0x0000000084800000|100%| O|  |TAMS 0x0000000084800000, 0x0000000084700000| Untracked 
|  72|0x0000000084800000, 0x0000000084900000, 0x0000000084900000|100%| O|  |TAMS 0x0000000084900000, 0x0000000084800000| Untracked 
|  73|0x0000000084900000, 0x0000000084a00000, 0x0000000084a00000|100%| O|  |TAMS 0x0000000084a00000, 0x0000000084900000| Untracked 
|  74|0x0000000084a00000, 0x0000000084b00000, 0x0000000084b00000|100%| O|  |TAMS 0x0000000084b00000, 0x0000000084a00000| Untracked 
|  75|0x0000000084b00000, 0x0000000084c00000, 0x0000000084c00000|100%| O|  |TAMS 0x0000000084c00000, 0x0000000084b00000| Complete 
|  76|0x0000000084c00000, 0x0000000084d00000, 0x0000000084d00000|100%| O|  |TAMS 0x0000000084d00000, 0x0000000084c00000| Untracked 
|  77|0x0000000084d00000, 0x0000000084e00000, 0x0000000084e00000|100%| O|  |TAMS 0x0000000084e00000, 0x0000000084d00000| Untracked 
|  78|0x0000000084e00000, 0x0000000084f00000, 0x0000000084f00000|100%| O|  |TAMS 0x0000000084f00000, 0x0000000084e00000| Untracked 
|  79|0x0000000084f00000, 0x0000000085000000, 0x0000000085000000|100%| O|  |TAMS 0x0000000085000000, 0x0000000084f00000| Untracked 
|  80|0x0000000085000000, 0x0000000085100000, 0x0000000085100000|100%| O|  |TAMS 0x0000000085100000, 0x0000000085000000| Untracked 
|  81|0x0000000085100000, 0x0000000085200000, 0x0000000085200000|100%| O|  |TAMS 0x0000000085200000, 0x0000000085100000| Untracked 
|  82|0x0000000085200000, 0x0000000085300000, 0x0000000085300000|100%| O|  |TAMS 0x0000000085300000, 0x0000000085200000| Untracked 
|  83|0x0000000085300000, 0x0000000085400000, 0x0000000085400000|100%| O|  |TAMS 0x0000000085400000, 0x0000000085300000| Untracked 
|  84|0x0000000085400000, 0x0000000085500000, 0x0000000085500000|100%| O|  |TAMS 0x0000000085500000, 0x0000000085400000| Complete 
|  85|0x0000000085500000, 0x0000000085600000, 0x0000000085600000|100%| O|  |TAMS 0x0000000085600000, 0x0000000085500000| Untracked 
|  86|0x0000000085600000, 0x0000000085700000, 0x0000000085700000|100%| O|  |TAMS 0x0000000085700000, 0x0000000085600000| Untracked 
|  87|0x0000000085700000, 0x0000000085800000, 0x0000000085800000|100%| O|  |TAMS 0x0000000085800000, 0x0000000085700000| Untracked 
|  88|0x0000000085800000, 0x0000000085900000, 0x0000000085900000|100%| O|  |TAMS 0x0000000085900000, 0x0000000085800000| Untracked 
|  89|0x0000000085900000, 0x0000000085a00000, 0x0000000085a00000|100%| O|  |TAMS 0x0000000085a00000, 0x0000000085900000| Untracked 
|  90|0x0000000085a00000, 0x0000000085b00000, 0x0000000085b00000|100%| O|  |TAMS 0x0000000085b00000, 0x0000000085a00000| Untracked 
|  91|0x0000000085b00000, 0x0000000085c00000, 0x0000000085c00000|100%| O|  |TAMS 0x0000000085c00000, 0x0000000085b00000| Complete 
|  92|0x0000000085c00000, 0x0000000085d00000, 0x0000000085d00000|100%| O|  |TAMS 0x0000000085d00000, 0x0000000085c00000| Untracked 
|  93|0x0000000085d00000, 0x0000000085e00000, 0x0000000085e00000|100%| O|  |TAMS 0x0000000085e00000, 0x0000000085d00000| Complete 
|  94|0x0000000085e00000, 0x0000000085f00000, 0x0000000085f00000|100%| O|  |TAMS 0x0000000085f00000, 0x0000000085e00000| Untracked 
|  95|0x0000000085f00000, 0x0000000086000000, 0x0000000086000000|100%| O|  |TAMS 0x0000000086000000, 0x0000000085f00000| Complete 
|  96|0x0000000086000000, 0x0000000086100000, 0x0000000086100000|100%| O|  |TAMS 0x0000000086100000, 0x0000000086000000| Untracked 
|  97|0x0000000086100000, 0x0000000086200000, 0x0000000086200000|100%| O|  |TAMS 0x0000000086200000, 0x0000000086100000| Complete 
|  98|0x0000000086200000, 0x0000000086300000, 0x0000000086300000|100%| O|  |TAMS 0x0000000086300000, 0x0000000086200000| Untracked 
|  99|0x0000000086300000, 0x0000000086400000, 0x0000000086400000|100%| O|  |TAMS 0x0000000086400000, 0x0000000086300000| Untracked 
| 100|0x0000000086400000, 0x0000000086500000, 0x0000000086500000|100%| O|  |TAMS 0x0000000086500000, 0x0000000086400000| Complete 
| 101|0x0000000086500000, 0x0000000086600000, 0x0000000086600000|100%| O|  |TAMS 0x0000000086600000, 0x0000000086500000| Complete 
| 102|0x0000000086600000, 0x0000000086700000, 0x0000000086700000|100%| O|  |TAMS 0x0000000086700000, 0x0000000086600000| Untracked 
| 103|0x0000000086700000, 0x0000000086800000, 0x0000000086800000|100%| O|  |TAMS 0x0000000086800000, 0x0000000086700000| Untracked 
| 104|0x0000000086800000, 0x0000000086900000, 0x0000000086900000|100%| O|  |TAMS 0x0000000086900000, 0x0000000086800000| Untracked 
| 105|0x0000000086900000, 0x0000000086a00000, 0x0000000086a00000|100%| O|  |TAMS 0x0000000086a00000, 0x0000000086900000| Untracked 
| 106|0x0000000086a00000, 0x0000000086b00000, 0x0000000086b00000|100%| O|  |TAMS 0x0000000086b00000, 0x0000000086a00000| Untracked 
| 107|0x0000000086b00000, 0x0000000086c00000, 0x0000000086c00000|100%| O|  |TAMS 0x0000000086c00000, 0x0000000086b00000| Complete 
| 108|0x0000000086c00000, 0x0000000086d00000, 0x0000000086d00000|100%| O|  |TAMS 0x0000000086c00000, 0x0000000086c00000| Untracked 
| 109|0x0000000086d00000, 0x0000000086e00000, 0x0000000086e00000|100%| O|  |TAMS 0x0000000086e00000, 0x0000000086d00000| Complete 
| 110|0x0000000086e00000, 0x0000000086f00000, 0x0000000086f00000|100%| O|  |TAMS 0x0000000086f00000, 0x0000000086e00000| Untracked 
| 111|0x0000000086f00000, 0x0000000087000000, 0x0000000087000000|100%| O|  |TAMS 0x0000000087000000, 0x0000000086f00000| Untracked 
| 112|0x0000000087000000, 0x0000000087100000, 0x0000000087100000|100%| O|  |TAMS 0x0000000087100000, 0x0000000087000000| Untracked 
| 113|0x0000000087100000, 0x0000000087200000, 0x0000000087200000|100%| O|  |TAMS 0x0000000087200000, 0x0000000087100000| Complete 
| 114|0x0000000087200000, 0x0000000087300000, 0x0000000087300000|100%| O|  |TAMS 0x0000000087300000, 0x0000000087200000| Complete 
| 115|0x0000000087300000, 0x0000000087400000, 0x0000000087400000|100%| O|  |TAMS 0x0000000087400000, 0x0000000087300000| Complete 
| 116|0x0000000087400000, 0x0000000087500000, 0x0000000087500000|100%| O|  |TAMS 0x0000000087400000, 0x0000000087400000| Untracked 
| 117|0x0000000087500000, 0x0000000087600000, 0x0000000087600000|100%| O|  |TAMS 0x0000000087600000, 0x0000000087500000| Complete 
| 118|0x0000000087600000, 0x0000000087700000, 0x0000000087700000|100%| O|  |TAMS 0x0000000087700000, 0x0000000087600000| Complete 
| 119|0x0000000087700000, 0x0000000087800000, 0x0000000087800000|100%| O|  |TAMS 0x0000000087800000, 0x0000000087700000| Complete 
| 120|0x0000000087800000, 0x0000000087900000, 0x0000000087900000|100%| O|  |TAMS 0x0000000087900000, 0x0000000087800000| Complete 
| 121|0x0000000087900000, 0x0000000087a00000, 0x0000000087a00000|100%| O|  |TAMS 0x0000000087900000, 0x0000000087900000| Untracked 
| 122|0x0000000087a00000, 0x0000000087b00000, 0x0000000087b00000|100%| O|  |TAMS 0x0000000087b00000, 0x0000000087a00000| Complete 
| 123|0x0000000087b00000, 0x0000000087c00000, 0x0000000087c00000|100%| O|  |TAMS 0x0000000087c00000, 0x0000000087b00000| Untracked 
| 124|0x0000000087c00000, 0x0000000087d00000, 0x0000000087d00000|100%| O|  |TAMS 0x0000000087d00000, 0x0000000087c00000| Untracked 
| 125|0x0000000087d00000, 0x0000000087e00000, 0x0000000087e00000|100%| O|  |TAMS 0x0000000087e00000, 0x0000000087d00000| Untracked 
| 126|0x0000000087e00000, 0x0000000087f00000, 0x0000000087f00000|100%| O|  |TAMS 0x0000000087f00000, 0x0000000087e00000| Untracked 
| 127|0x0000000087f00000, 0x0000000088000000, 0x0000000088000000|100%| O|  |TAMS 0x0000000088000000, 0x0000000087f00000| Untracked 
| 128|0x0000000088000000, 0x0000000088100000, 0x0000000088100000|100%| O|  |TAMS 0x0000000088100000, 0x0000000088000000| Untracked 
| 129|0x0000000088100000, 0x0000000088200000, 0x0000000088200000|100%| O|  |TAMS 0x0000000088200000, 0x0000000088100000| Complete 
| 130|0x0000000088200000, 0x0000000088300000, 0x0000000088300000|100%| O|  |TAMS 0x0000000088300000, 0x0000000088200000| Complete 
| 131|0x0000000088300000, 0x0000000088400000, 0x0000000088400000|100%| O|  |TAMS 0x0000000088400000, 0x0000000088300000| Complete 
| 132|0x0000000088400000, 0x0000000088500000, 0x0000000088500000|100%| O|  |TAMS 0x0000000088500000, 0x0000000088400000| Complete 
| 133|0x0000000088500000, 0x0000000088600000, 0x0000000088600000|100%| O|  |TAMS 0x0000000088600000, 0x0000000088500000| Untracked 
| 134|0x0000000088600000, 0x0000000088700000, 0x0000000088700000|100%| O|  |TAMS 0x0000000088700000, 0x0000000088600000| Untracked 
| 135|0x0000000088700000, 0x0000000088800000, 0x0000000088800000|100%| O|  |TAMS 0x0000000088800000, 0x0000000088700000| Untracked 
| 136|0x0000000088800000, 0x0000000088900000, 0x0000000088900000|100%| O|  |TAMS 0x000000008885d000, 0x0000000088800000| Untracked 
| 137|0x0000000088900000, 0x0000000088a00000, 0x0000000088a00000|100%|HS|  |TAMS 0x0000000088a00000, 0x0000000088900000| Complete 
| 138|0x0000000088a00000, 0x0000000088b00000, 0x0000000088b00000|100%|HC|  |TAMS 0x0000000088b00000, 0x0000000088a00000| Complete 
| 139|0x0000000088b00000, 0x0000000088c00000, 0x0000000088c00000|100%| O|  |TAMS 0x0000000088c00000, 0x0000000088b00000| Complete 
| 140|0x0000000088c00000, 0x0000000088d00000, 0x0000000088d00000|100%| O|  |TAMS 0x0000000088d00000, 0x0000000088c00000| Complete 
| 141|0x0000000088d00000, 0x0000000088e00000, 0x0000000088e00000|100%| O|  |TAMS 0x0000000088d00000, 0x0000000088d00000| Untracked 
| 142|0x0000000088e00000, 0x0000000088f00000, 0x0000000088f00000|100%| O|  |TAMS 0x0000000088f00000, 0x0000000088e00000| Complete 
| 143|0x0000000088f00000, 0x0000000089000000, 0x0000000089000000|100%|HS|  |TAMS 0x0000000089000000, 0x0000000088f00000| Complete 
| 144|0x0000000089000000, 0x0000000089100000, 0x0000000089100000|100%|HC|  |TAMS 0x0000000089100000, 0x0000000089000000| Complete 
| 145|0x0000000089100000, 0x0000000089200000, 0x0000000089200000|100%|HC|  |TAMS 0x0000000089200000, 0x0000000089100000| Complete 
| 146|0x0000000089200000, 0x0000000089300000, 0x0000000089300000|100%|HS|  |TAMS 0x0000000089200000, 0x0000000089200000| Complete 
| 147|0x0000000089300000, 0x0000000089400000, 0x0000000089400000|100%|HC|  |TAMS 0x0000000089300000, 0x0000000089300000| Complete 
| 148|0x0000000089400000, 0x0000000089500000, 0x0000000089500000|100%|HC|  |TAMS 0x0000000089400000, 0x0000000089400000| Complete 
| 149|0x0000000089500000, 0x0000000089600000, 0x0000000089600000|100%|HS|  |TAMS 0x0000000089500000, 0x0000000089500000| Complete 
| 150|0x0000000089600000, 0x0000000089700000, 0x0000000089700000|100%|HC|  |TAMS 0x0000000089600000, 0x0000000089600000| Complete 
| 151|0x0000000089700000, 0x0000000089800000, 0x0000000089800000|100%|HC|  |TAMS 0x0000000089700000, 0x0000000089700000| Complete 
| 152|0x0000000089800000, 0x0000000089900000, 0x0000000089900000|100%| O|  |TAMS 0x0000000089800000, 0x0000000089800000| Untracked 
| 153|0x0000000089900000, 0x0000000089a00000, 0x0000000089a00000|100%|HS|  |TAMS 0x0000000089a00000, 0x0000000089900000| Complete 
| 154|0x0000000089a00000, 0x0000000089b00000, 0x0000000089b00000|100%|HC|  |TAMS 0x0000000089b00000, 0x0000000089a00000| Complete 
| 155|0x0000000089b00000, 0x0000000089c00000, 0x0000000089c00000|100%|HS|  |TAMS 0x0000000089c00000, 0x0000000089b00000| Complete 
| 156|0x0000000089c00000, 0x0000000089d00000, 0x0000000089d00000|100%|HC|  |TAMS 0x0000000089d00000, 0x0000000089c00000| Complete 
| 157|0x0000000089d00000, 0x0000000089e00000, 0x0000000089e00000|100%|HC|  |TAMS 0x0000000089e00000, 0x0000000089d00000| Complete 
| 158|0x0000000089e00000, 0x0000000089f00000, 0x0000000089f00000|100%|HS|  |TAMS 0x0000000089f00000, 0x0000000089e00000| Complete 
| 159|0x0000000089f00000, 0x000000008a000000, 0x000000008a000000|100%|HC|  |TAMS 0x000000008a000000, 0x0000000089f00000| Complete 
| 160|0x000000008a000000, 0x000000008a100000, 0x000000008a100000|100%|HC|  |TAMS 0x000000008a100000, 0x000000008a000000| Complete 
| 161|0x000000008a100000, 0x000000008a200000, 0x000000008a200000|100%|HC|  |TAMS 0x000000008a200000, 0x000000008a100000| Complete 
| 162|0x000000008a200000, 0x000000008a300000, 0x000000008a300000|100%|HC|  |TAMS 0x000000008a300000, 0x000000008a200000| Complete 
| 163|0x000000008a300000, 0x000000008a400000, 0x000000008a400000|100%|HC|  |TAMS 0x000000008a400000, 0x000000008a300000| Complete 
| 164|0x000000008a400000, 0x000000008a500000, 0x000000008a500000|100%|HC|  |TAMS 0x000000008a500000, 0x000000008a400000| Complete 
| 165|0x000000008a500000, 0x000000008a600000, 0x000000008a600000|100%|HC|  |TAMS 0x000000008a600000, 0x000000008a500000| Complete 
| 166|0x000000008a600000, 0x000000008a700000, 0x000000008a700000|100%|HC|  |TAMS 0x000000008a700000, 0x000000008a600000| Complete 
| 167|0x000000008a700000, 0x000000008a800000, 0x000000008a800000|100%|HC|  |TAMS 0x000000008a800000, 0x000000008a700000| Complete 
| 168|0x000000008a800000, 0x000000008a900000, 0x000000008a900000|100%|HC|  |TAMS 0x000000008a900000, 0x000000008a800000| Complete 
| 169|0x000000008a900000, 0x000000008aa00000, 0x000000008aa00000|100%|HC|  |TAMS 0x000000008aa00000, 0x000000008a900000| Complete 
| 170|0x000000008aa00000, 0x000000008aa6d400, 0x000000008ab00000| 42%| O|  |TAMS 0x000000008aa00000, 0x000000008aa00000| Untracked 
| 171|0x000000008ab00000, 0x000000008ab00000, 0x000000008ac00000|  0%| F|  |TAMS 0x000000008ab00000, 0x000000008ab00000| Untracked 
| 172|0x000000008ac00000, 0x000000008ac00000, 0x000000008ad00000|  0%| F|  |TAMS 0x000000008ac00000, 0x000000008ac00000| Untracked 
| 173|0x000000008ad00000, 0x000000008ad00000, 0x000000008ae00000|  0%| F|  |TAMS 0x000000008ad00000, 0x000000008ad00000| Untracked 
| 174|0x000000008ae00000, 0x000000008ae00000, 0x000000008af00000|  0%| F|  |TAMS 0x000000008ae00000, 0x000000008ae00000| Untracked 
| 175|0x000000008af00000, 0x000000008af00000, 0x000000008b000000|  0%| F|  |TAMS 0x000000008af00000, 0x000000008af00000| Untracked 
| 176|0x000000008b000000, 0x000000008b000000, 0x000000008b100000|  0%| F|  |TAMS 0x000000008b000000, 0x000000008b000000| Untracked 
| 177|0x000000008b100000, 0x000000008b100000, 0x000000008b200000|  0%| F|  |TAMS 0x000000008b100000, 0x000000008b100000| Untracked 
| 178|0x000000008b200000, 0x000000008b200000, 0x000000008b300000|  0%| F|  |TAMS 0x000000008b200000, 0x000000008b200000| Untracked 
| 179|0x000000008b300000, 0x000000008b300000, 0x000000008b400000|  0%| F|  |TAMS 0x000000008b300000, 0x000000008b300000| Untracked 
| 180|0x000000008b400000, 0x000000008b400000, 0x000000008b500000|  0%| F|  |TAMS 0x000000008b400000, 0x000000008b400000| Untracked 
| 181|0x000000008b500000, 0x000000008b500000, 0x000000008b600000|  0%| F|  |TAMS 0x000000008b500000, 0x000000008b500000| Untracked 
| 182|0x000000008b600000, 0x000000008b600000, 0x000000008b700000|  0%| F|  |TAMS 0x000000008b600000, 0x000000008b600000| Untracked 
| 183|0x000000008b700000, 0x000000008b700000, 0x000000008b800000|  0%| F|  |TAMS 0x000000008b700000, 0x000000008b700000| Untracked 
| 184|0x000000008b800000, 0x000000008b800000, 0x000000008b900000|  0%| F|  |TAMS 0x000000008b800000, 0x000000008b800000| Untracked 
| 185|0x000000008b900000, 0x000000008b900000, 0x000000008ba00000|  0%| F|  |TAMS 0x000000008b900000, 0x000000008b900000| Untracked 
| 186|0x000000008ba00000, 0x000000008ba00000, 0x000000008bb00000|  0%| F|  |TAMS 0x000000008ba00000, 0x000000008ba00000| Untracked 
| 187|0x000000008bb00000, 0x000000008bb00000, 0x000000008bc00000|  0%| F|  |TAMS 0x000000008bb00000, 0x000000008bb00000| Untracked 
| 188|0x000000008bc00000, 0x000000008bc00000, 0x000000008bd00000|  0%| F|  |TAMS 0x000000008bc00000, 0x000000008bc00000| Untracked 
| 189|0x000000008bd00000, 0x000000008bd00000, 0x000000008be00000|  0%| F|  |TAMS 0x000000008bd00000, 0x000000008bd00000| Untracked 
| 190|0x000000008be00000, 0x000000008be00000, 0x000000008bf00000|  0%| F|  |TAMS 0x000000008be00000, 0x000000008be00000| Untracked 
| 191|0x000000008bf00000, 0x000000008bf00000, 0x000000008c000000|  0%| F|  |TAMS 0x000000008bf00000, 0x000000008bf00000| Untracked 
| 192|0x000000008c000000, 0x000000008c000000, 0x000000008c100000|  0%| F|  |TAMS 0x000000008c000000, 0x000000008c000000| Untracked 
| 193|0x000000008c100000, 0x000000008c100000, 0x000000008c200000|  0%| F|  |TAMS 0x000000008c100000, 0x000000008c100000| Untracked 
| 194|0x000000008c200000, 0x000000008c200000, 0x000000008c300000|  0%| F|  |TAMS 0x000000008c200000, 0x000000008c200000| Untracked 
| 195|0x000000008c300000, 0x000000008c300000, 0x000000008c400000|  0%| F|  |TAMS 0x000000008c300000, 0x000000008c300000| Untracked 
| 196|0x000000008c400000, 0x000000008c400000, 0x000000008c500000|  0%| F|  |TAMS 0x000000008c400000, 0x000000008c400000| Untracked 
| 197|0x000000008c500000, 0x000000008c500000, 0x000000008c600000|  0%| F|  |TAMS 0x000000008c500000, 0x000000008c500000| Untracked 
| 198|0x000000008c600000, 0x000000008c600000, 0x000000008c700000|  0%| F|  |TAMS 0x000000008c600000, 0x000000008c600000| Untracked 
| 199|0x000000008c700000, 0x000000008c700000, 0x000000008c800000|  0%| F|  |TAMS 0x000000008c700000, 0x000000008c700000| Untracked 
| 200|0x000000008c800000, 0x000000008c800000, 0x000000008c900000|  0%| F|  |TAMS 0x000000008c800000, 0x000000008c800000| Untracked 
| 201|0x000000008c900000, 0x000000008c900000, 0x000000008ca00000|  0%| F|  |TAMS 0x000000008c900000, 0x000000008c900000| Untracked 
| 202|0x000000008ca00000, 0x000000008ca00000, 0x000000008cb00000|  0%| F|  |TAMS 0x000000008ca00000, 0x000000008ca00000| Untracked 
| 203|0x000000008cb00000, 0x000000008cb00000, 0x000000008cc00000|  0%| F|  |TAMS 0x000000008cb00000, 0x000000008cb00000| Untracked 
| 204|0x000000008cc00000, 0x000000008cc00000, 0x000000008cd00000|  0%| F|  |TAMS 0x000000008cc00000, 0x000000008cc00000| Untracked 
| 205|0x000000008cd00000, 0x000000008cd00000, 0x000000008ce00000|  0%| F|  |TAMS 0x000000008cd00000, 0x000000008cd00000| Untracked 
| 206|0x000000008ce00000, 0x000000008ce00000, 0x000000008cf00000|  0%| F|  |TAMS 0x000000008ce00000, 0x000000008ce00000| Untracked 
| 207|0x000000008cf00000, 0x000000008cf00000, 0x000000008d000000|  0%| F|  |TAMS 0x000000008cf00000, 0x000000008cf00000| Untracked 
| 208|0x000000008d000000, 0x000000008d000000, 0x000000008d100000|  0%| F|  |TAMS 0x000000008d000000, 0x000000008d000000| Untracked 
| 209|0x000000008d100000, 0x000000008d100000, 0x000000008d200000|  0%| F|  |TAMS 0x000000008d100000, 0x000000008d100000| Untracked 
| 210|0x000000008d200000, 0x000000008d200000, 0x000000008d300000|  0%| F|  |TAMS 0x000000008d200000, 0x000000008d200000| Untracked 
| 211|0x000000008d300000, 0x000000008d300000, 0x000000008d400000|  0%| F|  |TAMS 0x000000008d300000, 0x000000008d300000| Untracked 
| 212|0x000000008d400000, 0x000000008d400000, 0x000000008d500000|  0%| F|  |TAMS 0x000000008d400000, 0x000000008d400000| Untracked 
| 213|0x000000008d500000, 0x000000008d500000, 0x000000008d600000|  0%| F|  |TAMS 0x000000008d500000, 0x000000008d500000| Untracked 
| 214|0x000000008d600000, 0x000000008d600000, 0x000000008d700000|  0%| F|  |TAMS 0x000000008d600000, 0x000000008d600000| Untracked 
| 215|0x000000008d700000, 0x000000008d700000, 0x000000008d800000|  0%| F|  |TAMS 0x000000008d700000, 0x000000008d700000| Untracked 
| 216|0x000000008d800000, 0x000000008d800000, 0x000000008d900000|  0%| F|  |TAMS 0x000000008d800000, 0x000000008d800000| Untracked 
| 217|0x000000008d900000, 0x000000008d900000, 0x000000008da00000|  0%| F|  |TAMS 0x000000008d900000, 0x000000008d900000| Untracked 
| 218|0x000000008da00000, 0x000000008da00000, 0x000000008db00000|  0%| F|  |TAMS 0x000000008da00000, 0x000000008da00000| Untracked 
| 219|0x000000008db00000, 0x000000008db00000, 0x000000008dc00000|  0%| F|  |TAMS 0x000000008db00000, 0x000000008db00000| Untracked 
| 220|0x000000008dc00000, 0x000000008dc00000, 0x000000008dd00000|  0%| F|  |TAMS 0x000000008dc00000, 0x000000008dc00000| Untracked 
| 221|0x000000008dd00000, 0x000000008dd00000, 0x000000008de00000|  0%| F|  |TAMS 0x000000008dd00000, 0x000000008dd00000| Untracked 
| 222|0x000000008de00000, 0x000000008de00000, 0x000000008df00000|  0%| F|  |TAMS 0x000000008de00000, 0x000000008de00000| Untracked 
| 223|0x000000008df00000, 0x000000008df00000, 0x000000008e000000|  0%| F|  |TAMS 0x000000008df00000, 0x000000008df00000| Untracked 
| 224|0x000000008e000000, 0x000000008e000000, 0x000000008e100000|  0%| F|  |TAMS 0x000000008e000000, 0x000000008e000000| Untracked 
| 225|0x000000008e100000, 0x000000008e100000, 0x000000008e200000|  0%| F|  |TAMS 0x000000008e100000, 0x000000008e100000| Untracked 
| 226|0x000000008e200000, 0x000000008e200000, 0x000000008e300000|  0%| F|  |TAMS 0x000000008e200000, 0x000000008e200000| Untracked 
| 227|0x000000008e300000, 0x000000008e300000, 0x000000008e400000|  0%| F|  |TAMS 0x000000008e300000, 0x000000008e300000| Untracked 
| 228|0x000000008e400000, 0x000000008e400000, 0x000000008e500000|  0%| F|  |TAMS 0x000000008e400000, 0x000000008e400000| Untracked 
| 229|0x000000008e500000, 0x000000008e500000, 0x000000008e600000|  0%| F|  |TAMS 0x000000008e500000, 0x000000008e500000| Untracked 
| 230|0x000000008e600000, 0x000000008e600000, 0x000000008e700000|  0%| F|  |TAMS 0x000000008e600000, 0x000000008e600000| Untracked 
| 231|0x000000008e700000, 0x000000008e700000, 0x000000008e800000|  0%| F|  |TAMS 0x000000008e700000, 0x000000008e700000| Untracked 
| 232|0x000000008e800000, 0x000000008e800000, 0x000000008e900000|  0%| F|  |TAMS 0x000000008e800000, 0x000000008e800000| Untracked 
| 233|0x000000008e900000, 0x000000008e900000, 0x000000008ea00000|  0%| F|  |TAMS 0x000000008e900000, 0x000000008e900000| Untracked 
| 234|0x000000008ea00000, 0x000000008ea00000, 0x000000008eb00000|  0%| F|  |TAMS 0x000000008ea00000, 0x000000008ea00000| Untracked 
| 235|0x000000008eb00000, 0x000000008eb00000, 0x000000008ec00000|  0%| F|  |TAMS 0x000000008eb00000, 0x000000008eb00000| Untracked 
| 236|0x000000008ec00000, 0x000000008ec00000, 0x000000008ed00000|  0%| F|  |TAMS 0x000000008ec00000, 0x000000008ec00000| Untracked 
| 237|0x000000008ed00000, 0x000000008ed00000, 0x000000008ee00000|  0%| F|  |TAMS 0x000000008ed00000, 0x000000008ed00000| Untracked 
| 238|0x000000008ee00000, 0x000000008ee00000, 0x000000008ef00000|  0%| F|  |TAMS 0x000000008ee00000, 0x000000008ee00000| Untracked 
| 239|0x000000008ef00000, 0x000000008ef00000, 0x000000008f000000|  0%| F|  |TAMS 0x000000008ef00000, 0x000000008ef00000| Untracked 
| 240|0x000000008f000000, 0x000000008f000000, 0x000000008f100000|  0%| F|  |TAMS 0x000000008f000000, 0x000000008f000000| Untracked 
| 241|0x000000008f100000, 0x000000008f100000, 0x000000008f200000|  0%| F|  |TAMS 0x000000008f100000, 0x000000008f100000| Untracked 
| 242|0x000000008f200000, 0x000000008f200000, 0x000000008f300000|  0%| F|  |TAMS 0x000000008f200000, 0x000000008f200000| Untracked 
| 243|0x000000008f300000, 0x000000008f300000, 0x000000008f400000|  0%| F|  |TAMS 0x000000008f300000, 0x000000008f300000| Untracked 
| 244|0x000000008f400000, 0x000000008f400000, 0x000000008f500000|  0%| F|  |TAMS 0x000000008f400000, 0x000000008f400000| Untracked 
| 245|0x000000008f500000, 0x000000008f500000, 0x000000008f600000|  0%| F|  |TAMS 0x000000008f500000, 0x000000008f500000| Untracked 
| 246|0x000000008f600000, 0x000000008f600000, 0x000000008f700000|  0%| F|  |TAMS 0x000000008f600000, 0x000000008f600000| Untracked 
| 247|0x000000008f700000, 0x000000008f700000, 0x000000008f800000|  0%| F|  |TAMS 0x000000008f700000, 0x000000008f700000| Untracked 
| 248|0x000000008f800000, 0x000000008f800000, 0x000000008f900000|  0%| F|  |TAMS 0x000000008f800000, 0x000000008f800000| Untracked 
| 249|0x000000008f900000, 0x000000008f900000, 0x000000008fa00000|  0%| F|  |TAMS 0x000000008f900000, 0x000000008f900000| Untracked 
| 250|0x000000008fa00000, 0x000000008fa00000, 0x000000008fb00000|  0%| F|  |TAMS 0x000000008fa00000, 0x000000008fa00000| Untracked 
| 251|0x000000008fb00000, 0x000000008fb00000, 0x000000008fc00000|  0%| F|  |TAMS 0x000000008fb00000, 0x000000008fb00000| Untracked 
| 252|0x000000008fc00000, 0x000000008fc00000, 0x000000008fd00000|  0%| F|  |TAMS 0x000000008fc00000, 0x000000008fc00000| Untracked 
| 253|0x000000008fd00000, 0x000000008fd00000, 0x000000008fe00000|  0%| F|  |TAMS 0x000000008fd00000, 0x000000008fd00000| Untracked 
| 254|0x000000008fe00000, 0x000000008fe00000, 0x000000008ff00000|  0%| F|  |TAMS 0x000000008fe00000, 0x000000008fe00000| Untracked 
| 255|0x000000008ff00000, 0x000000008ff00000, 0x0000000090000000|  0%| F|  |TAMS 0x000000008ff00000, 0x000000008ff00000| Untracked 
| 256|0x0000000090000000, 0x0000000090000000, 0x0000000090100000|  0%| F|  |TAMS 0x0000000090000000, 0x0000000090000000| Untracked 
| 257|0x0000000090100000, 0x0000000090100000, 0x0000000090200000|  0%| F|  |TAMS 0x0000000090100000, 0x0000000090100000| Untracked 
| 258|0x0000000090200000, 0x0000000090200000, 0x0000000090300000|  0%| F|  |TAMS 0x0000000090200000, 0x0000000090200000| Untracked 
| 259|0x0000000090300000, 0x0000000090300000, 0x0000000090400000|  0%| F|  |TAMS 0x0000000090300000, 0x0000000090300000| Untracked 
| 260|0x0000000090400000, 0x0000000090400000, 0x0000000090500000|  0%| F|  |TAMS 0x0000000090400000, 0x0000000090400000| Untracked 
| 261|0x0000000090500000, 0x0000000090500000, 0x0000000090600000|  0%| F|  |TAMS 0x0000000090500000, 0x0000000090500000| Untracked 
| 262|0x0000000090600000, 0x0000000090600000, 0x0000000090700000|  0%| F|  |TAMS 0x0000000090600000, 0x0000000090600000| Untracked 
| 263|0x0000000090700000, 0x0000000090700000, 0x0000000090800000|  0%| F|  |TAMS 0x0000000090700000, 0x0000000090700000| Untracked 
| 264|0x0000000090800000, 0x0000000090800000, 0x0000000090900000|  0%| F|  |TAMS 0x0000000090800000, 0x0000000090800000| Untracked 
| 265|0x0000000090900000, 0x0000000090900000, 0x0000000090a00000|  0%| F|  |TAMS 0x0000000090900000, 0x0000000090900000| Untracked 
| 266|0x0000000090a00000, 0x0000000090a00000, 0x0000000090b00000|  0%| F|  |TAMS 0x0000000090a00000, 0x0000000090a00000| Untracked 
| 267|0x0000000090b00000, 0x0000000090b00000, 0x0000000090c00000|  0%| F|  |TAMS 0x0000000090b00000, 0x0000000090b00000| Untracked 
| 268|0x0000000090c00000, 0x0000000090c00000, 0x0000000090d00000|  0%| F|  |TAMS 0x0000000090c00000, 0x0000000090c00000| Untracked 
| 269|0x0000000090d00000, 0x0000000090d00000, 0x0000000090e00000|  0%| F|  |TAMS 0x0000000090d00000, 0x0000000090d00000| Untracked 
| 270|0x0000000090e00000, 0x0000000090e00000, 0x0000000090f00000|  0%| F|  |TAMS 0x0000000090e00000, 0x0000000090e00000| Untracked 
| 271|0x0000000090f00000, 0x0000000090f00000, 0x0000000091000000|  0%| F|  |TAMS 0x0000000090f00000, 0x0000000090f00000| Untracked 
| 272|0x0000000091000000, 0x0000000091000000, 0x0000000091100000|  0%| F|  |TAMS 0x0000000091000000, 0x0000000091000000| Untracked 
| 273|0x0000000091100000, 0x0000000091100000, 0x0000000091200000|  0%| F|  |TAMS 0x0000000091100000, 0x0000000091100000| Untracked 
| 274|0x0000000091200000, 0x0000000091200000, 0x0000000091300000|  0%| F|  |TAMS 0x0000000091200000, 0x0000000091200000| Untracked 
| 275|0x0000000091300000, 0x0000000091300000, 0x0000000091400000|  0%| F|  |TAMS 0x0000000091300000, 0x0000000091300000| Untracked 
| 276|0x0000000091400000, 0x00000000914d8380, 0x0000000091500000| 84%| S|CS|TAMS 0x0000000091400000, 0x0000000091400000| Complete 
| 277|0x0000000091500000, 0x0000000091600000, 0x0000000091600000|100%| S|CS|TAMS 0x0000000091500000, 0x0000000091500000| Complete 
| 278|0x0000000091600000, 0x0000000091700000, 0x0000000091700000|100%| S|CS|TAMS 0x0000000091600000, 0x0000000091600000| Complete 
| 279|0x0000000091700000, 0x0000000091700000, 0x0000000091800000|  0%| F|  |TAMS 0x0000000091700000, 0x0000000091700000| Untracked 
| 280|0x0000000091800000, 0x0000000091800000, 0x0000000091900000|  0%| F|  |TAMS 0x0000000091800000, 0x0000000091800000| Untracked 
| 281|0x0000000091900000, 0x0000000091900000, 0x0000000091a00000|  0%| F|  |TAMS 0x0000000091900000, 0x0000000091900000| Untracked 
| 282|0x0000000091a00000, 0x0000000091a00000, 0x0000000091b00000|  0%| F|  |TAMS 0x0000000091a00000, 0x0000000091a00000| Untracked 
| 283|0x0000000091b00000, 0x0000000091b00000, 0x0000000091c00000|  0%| F|  |TAMS 0x0000000091b00000, 0x0000000091b00000| Untracked 
| 284|0x0000000091c00000, 0x0000000091c00000, 0x0000000091d00000|  0%| F|  |TAMS 0x0000000091c00000, 0x0000000091c00000| Untracked 
| 285|0x0000000091d00000, 0x0000000091d00000, 0x0000000091e00000|  0%| F|  |TAMS 0x0000000091d00000, 0x0000000091d00000| Untracked 
| 286|0x0000000091e00000, 0x0000000091e00000, 0x0000000091f00000|  0%| F|  |TAMS 0x0000000091e00000, 0x0000000091e00000| Untracked 
| 287|0x0000000091f00000, 0x0000000091f00000, 0x0000000092000000|  0%| F|  |TAMS 0x0000000091f00000, 0x0000000091f00000| Untracked 
| 288|0x0000000092000000, 0x0000000092000000, 0x0000000092100000|  0%| F|  |TAMS 0x0000000092000000, 0x0000000092000000| Untracked 
| 289|0x0000000092100000, 0x0000000092100000, 0x0000000092200000|  0%| F|  |TAMS 0x0000000092100000, 0x0000000092100000| Untracked 
| 290|0x0000000092200000, 0x0000000092200000, 0x0000000092300000|  0%| F|  |TAMS 0x0000000092200000, 0x0000000092200000| Untracked 
| 291|0x0000000092300000, 0x0000000092300000, 0x0000000092400000|  0%| F|  |TAMS 0x0000000092300000, 0x0000000092300000| Untracked 
| 292|0x0000000092400000, 0x00000000924a1f10, 0x0000000092500000| 63%| E|  |TAMS 0x0000000092400000, 0x0000000092400000| Complete 
| 293|0x0000000092500000, 0x0000000092600000, 0x0000000092600000|100%| E|  |TAMS 0x0000000092500000, 0x0000000092500000| Complete 
| 294|0x0000000092600000, 0x0000000092700000, 0x0000000092700000|100%| E|CS|TAMS 0x0000000092600000, 0x0000000092600000| Complete 

Card table byte_map: [0x000001595af60000,0x000001595b360000] _byte_map_base: 0x000001595ab60000

Marking Bits (Prev, Next): (CMBitMap*) 0x00000159483c8310, (CMBitMap*) 0x00000159483c82d0
 Prev Bits: [0x000001595d760000, 0x000001595f760000)
 Next Bits: [0x000001595b760000, 0x000001595d760000)

Polling page: 0x0000015947b30000

Metaspace:

Usage:
  Non-class:    107.52 MB used.
      Class:     17.12 MB used.
       Both:    124.64 MB used.

Virtual space:
  Non-class space:      112.00 MB reserved,     108.06 MB ( 96%) committed,  14 nodes.
      Class space:        1.00 GB reserved,      17.62 MB (  2%) committed,  1 nodes.
             Both:        1.11 GB reserved,     125.69 MB ( 11%) committed. 

Chunk freelists:
   Non-Class:  3.75 MB
       Class:  2.34 MB
        Both:  6.09 MB

MaxMetaspaceSize: unlimited
CompressedClassSpaceSize: 1.00 GB
Initial GC threshold: 21.00 MB
Current GC threshold: 208.06 MB
CDS: off
MetaspaceReclaimPolicy: balanced
 - commit_granule_bytes: 65536.
 - commit_granule_words: 8192.
 - virtual_space_node_default_size: 1048576.
 - enlarge_chunks_in_place: 1.
 - new_chunks_are_fully_committed: 0.
 - uncommit_free_chunks: 1.
 - use_allocation_guard: 0.
 - handle_deallocations: 1.


Internal statistics:

num_allocs_failed_limit: 6.
num_arena_births: 1902.
num_arena_deaths: 38.
num_vsnodes_births: 15.
num_vsnodes_deaths: 0.
num_space_committed: 2010.
num_space_uncommitted: 0.
num_chunks_returned_to_freelist: 57.
num_chunks_taken_from_freelist: 7029.
num_chunk_merges: 20.
num_chunk_splits: 4504.
num_chunks_enlarged: 2843.
num_purges: 2.
num_inconsistent_stats: 0.

CodeHeap 'non-profiled nmethods': size=120000Kb used=12019Kb max_used=12019Kb free=107980Kb
 bounds [0x0000015953300000, 0x0000015953ec0000, 0x000001595a830000]
CodeHeap 'profiled nmethods': size=120000Kb used=36960Kb max_used=36960Kb free=83040Kb
 bounds [0x000001594b830000, 0x000001594dc50000, 0x0000015952d60000]
CodeHeap 'non-nmethods': size=5760Kb used=2468Kb max_used=2536Kb free=3291Kb
 bounds [0x0000015952d60000, 0x0000015953000000, 0x0000015953300000]
 total_blobs=18699 nmethods=17693 adapters=916
 compilation: enabled
              stopped_count=0, restarted_count=0
 full_count=0

Compilation events (20 events):
Event: 541.797 Thread 0x0000015962c86230 20895       4       org.gradle.internal.snapshot.impl.AbstractValueProcessor::processValue (775 bytes)
Event: 541.798 Thread 0x000001596649b880 nmethod 20880 0x0000015953eb7790 code [0x0000015953eb79e0, 0x0000015953eba330]
Event: 541.820 Thread 0x000001596649b880 20896       4       org.gradle.internal.classpath.DefaultClassPath$ImmutableUniqueList$Builder::add (57 bytes)
Event: 541.822 Thread 0x000001596649b880 nmethod 20896 0x0000015953ebaf90 code [0x0000015953ebb120, 0x0000015953ebb368]
Event: 541.822 Thread 0x000001596649b880 20897       4       java.net.URI$Parser::scan (76 bytes)
Event: 541.826 Thread 0x0000015962c86830 20898       1       org.gradle.initialization.DefaultProjectDescriptor::getParent (5 bytes)
Event: 541.826 Thread 0x0000015962c86830 nmethod 20898 0x0000015953ebb510 code [0x0000015953ebb6a0, 0x0000015953ebb778]
Event: 541.827 Thread 0x000001596649b880 nmethod 20897 0x0000015953ebb810 code [0x0000015953ebb9a0, 0x0000015953ebbc28]
Event: 541.860 Thread 0x0000015962c86830 20899       3       org.codehaus.groovy.reflection.ParameterTypes::correctArguments (79 bytes)
Event: 541.860 Thread 0x0000015962c86830 nmethod 20899 0x000001594dc3dd10 code [0x000001594dc3df60, 0x000001594dc3e8e8]
Event: 541.862 Thread 0x0000015962c86830 20900       1       groovy.lang.MetaClassImpl::isInitialized (5 bytes)
Event: 541.862 Thread 0x0000015962c86830 nmethod 20900 0x0000015953ebbf90 code [0x0000015953ebc120, 0x0000015953ebc1f8]
Event: 541.862 Thread 0x0000015962c86830 20901       3       groovyjarjarasm.asm.ByteVector::put122 (93 bytes)
Event: 541.863 Thread 0x0000015962c86830 nmethod 20901 0x000001594dc3eb90 code [0x000001594dc3ed40, 0x000001594dc3efc8]
Event: 541.863 Thread 0x0000015962c86830 20902       3       groovyjarjarasm.asm.SymbolTable::addConstantMemberReference (147 bytes)
Event: 541.863 Thread 0x0000015962c86830 nmethod 20902 0x000001594dc3f190 code [0x000001594dc3f400, 0x000001594dc3fcc8]
Event: 541.863 Thread 0x0000015962c86830 20903       3       groovyjarjarasm.asm.SymbolTable::hash (20 bytes)
Event: 541.863 Thread 0x0000015962c86830 nmethod 20903 0x000001594dc40210 code [0x000001594dc403c0, 0x000001594dc40588]
Event: 541.875 Thread 0x0000015962c86830 20904       3       org.gradle.internal.service.scopes.AbstractPluginServiceRegistry::registerProjectServices (1 bytes)
Event: 541.875 Thread 0x0000015962c86830 nmethod 20904 0x000001594dc40710 code [0x000001594dc408a0, 0x000001594dc409b8]

GC Heap History (20 events):
Event: 112.033 GC heap before
{Heap before GC invocations=42 (full 0):
 garbage-first heap   total 233472K, used 199032K [0x0000000080000000, 0x0000000100000000)
  region size 1024K, 77 young (78848K), 5 survivors (5120K)
 Metaspace       used 122161K, committed 123008K, reserved 1155072K
  class space    used 17081K, committed 17472K, reserved 1048576K
}
Event: 112.041 GC heap after
{Heap after GC invocations=43 (full 0):
 garbage-first heap   total 233472K, used 120289K [0x0000000080000000, 0x0000000100000000)
  region size 1024K, 10 young (10240K), 10 survivors (10240K)
 Metaspace       used 122161K, committed 123008K, reserved 1155072K
  class space    used 17081K, committed 17472K, reserved 1048576K
}
Event: 114.895 GC heap before
{Heap before GC invocations=43 (full 0):
 garbage-first heap   total 233472K, used 188897K [0x0000000080000000, 0x0000000100000000)
  region size 1024K, 78 young (79872K), 10 survivors (10240K)
 Metaspace       used 122819K, committed 123712K, reserved 1155072K
  class space    used 17092K, committed 17536K, reserved 1048576K
}
Event: 114.903 GC heap after
{Heap after GC invocations=44 (full 0):
 garbage-first heap   total 233472K, used 126057K [0x0000000080000000, 0x0000000100000000)
  region size 1024K, 6 young (6144K), 6 survivors (6144K)
 Metaspace       used 122819K, committed 123712K, reserved 1155072K
  class space    used 17092K, committed 17536K, reserved 1048576K
}
Event: 175.654 GC heap before
{Heap before GC invocations=44 (full 0):
 garbage-first heap   total 233472K, used 202857K [0x0000000080000000, 0x0000000100000000)
  region size 1024K, 70 young (71680K), 6 survivors (6144K)
 Metaspace       used 123404K, committed 124288K, reserved 1163264K
  class space    used 17112K, committed 17536K, reserved 1048576K
}
Event: 175.660 GC heap after
{Heap after GC invocations=45 (full 0):
 garbage-first heap   total 233472K, used 129117K [0x0000000080000000, 0x0000000100000000)
  region size 1024K, 6 young (6144K), 6 survivors (6144K)
 Metaspace       used 123404K, committed 124288K, reserved 1163264K
  class space    used 17112K, committed 17536K, reserved 1048576K
}
Event: 179.853 GC heap before
{Heap before GC invocations=45 (full 0):
 garbage-first heap   total 233472K, used 191581K [0x0000000080000000, 0x0000000100000000)
  region size 1024K, 68 young (69632K), 6 survivors (6144K)
 Metaspace       used 124157K, committed 125120K, reserved 1163264K
  class space    used 17134K, committed 17600K, reserved 1048576K
}
Event: 179.863 GC heap after
{Heap after GC invocations=46 (full 0):
 garbage-first heap   total 233472K, used 135136K [0x0000000080000000, 0x0000000100000000)
  region size 1024K, 7 young (7168K), 7 survivors (7168K)
 Metaspace       used 124157K, committed 125120K, reserved 1163264K
  class space    used 17134K, committed 17600K, reserved 1048576K
}
Event: 340.053 GC heap before
{Heap before GC invocations=46 (full 0):
 garbage-first heap   total 233472K, used 203744K [0x0000000080000000, 0x0000000100000000)
  region size 1024K, 63 young (64512K), 7 survivors (7168K)
 Metaspace       used 124705K, committed 125632K, reserved 1163264K
  class space    used 17142K, committed 17600K, reserved 1048576K
}
Event: 340.059 GC heap after
{Heap after GC invocations=47 (full 0):
 garbage-first heap   total 233472K, used 136969K [0x0000000080000000, 0x0000000100000000)
  region size 1024K, 3 young (3072K), 3 survivors (3072K)
 Metaspace       used 124705K, committed 125632K, reserved 1163264K
  class space    used 17142K, committed 17600K, reserved 1048576K
}
Event: 341.035 GC heap before
{Heap before GC invocations=47 (full 0):
 garbage-first heap   total 233472K, used 194313K [0x0000000080000000, 0x0000000100000000)
  region size 1024K, 60 young (61440K), 3 survivors (3072K)
 Metaspace       used 125121K, committed 126144K, reserved 1163264K
  class space    used 17186K, committed 17664K, reserved 1048576K
}
Event: 341.045 GC heap after
{Heap after GC invocations=48 (full 0):
 garbage-first heap   total 233472K, used 143815K [0x0000000080000000, 0x0000000100000000)
  region size 1024K, 8 young (8192K), 8 survivors (8192K)
 Metaspace       used 125121K, committed 126144K, reserved 1163264K
  class space    used 17186K, committed 17664K, reserved 1048576K
}
Event: 343.882 GC heap before
{Heap before GC invocations=48 (full 0):
 garbage-first heap   total 233472K, used 192967K [0x0000000080000000, 0x0000000100000000)
  region size 1024K, 57 young (58368K), 8 survivors (8192K)
 Metaspace       used 125473K, committed 126464K, reserved 1163264K
  class space    used 17194K, committed 17664K, reserved 1048576K
}
Event: 343.889 GC heap after
{Heap after GC invocations=49 (full 0):
 garbage-first heap   total 233472K, used 145950K [0x0000000080000000, 0x0000000100000000)
  region size 1024K, 3 young (3072K), 3 survivors (3072K)
 Metaspace       used 125473K, committed 126464K, reserved 1163264K
  class space    used 17194K, committed 17664K, reserved 1048576K
}
Event: 541.225 GC heap before
{Heap before GC invocations=49 (full 0):
 garbage-first heap   total 233472K, used 197150K [0x0000000080000000, 0x0000000100000000)
  region size 1024K, 38 young (38912K), 3 survivors (3072K)
 Metaspace       used 125910K, committed 126912K, reserved 1163264K
  class space    used 17245K, committed 17728K, reserved 1048576K
}
Event: 541.229 GC heap after
{Heap after GC invocations=50 (full 0):
 garbage-first heap   total 233472K, used 151323K [0x0000000080000000, 0x0000000100000000)
  region size 1024K, 3 young (3072K), 3 survivors (3072K)
 Metaspace       used 125910K, committed 126912K, reserved 1163264K
  class space    used 17245K, committed 17728K, reserved 1048576K
}
Event: 541.531 GC heap before
{Heap before GC invocations=50 (full 0):
 garbage-first heap   total 233472K, used 179995K [0x0000000080000000, 0x0000000100000000)
  region size 1024K, 16 young (16384K), 3 survivors (3072K)
 Metaspace       used 126524K, committed 127680K, reserved 1163264K
  class space    used 17372K, committed 17920K, reserved 1048576K
}
Event: 541.534 GC heap after
{Heap after GC invocations=51 (full 0):
 garbage-first heap   total 233472K, used 172404K [0x0000000080000000, 0x0000000100000000)
  region size 1024K, 6 young (6144K), 6 survivors (6144K)
 Metaspace       used 126524K, committed 127680K, reserved 1163264K
  class space    used 17372K, committed 17920K, reserved 1048576K
}
Event: 541.847 GC heap before
{Heap before GC invocations=52 (full 0):
 garbage-first heap   total 302080K, used 195956K [0x0000000080000000, 0x0000000100000000)
  region size 1024K, 28 young (28672K), 6 survivors (6144K)
 Metaspace       used 127473K, committed 128576K, reserved 1163264K
  class space    used 17501K, committed 18048K, reserved 1048576K
}
Event: 541.852 GC heap after
{Heap after GC invocations=53 (full 0):
 garbage-first heap   total 302080K, used 177429K [0x0000000080000000, 0x0000000100000000)
  region size 1024K, 3 young (3072K), 3 survivors (3072K)
 Metaspace       used 127473K, committed 128576K, reserved 1163264K
  class space    used 17501K, committed 18048K, reserved 1048576K
}

Dll operation events (2 events):
Event: 0.006 Loaded shared library C:\Program Files\Android\Android Studio1\jbr\bin\java.dll
Event: 0.412 Loaded shared library C:\Program Files\Android\Android Studio1\jbr\bin\verify.dll

Deoptimization events (20 events):
Event: 541.612 Thread 0x000001596b981f00 DEOPT PACKING pc=0x0000015953eb0f7c sp=0x0000000373bf8940
Event: 541.612 Thread 0x000001596b981f00 DEOPT UNPACKING pc=0x0000015952dba1a3 sp=0x0000000373bf88d0 mode 2
Event: 541.618 Thread 0x000001596b981f00 Uncommon trap: trap_request=0xffffff45 fr.pc=0x00000159536c99d4 relative=0x0000000000004a94
Event: 541.618 Thread 0x000001596b981f00 Uncommon trap: reason=unstable_if action=reinterpret pc=0x00000159536c99d4 method=org.codehaus.groovy.reflection.CachedMethod.compareToMethod(Ljava/lang/reflect/Method;)I @ 43 c2
Event: 541.618 Thread 0x000001596b981f00 DEOPT PACKING pc=0x00000159536c99d4 sp=0x0000000373bf8df0
Event: 541.618 Thread 0x000001596b981f00 DEOPT UNPACKING pc=0x0000015952dba1a3 sp=0x0000000373bf8c78 mode 2
Event: 541.618 Thread 0x000001596b981f00 Uncommon trap: trap_request=0xffffff45 fr.pc=0x00000159533e3c58 relative=0x0000000000001c18
Event: 541.618 Thread 0x000001596b981f00 Uncommon trap: reason=unstable_if action=reinterpret pc=0x00000159533e3c58 method=groovy.lang.MetaClassImpl.filterPropertyMethod(Ljava/lang/Object;ZZ)Ljava/lang/Object; @ 72 c2
Event: 541.618 Thread 0x000001596b981f00 DEOPT PACKING pc=0x00000159533e3c58 sp=0x0000000373bf8dc0
Event: 541.618 Thread 0x000001596b981f00 DEOPT UNPACKING pc=0x0000015952dba1a3 sp=0x0000000373bf8da0 mode 2
Event: 541.621 Thread 0x000001596b981f00 DEOPT PACKING pc=0x000001594b8de84e sp=0x0000000373bf8eb0
Event: 541.622 Thread 0x000001596b981f00 DEOPT UNPACKING pc=0x0000015952dbace3 sp=0x0000000373bf8310 mode 0
Event: 541.708 Thread 0x000001596b981f00 Uncommon trap: trap_request=0xffffff45 fr.pc=0x0000015953e97c1c relative=0x000000000000043c
Event: 541.708 Thread 0x000001596b981f00 Uncommon trap: reason=unstable_if action=reinterpret pc=0x0000015953e97c1c method=org.codehaus.groovy.runtime.metaclass.MetaMethodIndex.copyNonPrivateNonNewMetaMethods(Lorg/codehaus/groovy/runtime/metaclass/MetaMethodIndex$Entry;Lorg/codehaus/groovy/runti
Event: 541.708 Thread 0x000001596b981f00 DEOPT PACKING pc=0x0000015953e97c1c sp=0x0000000373bf7660
Event: 541.708 Thread 0x000001596b981f00 DEOPT UNPACKING pc=0x0000015952dba1a3 sp=0x0000000373bf7618 mode 2
Event: 541.794 Thread 0x000001596b981f00 Uncommon trap: trap_request=0xfffffff4 fr.pc=0x000001595394e6d0 relative=0x0000000000000530
Event: 541.794 Thread 0x000001596b981f00 Uncommon trap: reason=null_check action=make_not_entrant pc=0x000001595394e6d0 method=java.lang.ThreadLocal$ThreadLocalMap.expungeStaleEntry(I)I @ 51 c2
Event: 541.794 Thread 0x000001596b981f00 DEOPT PACKING pc=0x000001595394e6d0 sp=0x0000000373bf9ec0
Event: 541.794 Thread 0x000001596b981f00 DEOPT UNPACKING pc=0x0000015952dba1a3 sp=0x0000000373bf9e60 mode 2

Classes unloaded (19 events):
Event: 541.628 Thread 0x00000159621d67f0 Unloading class 0x0000000100fc9400 'java/lang/invoke/LambdaForm$DMH+0x0000000100fc9400'
Event: 541.628 Thread 0x00000159621d67f0 Unloading class 0x0000000100fc9000 'java/lang/invoke/LambdaForm$DMH+0x0000000100fc9000'
Event: 541.628 Thread 0x00000159621d67f0 Unloading class 0x0000000100fc8c00 'java/lang/invoke/LambdaForm$DMH+0x0000000100fc8c00'
Event: 541.628 Thread 0x00000159621d67f0 Unloading class 0x0000000100fc8400 'java/lang/invoke/LambdaForm$DMH+0x0000000100fc8400'
Event: 541.628 Thread 0x00000159621d67f0 Unloading class 0x0000000100fa0800 'java/lang/invoke/LambdaForm$DMH+0x0000000100fa0800'
Event: 541.629 Thread 0x00000159621d67f0 Unloading class 0x0000000100fa0400 'java/lang/invoke/LambdaForm$DMH+0x0000000100fa0400'
Event: 541.629 Thread 0x00000159621d67f0 Unloading class 0x0000000100f29c00 'java/lang/invoke/LambdaForm$DMH+0x0000000100f29c00'
Event: 541.629 Thread 0x00000159621d67f0 Unloading class 0x0000000100f29800 'java/lang/invoke/LambdaForm$DMH+0x0000000100f29800'
Event: 541.629 Thread 0x00000159621d67f0 Unloading class 0x0000000100f29000 'java/lang/invoke/LambdaForm$DMH+0x0000000100f29000'
Event: 541.629 Thread 0x00000159621d67f0 Unloading class 0x0000000100f28c00 'java/lang/invoke/LambdaForm$DMH+0x0000000100f28c00'
Event: 541.629 Thread 0x00000159621d67f0 Unloading class 0x0000000100f28800 'java/lang/invoke/LambdaForm$DMH+0x0000000100f28800'
Event: 541.629 Thread 0x00000159621d67f0 Unloading class 0x0000000100f28000 'java/lang/invoke/LambdaForm$DMH+0x0000000100f28000'
Event: 541.629 Thread 0x00000159621d67f0 Unloading class 0x0000000100ed8400 'java/lang/invoke/LambdaForm$DMH+0x0000000100ed8400'
Event: 541.629 Thread 0x00000159621d67f0 Unloading class 0x0000000100e88000 'java/lang/invoke/LambdaForm$DMH+0x0000000100e88000'
Event: 541.629 Thread 0x00000159621d67f0 Unloading class 0x0000000100e88c00 'java/lang/invoke/LambdaForm$DMH+0x0000000100e88c00'
Event: 541.629 Thread 0x00000159621d67f0 Unloading class 0x0000000100e88800 'java/lang/invoke/LambdaForm$DMH+0x0000000100e88800'
Event: 541.629 Thread 0x00000159621d67f0 Unloading class 0x0000000100e14c00 'jdk/internal/reflect/GeneratedSerializationConstructorAccessor126'
Event: 541.629 Thread 0x00000159621d67f0 Unloading class 0x0000000100e14800 'jdk/internal/reflect/GeneratedSerializationConstructorAccessor127'
Event: 541.629 Thread 0x00000159621d67f0 Unloading class 0x0000000100e14000 'jdk/internal/reflect/GeneratedSerializationConstructorAccessor125'

Classes redefined (0 events):
No events

Internal exceptions (20 events):
Event: 541.738 Thread 0x000001596b981f00 Exception <a 'java/lang/ClassNotFoundException'{0x00000000923f47b8}: org/jetbrains/plugins/gradle/tooling/tasks/DependenciesReport$ReportGeneratorCustomizer> (0x00000000923f47b8) 
thrown [s\src\hotspot\share\classfile\systemDictionary.cpp, line 256]
Event: 541.740 Thread 0x000001596b981f00 Exception <a 'java/lang/ClassNotFoundException'{0x0000000092223ba0}: org/jetbrains/plugins/gradle/tooling/builder/DependencyGraphModelBuilderImplBeanInfo> (0x0000000092223ba0) 
thrown [s\src\hotspot\share\classfile\systemDictionary.cpp, line 256]
Event: 541.740 Thread 0x000001596b981f00 Exception <a 'java/lang/ClassNotFoundException'{0x000000009222f1c0}: org/jetbrains/plugins/gradle/tooling/builder/DependencyGraphModelBuilderImplCustomizer> (0x000000009222f1c0) 
thrown [s\src\hotspot\share\classfile\systemDictionary.cpp, line 256]
Event: 541.744 Thread 0x000001596b981f00 Exception <a 'java/lang/ClassNotFoundException'{0x000000009226ae08}: org/jetbrains/plugins/gradle/tooling/builder/ExternalTestsModelBuilderImplBeanInfo> (0x000000009226ae08) 
thrown [s\src\hotspot\share\classfile\systemDictionary.cpp, line 256]
Event: 541.745 Thread 0x000001596b981f00 Exception <a 'java/lang/ClassNotFoundException'{0x00000000922763f8}: org/jetbrains/plugins/gradle/tooling/builder/ExternalTestsModelBuilderImplCustomizer> (0x00000000922763f8) 
thrown [s\src\hotspot\share\classfile\systemDictionary.cpp, line 256]
Event: 541.753 Thread 0x000001596b981f00 Exception <a 'java/lang/ClassNotFoundException'{0x00000000921016d8}: org/jetbrains/plugins/gradle/tooling/builder/ProjectExtensionsDataBuilderImplBeanInfo> (0x00000000921016d8) 
thrown [s\src\hotspot\share\classfile\systemDictionary.cpp, line 256]
Event: 541.754 Thread 0x000001596b981f00 Exception <a 'java/lang/ClassNotFoundException'{0x000000009210ca88}: org/jetbrains/plugins/gradle/tooling/builder/ProjectExtensionsDataBuilderImplCustomizer> (0x000000009210ca88) 
thrown [s\src\hotspot\share\classfile\systemDictionary.cpp, line 256]
Event: 541.758 Thread 0x000001596b981f00 Exception <a 'java/lang/ClassNotFoundException'{0x0000000092136850}: org/jetbrains/plugins/gradle/tooling/builder/IntelliJSettingsBuilderBeanInfo> (0x0000000092136850) 
thrown [s\src\hotspot\share\classfile\systemDictionary.cpp, line 256]
Event: 541.758 Thread 0x000001596b981f00 Exception <a 'java/lang/ClassNotFoundException'{0x0000000092141e08}: org/jetbrains/plugins/gradle/tooling/builder/IntelliJSettingsBuilderCustomizer> (0x0000000092141e08) 
thrown [s\src\hotspot\share\classfile\systemDictionary.cpp, line 256]
Event: 541.760 Thread 0x000001596b981f00 Exception <a 'java/lang/ClassNotFoundException'{0x000000009216b388}: org/jetbrains/plugins/gradle/tooling/builder/IntelliJProjectSettingsBuilderBeanInfo> (0x000000009216b388) 
thrown [s\src\hotspot\share\classfile\systemDictionary.cpp, line 256]
Event: 541.761 Thread 0x000001596b981f00 Exception <a 'java/lang/ClassNotFoundException'{0x0000000092176970}: org/jetbrains/plugins/gradle/tooling/builder/IntelliJProjectSettingsBuilderCustomizer> (0x0000000092176970) 
thrown [s\src\hotspot\share\classfile\systemDictionary.cpp, line 256]
Event: 541.764 Thread 0x000001596b981f00 Exception <a 'java/lang/ClassNotFoundException'{0x00000000921a18d0}: org/jetbrains/plugins/gradle/tooling/builder/DependencyAccessorsModelBuilderBeanInfo> (0x00000000921a18d0) 
thrown [s\src\hotspot\share\classfile\systemDictionary.cpp, line 256]
Event: 541.765 Thread 0x000001596b981f00 Exception <a 'java/lang/ClassNotFoundException'{0x00000000921acf50}: org/jetbrains/plugins/gradle/tooling/builder/DependencyAccessorsModelBuilderCustomizer> (0x00000000921acf50) 
thrown [s\src\hotspot\share\classfile\systemDictionary.cpp, line 256]
Event: 541.794 Thread 0x000001596b981f00 Implicit null exception at 0x000001595394e25d to 0x000001595394e6ac
Event: 541.858 Thread 0x000001596b981f00 Exception <a 'java/lang/ClassNotFoundException'{0x0000000092646fe8}: org/jetbrains/plugins/gradle/model/web/WebConfigurationBeanInfo> (0x0000000092646fe8) 
thrown [s\src\hotspot\share\classfile\systemDictionary.cpp, line 256]
Event: 541.859 Thread 0x000001596b981f00 Exception <a 'java/lang/ClassNotFoundException'{0x000000009264f440}: org/jetbrains/plugins/gradle/model/web/WebConfigurationCustomizer> (0x000000009264f440) 
thrown [s\src\hotspot\share\classfile\systemDictionary.cpp, line 256]
Event: 541.861 Thread 0x000001596b981f00 Exception <a 'java/lang/ClassNotFoundException'{0x000000009266d458}: org/jetbrains/plugins/gradle/model/scala/ScalaModelBeanInfo> (0x000000009266d458) 
thrown [s\src\hotspot\share\classfile\systemDictionary.cpp, line 256]
Event: 541.862 Thread 0x000001596b981f00 Exception <a 'java/lang/ClassNotFoundException'{0x0000000092675600}: org/jetbrains/plugins/gradle/model/scala/ScalaModelCustomizer> (0x0000000092675600) 
thrown [s\src\hotspot\share\classfile\systemDictionary.cpp, line 256]
Event: 541.864 Thread 0x000001596b981f00 Exception <a 'java/lang/ClassNotFoundException'{0x00000000926a5850}: org/jetbrains/plugins/gradle/model/DependencyAccessorsModelBeanInfo> (0x00000000926a5850) 
thrown [s\src\hotspot\share\classfile\systemDictionary.cpp, line 256]
Event: 541.864 Thread 0x000001596b981f00 Exception <a 'java/lang/ClassNotFoundException'{0x00000000926add00}: org/jetbrains/plugins/gradle/model/DependencyAccessorsModelCustomizer> (0x00000000926add00) 
thrown [s\src\hotspot\share\classfile\systemDictionary.cpp, line 256]

VM Operations (20 events):
Event: 539.401 Executing VM operation: Cleanup
Event: 539.402 Executing VM operation: Cleanup done
Event: 541.143 Executing VM operation: HandshakeAllThreads
Event: 541.143 Executing VM operation: HandshakeAllThreads done
Event: 541.145 Executing VM operation: HandshakeAllThreads
Event: 541.145 Executing VM operation: HandshakeAllThreads done
Event: 541.149 Executing VM operation: HandshakeAllThreads
Event: 541.149 Executing VM operation: HandshakeAllThreads done
Event: 541.149 Executing VM operation: Cleanup
Event: 541.149 Executing VM operation: Cleanup done
Event: 541.225 Executing VM operation: G1TryInitiateConcMark
Event: 541.229 Executing VM operation: G1TryInitiateConcMark done
Event: 541.531 Executing VM operation: G1TryInitiateConcMark
Event: 541.534 Executing VM operation: G1TryInitiateConcMark done
Event: 541.628 Executing VM operation: G1Concurrent
Event: 541.649 Executing VM operation: G1Concurrent done
Event: 541.697 Executing VM operation: G1Concurrent
Event: 541.697 Executing VM operation: G1Concurrent done
Event: 541.847 Executing VM operation: G1CollectForAllocation
Event: 541.852 Executing VM operation: G1CollectForAllocation done

Events (20 events):
Event: 541.623 loading class java/lang/ClassLoaderBeanInfo
Event: 541.623 loading class java/lang/ClassLoaderBeanInfo done
Event: 541.623 loading class java/lang/ClassLoaderBeanInfo
Event: 541.623 loading class java/lang/ClassLoaderBeanInfo done
Event: 541.623 loading class java/lang/ClassLoaderCustomizer
Event: 541.623 loading class java/lang/ClassLoaderCustomizer done
Event: 541.623 loading class java/lang/ClassLoaderCustomizer
Event: 541.623 loading class java/lang/ClassLoaderCustomizer done
Event: 541.623 loading class java/security/SecureClassLoaderCustomizer
Event: 541.623 loading class java/security/SecureClassLoaderCustomizer done
Event: 541.624 loading class java/security/SecureClassLoaderCustomizer
Event: 541.624 loading class java/security/SecureClassLoaderCustomizer done
Event: 541.624 loading class java/net/URLClassLoaderCustomizer
Event: 541.624 loading class java/net/URLClassLoaderCustomizer done
Event: 541.624 loading class java/net/URLClassLoaderCustomizer
Event: 541.624 loading class java/net/URLClassLoaderCustomizer done
Event: 541.657 Thread 0x00000159632daf40 Thread exited: 0x00000159632daf40
Event: 541.762 loading class java/net/UnknownServiceException
Event: 541.763 loading class java/net/UnknownServiceException done
Event: 541.871 Thread 0x000001596b03ee20 Thread added: 0x000001596b03ee20


Dynamic libraries:
0x00007ff79ac00000 - 0x00007ff79ac0a000 	C:\Program Files\Android\Android Studio1\jbr\bin\java.exe
0x00007ffbff650000 - 0x00007ffbff864000 	C:\WINDOWS\SYSTEM32\ntdll.dll
0x00007ffbfd610000 - 0x00007ffbfd6d4000 	C:\WINDOWS\System32\KERNEL32.DLL
0x00007ffbfcea0000 - 0x00007ffbfd244000 	C:\WINDOWS\System32\KERNELBASE.dll
0x00007ffbfcb70000 - 0x00007ffbfcc81000 	C:\WINDOWS\System32\ucrtbase.dll
0x00007ffbe2dd0000 - 0x00007ffbe2deb000 	C:\Program Files\Android\Android Studio1\jbr\bin\VCRUNTIME140.dll
0x00007ffbd7530000 - 0x00007ffbd7547000 	C:\Program Files\Android\Android Studio1\jbr\bin\jli.dll
0x00007ffbfe3c0000 - 0x00007ffbfe56e000 	C:\WINDOWS\System32\USER32.dll
0x00007ffbfce70000 - 0x00007ffbfce96000 	C:\WINDOWS\System32\win32u.dll
0x00007ffbe58b0000 - 0x00007ffbe5b43000 	C:\WINDOWS\WinSxS\amd64_microsoft.windows.common-controls_6595b64144ccf1df_6.0.22621.2215_none_270d72677387dfc3\COMCTL32.dll
0x00007ffbfe7f0000 - 0x00007ffbfe897000 	C:\WINDOWS\System32\msvcrt.dll
0x00007ffbff220000 - 0x00007ffbff249000 	C:\WINDOWS\System32\GDI32.dll
0x00007ffbfd250000 - 0x00007ffbfd368000 	C:\WINDOWS\System32\gdi32full.dll
0x00007ffbfcd50000 - 0x00007ffbfcdea000 	C:\WINDOWS\System32\msvcp_win.dll
0x00007ffbfe0c0000 - 0x00007ffbfe0f1000 	C:\WINDOWS\System32\IMM32.DLL
0x00007ffbf31c0000 - 0x00007ffbf31cc000 	C:\Program Files\Android\Android Studio1\jbr\bin\vcruntime140_1.dll
0x00007ffbe09f0000 - 0x00007ffbe0a7d000 	C:\Program Files\Android\Android Studio1\jbr\bin\msvcp140.dll
0x00007ffb733b0000 - 0x00007ffb7401e000 	C:\Program Files\Android\Android Studio1\jbr\bin\server\jvm.dll
0x00007ffbfdf20000 - 0x00007ffbfdfd0000 	C:\WINDOWS\System32\ADVAPI32.dll
0x00007ffbfe160000 - 0x00007ffbfe206000 	C:\WINDOWS\System32\sechost.dll
0x00007ffbfd4f0000 - 0x00007ffbfd607000 	C:\WINDOWS\System32\RPCRT4.dll
0x00007ffbede00000 - 0x00007ffbede34000 	C:\WINDOWS\SYSTEM32\WINMM.dll
0x00007ffbd4a10000 - 0x00007ffbd4a19000 	C:\WINDOWS\SYSTEM32\WSOCK32.dll
0x00007ffbeab90000 - 0x00007ffbeab9a000 	C:\WINDOWS\SYSTEM32\VERSION.dll
0x00007ffbfd3e0000 - 0x00007ffbfd451000 	C:\WINDOWS\System32\WS2_32.dll
0x00007ffbfbb40000 - 0x00007ffbfbb58000 	C:\WINDOWS\SYSTEM32\kernel.appcore.dll
0x00007ffbf30a0000 - 0x00007ffbf30aa000 	C:\Program Files\Android\Android Studio1\jbr\bin\jimage.dll
0x00007ffbfa1e0000 - 0x00007ffbfa40e000 	C:\WINDOWS\SYSTEM32\DBGHELP.DLL
0x00007ffbff260000 - 0x00007ffbff5ea000 	C:\WINDOWS\System32\combase.dll
0x00007ffbff040000 - 0x00007ffbff117000 	C:\WINDOWS\System32\OLEAUT32.dll
0x00007ffbea8e0000 - 0x00007ffbea912000 	C:\WINDOWS\SYSTEM32\dbgcore.DLL
0x00007ffbfcdf0000 - 0x00007ffbfce6a000 	C:\WINDOWS\System32\bcryptPrimitives.dll
0x00007ffbedf80000 - 0x00007ffbedfa5000 	C:\Program Files\Android\Android Studio1\jbr\bin\java.dll
0x00007ffbf2aa0000 - 0x00007ffbf2ab8000 	C:\Program Files\Android\Android Studio1\jbr\bin\zip.dll
0x00007ffbfd6f0000 - 0x00007ffbfdf13000 	C:\WINDOWS\System32\SHELL32.dll
0x00007ffbfa950000 - 0x00007ffbfb23a000 	C:\WINDOWS\SYSTEM32\windows.storage.dll
0x00007ffbfa810000 - 0x00007ffbfa94e000 	C:\WINDOWS\SYSTEM32\wintypes.dll
0x00007ffbfef40000 - 0x00007ffbff033000 	C:\WINDOWS\System32\SHCORE.dll
0x00007ffbfe100000 - 0x00007ffbfe15e000 	C:\WINDOWS\System32\shlwapi.dll
0x00007ffbfc930000 - 0x00007ffbfc956000 	C:\WINDOWS\SYSTEM32\profapi.dll
0x00007ffbedf30000 - 0x00007ffbedf49000 	C:\Program Files\Android\Android Studio1\jbr\bin\net.dll
0x00007ffbf41d0000 - 0x00007ffbf4307000 	C:\WINDOWS\SYSTEM32\WINHTTP.dll
0x00007ffbfbfc0000 - 0x00007ffbfc029000 	C:\WINDOWS\system32\mswsock.dll
0x00007ffbedf10000 - 0x00007ffbedf26000 	C:\Program Files\Android\Android Studio1\jbr\bin\nio.dll
0x00007ffbeded0000 - 0x00007ffbedee0000 	C:\Program Files\Android\Android Studio1\jbr\bin\verify.dll
0x00007ffbcb390000 - 0x00007ffbcb3b7000 	C:\Users\acer\.gradle\native\68d5fa5c4cc2d200863cafc0d521ce42e7d3e7ee720ec0a83991735586a16f82\windows-amd64\native-platform.dll
0x00007ffbe08a0000 - 0x00007ffbe09e4000 	C:\Users\acer\.gradle\native\e376f236ea51e6404a007f0833ffe2c6e607c4080706a723a18a27aeea778392\windows-amd64\native-platform-file-events.dll
0x00007ffbedec0000 - 0x00007ffbedec9000 	C:\Program Files\Android\Android Studio1\jbr\bin\management.dll
0x00007ffbede90000 - 0x00007ffbede9b000 	C:\Program Files\Android\Android Studio1\jbr\bin\management_ext.dll
0x00007ffbfe210000 - 0x00007ffbfe218000 	C:\WINDOWS\System32\PSAPI.DLL
0x00007ffbfc210000 - 0x00007ffbfc22b000 	C:\WINDOWS\SYSTEM32\CRYPTSP.dll
0x00007ffbfba90000 - 0x00007ffbfbac5000 	C:\WINDOWS\system32\rsaenh.dll
0x00007ffbfc0b0000 - 0x00007ffbfc0dc000 	C:\WINDOWS\SYSTEM32\USERENV.dll
0x00007ffbfc3b0000 - 0x00007ffbfc3d8000 	C:\WINDOWS\SYSTEM32\bcrypt.dll
0x00007ffbfc230000 - 0x00007ffbfc23c000 	C:\WINDOWS\SYSTEM32\CRYPTBASE.dll
0x00007ffbfb550000 - 0x00007ffbfb57d000 	C:\WINDOWS\SYSTEM32\IPHLPAPI.DLL
0x00007ffbfe6e0000 - 0x00007ffbfe6e9000 	C:\WINDOWS\System32\NSI.dll
0x00007ffbf3250000 - 0x00007ffbf3269000 	C:\WINDOWS\SYSTEM32\dhcpcsvc6.DLL
0x00007ffbf3200000 - 0x00007ffbf321f000 	C:\WINDOWS\SYSTEM32\dhcpcsvc.DLL
0x00007ffbfb580000 - 0x00007ffbfb672000 	C:\WINDOWS\SYSTEM32\DNSAPI.dll
0x00007ffbab1e0000 - 0x00007ffbab1e8000 	C:\WINDOWS\system32\wshunix.dll
0x00007ffbe5890000 - 0x00007ffbe58a7000 	C:\WINDOWS\system32\napinsp.dll
0x00007ffbe5840000 - 0x00007ffbe585b000 	C:\WINDOWS\system32\pnrpnsp.dll
0x00007ffbe5820000 - 0x00007ffbe5831000 	C:\WINDOWS\System32\winrnr.dll
0x00007ffbe5800000 - 0x00007ffbe5815000 	C:\WINDOWS\system32\wshbth.dll
0x00007ffbe57d0000 - 0x00007ffbe57f1000 	C:\WINDOWS\system32\nlansp_c.dll
0x00000000538a0000 - 0x00000000538c6000 	C:\Program Files\Bonjour\mdnsNSP.dll
0x00007ffbf26c0000 - 0x00007ffbf26ca000 	C:\Windows\System32\rasadhlp.dll
0x00007ffbedc40000 - 0x00007ffbedcc4000 	C:\WINDOWS\System32\fwpuclnt.dll
0x00007ffbf31e0000 - 0x00007ffbf31fe000 	C:\Users\acer\AppData\Local\Temp\native-platform12831213534589091896dir\native-platform.dll
0x00007ffbf31d0000 - 0x00007ffbf31d7000 	C:\Program Files\Android\Android Studio1\jbr\bin\rmi.dll

dbghelp: loaded successfully - version: 4.0.5 - missing functions: none
symbol engine: initialized successfully - sym options: 0x614 - pdb path: .;C:\Program Files\Android\Android Studio1\jbr\bin;C:\WINDOWS\SYSTEM32;C:\WINDOWS\WinSxS\amd64_microsoft.windows.common-controls_6595b64144ccf1df_6.0.22621.2215_none_270d72677387dfc3;C:\Program Files\Android\Android Studio1\jbr\bin\server;C:\Users\acer\.gradle\native\68d5fa5c4cc2d200863cafc0d521ce42e7d3e7ee720ec0a83991735586a16f82\windows-amd64;C:\Users\acer\.gradle\native\e376f236ea51e6404a007f0833ffe2c6e607c4080706a723a18a27aeea778392\windows-amd64;C:\Program Files\Bonjour;C:\Users\acer\AppData\Local\Temp\native-platform12831213534589091896dir

VM Arguments:
jvm_args: --add-opens=java.base/java.util=ALL-UNNAMED --add-opens=java.base/java.lang=ALL-UNNAMED --add-opens=java.base/java.lang.invoke=ALL-UNNAMED --add-opens=java.prefs/java.util.prefs=ALL-UNNAMED --add-opens=java.base/java.nio.charset=ALL-UNNAMED --add-opens=java.base/java.net=ALL-UNNAMED --add-opens=java.base/java.util.concurrent.atomic=ALL-UNNAMED -Xmx2048m -Dfile.encoding=UTF-8 -Duser.country=ID -Duser.language=en -Duser.variant 
java_command: org.gradle.launcher.daemon.bootstrap.GradleDaemon 8.0
java_class_path (initial): C:\Users\acer\.gradle\wrapper\dists\gradle-8.0-bin\ca5e32bp14vu59qr306oxotwh\gradle-8.0\lib\gradle-launcher-8.0.jar
Launcher Type: SUN_STANDARD

[Global flags]
     intx CICompilerCount                          = 4                                         {product} {ergonomic}
     uint ConcGCThreads                            = 2                                         {product} {ergonomic}
     uint G1ConcRefinementThreads                  = 8                                         {product} {ergonomic}
   size_t G1HeapRegionSize                         = 1048576                                   {product} {ergonomic}
    uintx GCDrainStackTargetSize                   = 64                                        {product} {ergonomic}
   size_t InitialHeapSize                          = 266338304                                 {product} {ergonomic}
   size_t MarkStackSize                            = 4194304                                   {product} {ergonomic}
   size_t MaxHeapSize                              = 2147483648                                {product} {command line}
   size_t MaxNewSize                               = 1287651328                                {product} {ergonomic}
   size_t MinHeapDeltaBytes                        = 1048576                                   {product} {ergonomic}
   size_t MinHeapSize                              = 8388608                                   {product} {ergonomic}
    uintx NonNMethodCodeHeapSize                   = 5839372                                {pd product} {ergonomic}
    uintx NonProfiledCodeHeapSize                  = 122909434                              {pd product} {ergonomic}
    uintx ProfiledCodeHeapSize                     = 122909434                              {pd product} {ergonomic}
    uintx ReservedCodeCacheSize                    = 251658240                              {pd product} {ergonomic}
     bool SegmentedCodeCache                       = true                                      {product} {ergonomic}
   size_t SoftMaxHeapSize                          = 2147483648                             {manageable} {ergonomic}
     bool UseCompressedClassPointers               = true                           {product lp64_product} {ergonomic}
     bool UseCompressedOops                        = true                           {product lp64_product} {ergonomic}
     bool UseG1GC                                  = true                                      {product} {ergonomic}
     bool UseLargePagesIndividualAllocation        = false                                  {pd product} {ergonomic}

Logging:
Log output configuration:
 #0: stdout all=warning uptime,level,tags
 #1: stderr all=off uptime,level,tags

Environment Variables:
JAVA_HOME=C:\Program Files (x86)\Open JavaSDK\jdk-18.0.2.1
PATH=C:\Program Files\Common Files\Oracle\Java\javapath;C:\Program Files (x86)\Common Files\Oracle\Java\javapath;C:\Users\acer\AppData\Local\Programs\Python\Python311\Scripts\;C:\Program Files (x86)\Open JavaSDK\jdk-18.0.2.1\bin;C:\Program Files (x86)\Common Files\Intel\Shared Libraries\redist\intel64\compiler;C:\Windows\system32;C:\Windows;C:\Windows\System32\Wbem;C:\Windows\System32\WindowsPowerShell\v1.0\;C:\Windows\System32\OpenSSH\;C:\Program Files (x86)\NVIDIA Corporation\PhysX\Common;C:\Program Files\NVIDIA Corporation\NVIDIA NvDLISR;C:\WINDOWS\system32;C:\WINDOWS;C:\WINDOWS\System32\Wbem;C:\WINDOWS\System32\WindowsPowerShell\v1.0\;C:\Program Files\dotnet\;C:\Program Files\MySQL\MySQL Server 8.0\bin;C:\Program Files\Git\cmd;C:\WINDOWS\System32\OpenSSH\;C:\ProgramData\ComposerSetup\bin;C:\Program Files\Java\jdk-20\bin;C:\MinGW\bin;C:\Program Files\nodejs\;C:\Program Files\cmdline-tools\bin;C:\gradle-8.3\bin;C:\Program Files\Cloudflare\Cloudflare WARP\;C:\ProgramData\chocolatey\bin;C:\Users\acer\AppData\Local\Programs\Python\Python38\Scripts\;C:\Users\acer\AppData\Local\Programs\Python\Python38\;C:\Users\acer\.console-ninja\.bin;C:\Users\acer\AppData\Local\Programs\Python\Python311\Scripts\;C:\Users\acer\AppData\Local\Programs\Python\Python311\;C:\Users\acer\AppData\Local\Programs\Python\Python310\Scripts\;C:\Users\acer\AppData\Local\Programs\Python\Python310\;C:\Program Files\MySQL\MySQL Shell 8.0\bin\;C:\Users\acer\AppData\Local\Microsoft\WindowsApps;C:\Users\acer\AppData\Local\Programs\Microsoft VS Code\bin;C:\Users\acer\.dotnet\tools;C:\Program Files\JetBrains\IntelliJ IDEA Community Edition 2022.2.1\bin;C:\Program Files\nodejs;C:\Program Files (x86)\Nmap;C:\Users\acer\AppData\Local\mongodb\mongosh-1.6.0-win32-x64\bin;C:\Users\acer\AppData\Local\spicetify;C:\Program Files\PHP;C:\Users\acer\AppData\Roaming\Composer\vendor\bin;C:\Users\acer\AppData\Roaming\npm;C:\Users\acer\AppData\Local\Programs\Julia-1.9.3\bin;C:\flutter\bin;C:\tools\dart-sdk\bin;C:\Users\acer
USERNAME=acer
OS=Windows_NT
PROCESSOR_IDENTIFIER=Intel64 Family 6 Model 140 Stepping 1, GenuineIntel
TMP=C:\Users\acer\AppData\Local\Temp
TEMP=C:\Users\acer\AppData\Local\Temp


JNI global refs:
JNI global refs: 29, weak refs: 0

JNI global refs memory usage: 843, weak refs: 841


---------------  S Y S T E M  ---------------

OS:
 Windows 11 , 64 bit Build 22621 (10.0.22621.2215)
OS uptime: 0 days 12:42 hours
Hyper-V role detected

CPU: total 8 (initial active 8) (4 cores per cpu, 2 threads per core) family 6 model 140 stepping 1 microcode 0x86, cx8, cmov, fxsr, ht, mmx, 3dnowpref, sse, sse2, sse3, ssse3, sse4.1, sse4.2, popcnt, lzcnt, tsc, tscinvbit, avx, avx2, aes, erms, clmul, bmi1, bmi2, adx, avx512f, avx512dq, avx512cd, avx512bw, avx512vl, sha, fma, vzeroupper, avx512_vpopcntdq, avx512_vpclmulqdq, avx512_vaes, avx512_vnni, clflush, clflushopt, clwb, avx512_vbmi2, avx512_vbmi, hv

Memory: 4k page, system-wide physical 16179M (3355M free)
TotalPageFile size 16179M (AvailPageFile size 6M)
current process WorkingSet (physical memory assigned to process): 588M, peak: 594M
current process commit charge ("private bytes"): 671M, peak: 673M

vm_info: OpenJDK 64-Bit Server VM (17.0.6+0-b2043.56-10027231) for windows-amd64 JRE (17.0.6+0-b2043.56-10027231), built on Apr 28 2023 00:43:19 by "androidbuild" with MS VC++ 16.10 / 16.11 (VS2019)

END.
